Sun Dec 18 21:49:09 2022: Running xcd server. This server was built by gradle.
Sun Dec 18 21:49:09 2022: Server was asked to start on port: '46771'
Sun Dec 18 21:49:09 2022: Server is using token UUID: '85bb3132-5054-420b-a58e-3471c9f59551'
Sun Dec 18 21:49:09 2022: SESSION_MGR: creating session with session uuid: '6d04a3e9-ade5-4ab9-8d63-1f78fcd2ec76' and name 'default'
Sun Dec 18 21:49:09 2022: Attempting to start server on port '46771'
Sun Dec 18 21:49:09 2022: XCD main fifo: created main fifo '/tmp/xcdmain85bb3132-5054-420b-a58e-3471c9f59551', fd read = 13
Sun Dec 18 21:49:09 2022: Running Dispatch Server
Sun Dec 18 21:49:09 2022: Version 2.2.0
Sun Dec 18 21:49:18 2022: Dispatch Server: Accepted socket connection from client
Sun Dec 18 21:49:18 2022: Starting Socket connection
Sun Dec 18 21:49:18 2022: EXCHANGE_TOKEN received, server token: 85bb3132-5054-420b-a58e-3471c9f59551, passed token: 85bb3132-5054-420b-a58e-3471c9f59551
Sun Dec 18 21:49:18 2022: SESSION_MGR: creating session with session uuid: '41ebab3a-d0f3-4c9f-a3d0-014260af7f58' and name 'vitis_hls'
Sun Dec 18 21:49:18 2022: KERNEL_SVC: creating session with uuid: '41ebab3a-d0f3-4c9f-a3d0-014260af7f58' and name 'vitis_hls'
Sun Dec 18 21:49:18 2022: GUIDANCE_SMGR: creating guidance session with uuid: '41ebab3a-d0f3-4c9f-a3d0-014260af7f58' and name 'vitis_hls'
Sun Dec 18 21:49:23 2022: STOP_SERVER received, server token: 85bb3132-5054-420b-a58e-3471c9f59551, passed token: 85bb3132-5054-420b-a58e-3471c9f59551
Sun Dec 18 21:49:23 2022: Socket received request to stop server.
Sun Dec 18 21:49:23 2022: Dispatch Server: do_await_stop
Sun Dec 18 21:49:23 2022: Dispatch Server: stopping mainFifo_
Sun Dec 18 21:49:23 2022: XCD main fifo: Stopping
Sun Dec 18 21:49:23 2022: XCD main fifo: do_read error code: Operation canceled
Sun Dec 18 21:49:23 2022: XCD main fifo: bytes_transferred: 0
Sun Dec 18 21:49:23 2022: SERVER: destructor for server bound to port 46771
Sun Dec 18 21:49:23 2022: XCD main fifo: Good unlink of /tmp/xcdmain85bb3132-5054-420b-a58e-3471c9f59551
Sun Dec 18 21:49:23 2022: Server exiting with status 0.
Sun Dec 18 21:49:23 2022: Closing log file.
Sun Dec 18 21:49:41 2022: Running xcd server. This server was built by gradle.
Sun Dec 18 21:49:41 2022: Server was asked to start on port: '34539'
Sun Dec 18 21:49:41 2022: Server is using token UUID: 'b906961c-8c55-4ce2-8375-e2f4d48a58b7'
Sun Dec 18 21:49:41 2022: SESSION_MGR: creating session with session uuid: '6d04a3e9-ade5-4ab9-8d63-1f78fcd2ec76' and name 'default'
Sun Dec 18 21:49:41 2022: Attempting to start server on port '34539'
Sun Dec 18 21:49:41 2022: XCD main fifo: created main fifo '/tmp/xcdmainb906961c-8c55-4ce2-8375-e2f4d48a58b7', fd read = 13
Sun Dec 18 21:49:41 2022: Running Dispatch Server
Sun Dec 18 21:49:41 2022: Version 2.2.0
Sun Dec 18 21:49:50 2022: Dispatch Server: Accepted socket connection from client
Sun Dec 18 21:49:50 2022: Starting Socket connection
Sun Dec 18 21:49:50 2022: EXCHANGE_TOKEN received, server token: b906961c-8c55-4ce2-8375-e2f4d48a58b7, passed token: b906961c-8c55-4ce2-8375-e2f4d48a58b7
Sun Dec 18 21:49:50 2022: SESSION_MGR: creating session with session uuid: '56d832bd-007f-4667-839f-1c362d4be03a' and name 'vitis_hls'
Sun Dec 18 21:49:50 2022: KERNEL_SVC: creating session with uuid: '56d832bd-007f-4667-839f-1c362d4be03a' and name 'vitis_hls'
Sun Dec 18 21:49:50 2022: GUIDANCE_SMGR: creating guidance session with uuid: '56d832bd-007f-4667-839f-1c362d4be03a' and name 'vitis_hls'
Sun Dec 18 21:50:36 2022: STOP_SERVER received, server token: b906961c-8c55-4ce2-8375-e2f4d48a58b7, passed token: b906961c-8c55-4ce2-8375-e2f4d48a58b7
Sun Dec 18 21:50:36 2022: Socket received request to stop server.
Sun Dec 18 21:50:36 2022: Dispatch Server: do_await_stop
Sun Dec 18 21:50:36 2022: Dispatch Server: stopping mainFifo_
Sun Dec 18 21:50:36 2022: XCD main fifo: Stopping
Sun Dec 18 21:50:36 2022: XCD main fifo: do_read error code: Operation canceled
Sun Dec 18 21:50:36 2022: XCD main fifo: bytes_transferred: 0
Sun Dec 18 21:50:36 2022: SERVER: destructor for server bound to port 34539
Sun Dec 18 21:50:36 2022: XCD main fifo: Good unlink of /tmp/xcdmainb906961c-8c55-4ce2-8375-e2f4d48a58b7
Sun Dec 18 21:50:36 2022: Server exiting with status 0.
Sun Dec 18 21:50:36 2022: Closing log file.
Sun Dec 18 21:51:15 2022: Running xcd server. This server was built by gradle.
Sun Dec 18 21:51:15 2022: Server was asked to start on port: '44613'
Sun Dec 18 21:51:15 2022: Server is using token UUID: '50d9a4f0-c657-4b11-9c47-f7c2b67bda47'
Sun Dec 18 21:51:15 2022: SESSION_MGR: creating session with session uuid: '6d04a3e9-ade5-4ab9-8d63-1f78fcd2ec76' and name 'default'
Sun Dec 18 21:51:15 2022: Attempting to start server on port '44613'
Sun Dec 18 21:51:15 2022: XCD main fifo: created main fifo '/tmp/xcdmain50d9a4f0-c657-4b11-9c47-f7c2b67bda47', fd read = 13
Sun Dec 18 21:51:15 2022: Running Dispatch Server
Sun Dec 18 21:51:15 2022: Version 2.2.0
Sun Dec 18 21:51:23 2022: Dispatch Server: Accepted socket connection from client
Sun Dec 18 21:51:23 2022: Starting Socket connection
Sun Dec 18 21:51:23 2022: EXCHANGE_TOKEN received, server token: 50d9a4f0-c657-4b11-9c47-f7c2b67bda47, passed token: 50d9a4f0-c657-4b11-9c47-f7c2b67bda47
Sun Dec 18 21:51:23 2022: SESSION_MGR: creating session with session uuid: '7f8ea2c7-e95b-4f56-ab43-9d95590e2b53' and name 'vitis_hls'
Sun Dec 18 21:51:23 2022: KERNEL_SVC: creating session with uuid: '7f8ea2c7-e95b-4f56-ab43-9d95590e2b53' and name 'vitis_hls'
Sun Dec 18 21:51:23 2022: GUIDANCE_SMGR: creating guidance session with uuid: '7f8ea2c7-e95b-4f56-ab43-9d95590e2b53' and name 'vitis_hls'
Sun Dec 18 21:51:42 2022: STOP_SERVER received, server token: 50d9a4f0-c657-4b11-9c47-f7c2b67bda47, passed token: 50d9a4f0-c657-4b11-9c47-f7c2b67bda47
Sun Dec 18 21:51:42 2022: Socket received request to stop server.
Sun Dec 18 21:51:42 2022: Dispatch Server: do_await_stop
Sun Dec 18 21:51:42 2022: Dispatch Server: stopping mainFifo_
Sun Dec 18 21:51:42 2022: XCD main fifo: Stopping
Sun Dec 18 21:51:42 2022: XCD main fifo: do_read error code: Operation canceled
Sun Dec 18 21:51:42 2022: XCD main fifo: bytes_transferred: 0
Sun Dec 18 21:51:42 2022: SERVER: destructor for server bound to port 44613
Sun Dec 18 21:51:42 2022: XCD main fifo: Good unlink of /tmp/xcdmain50d9a4f0-c657-4b11-9c47-f7c2b67bda47
Sun Dec 18 21:51:42 2022: Server exiting with status 0.
Sun Dec 18 21:51:42 2022: Closing log file.
Thu Dec 22 16:04:14 2022: Running xcd server. This server was built by gradle.
Thu Dec 22 16:04:14 2022: Server was asked to start on port: '44159'
Thu Dec 22 16:04:14 2022: Server is using token UUID: 'e2d3c5a8-b312-4003-befe-13ef2e156bea'
Thu Dec 22 16:04:14 2022: SESSION_MGR: creating session with session uuid: '6d04a3e9-ade5-4ab9-8d63-1f78fcd2ec76' and name 'default'
Thu Dec 22 16:04:14 2022: Attempting to start server on port '44159'
Thu Dec 22 16:04:14 2022: XCD main fifo: created main fifo '/tmp/xcdmaine2d3c5a8-b312-4003-befe-13ef2e156bea', fd read = 13
Thu Dec 22 16:04:14 2022: Running Dispatch Server
Thu Dec 22 16:04:14 2022: Version 2.2.0
Thu Dec 22 16:04:23 2022: Dispatch Server: Accepted socket connection from client
Thu Dec 22 16:04:23 2022: Starting Socket connection
Thu Dec 22 16:04:23 2022: EXCHANGE_TOKEN received, server token: e2d3c5a8-b312-4003-befe-13ef2e156bea, passed token: e2d3c5a8-b312-4003-befe-13ef2e156bea
Thu Dec 22 16:04:23 2022: SESSION_MGR: creating session with session uuid: '1c6dc32e-339c-430b-8a85-aa4a77721796' and name 'vitis_hls'
Thu Dec 22 16:04:23 2022: KERNEL_SVC: creating session with uuid: '1c6dc32e-339c-430b-8a85-aa4a77721796' and name 'vitis_hls'
Thu Dec 22 16:04:23 2022: GUIDANCE_SMGR: creating guidance session with uuid: '1c6dc32e-339c-430b-8a85-aa4a77721796' and name 'vitis_hls'
Thu Dec 22 16:04:29 2022: STOP_SERVER received, server token: e2d3c5a8-b312-4003-befe-13ef2e156bea, passed token: e2d3c5a8-b312-4003-befe-13ef2e156bea
Thu Dec 22 16:04:29 2022: Socket received request to stop server.
Thu Dec 22 16:04:29 2022: Dispatch Server: do_await_stop
Thu Dec 22 16:04:29 2022: Dispatch Server: stopping mainFifo_
Thu Dec 22 16:04:29 2022: XCD main fifo: Stopping
Thu Dec 22 16:04:29 2022: XCD main fifo: do_read error code: Operation canceled
Thu Dec 22 16:04:29 2022: XCD main fifo: bytes_transferred: 0
Thu Dec 22 16:04:29 2022: SERVER: destructor for server bound to port 44159
Thu Dec 22 16:04:29 2022: XCD main fifo: Good unlink of /tmp/xcdmaine2d3c5a8-b312-4003-befe-13ef2e156bea
Thu Dec 22 16:04:29 2022: Server exiting with status 0.
Thu Dec 22 16:04:29 2022: Closing log file.
