Sun Dec 18 20:00:36 2022: Running xcd server. This server was built by gradle.
Sun Dec 18 20:00:36 2022: Server was asked to start on port: '33049'
Sun Dec 18 20:00:36 2022: Server is using token UUID: 'a04d1b2e-fa91-4d56-9e9d-6e17d273631c'
Sun Dec 18 20:00:36 2022: SESSION_MGR: creating session with session uuid: '6d04a3e9-ade5-4ab9-8d63-1f78fcd2ec76' and name 'default'
Sun Dec 18 20:00:36 2022: Attempting to start server on port '33049'
Sun Dec 18 20:00:36 2022: XCD main fifo: created main fifo '/tmp/xcdmaina04d1b2e-fa91-4d56-9e9d-6e17d273631c', fd read = 13
Sun Dec 18 20:00:36 2022: Running Dispatch Server
Sun Dec 18 20:00:36 2022: Version 2.2.0
Sun Dec 18 20:00:45 2022: Dispatch Server: Accepted socket connection from client
Sun Dec 18 20:00:45 2022: Starting Socket connection
Sun Dec 18 20:00:45 2022: EXCHANGE_TOKEN received, server token: a04d1b2e-fa91-4d56-9e9d-6e17d273631c, passed token: a04d1b2e-fa91-4d56-9e9d-6e17d273631c
Sun Dec 18 20:00:45 2022: SESSION_MGR: creating session with session uuid: 'ed224264-67ed-44b8-aad8-876d9cf19c4a' and name 'vitis_hls'
Sun Dec 18 20:00:45 2022: KERNEL_SVC: creating session with uuid: 'ed224264-67ed-44b8-aad8-876d9cf19c4a' and name 'vitis_hls'
Sun Dec 18 20:00:45 2022: GUIDANCE_SMGR: creating guidance session with uuid: 'ed224264-67ed-44b8-aad8-876d9cf19c4a' and name 'vitis_hls'
Sun Dec 18 20:00:50 2022: STOP_SERVER received, server token: a04d1b2e-fa91-4d56-9e9d-6e17d273631c, passed token: a04d1b2e-fa91-4d56-9e9d-6e17d273631c
Sun Dec 18 20:00:50 2022: Socket received request to stop server.
Sun Dec 18 20:00:50 2022: Dispatch Server: do_await_stop
Sun Dec 18 20:00:50 2022: Dispatch Server: stopping mainFifo_
Sun Dec 18 20:00:50 2022: XCD main fifo: Stopping
Sun Dec 18 20:00:50 2022: XCD main fifo: do_read error code: Operation canceled
Sun Dec 18 20:00:50 2022: XCD main fifo: bytes_transferred: 0
Sun Dec 18 20:00:50 2022: SERVER: destructor for server bound to port 33049
Sun Dec 18 20:00:50 2022: XCD main fifo: Good unlink of /tmp/xcdmaina04d1b2e-fa91-4d56-9e9d-6e17d273631c
Sun Dec 18 20:00:50 2022: Server exiting with status 0.
Sun Dec 18 20:00:50 2022: Closing log file.
Sun Dec 18 20:01:39 2022: Running xcd server. This server was built by gradle.
Sun Dec 18 20:01:39 2022: Server was asked to start on port: '44789'
Sun Dec 18 20:01:39 2022: Server is using token UUID: '2e73210c-ab14-4936-bc69-96565407b630'
Sun Dec 18 20:01:39 2022: SESSION_MGR: creating session with session uuid: '6d04a3e9-ade5-4ab9-8d63-1f78fcd2ec76' and name 'default'
Sun Dec 18 20:01:39 2022: Attempting to start server on port '44789'
Sun Dec 18 20:01:39 2022: XCD main fifo: created main fifo '/tmp/xcdmain2e73210c-ab14-4936-bc69-96565407b630', fd read = 13
Sun Dec 18 20:01:39 2022: Running Dispatch Server
Sun Dec 18 20:01:39 2022: Version 2.2.0
Sun Dec 18 20:01:48 2022: Dispatch Server: Accepted socket connection from client
Sun Dec 18 20:01:48 2022: Starting Socket connection
Sun Dec 18 20:01:48 2022: EXCHANGE_TOKEN received, server token: 2e73210c-ab14-4936-bc69-96565407b630, passed token: 2e73210c-ab14-4936-bc69-96565407b630
Sun Dec 18 20:01:48 2022: SESSION_MGR: creating session with session uuid: '8d4c5dcb-3489-4f5b-b37a-a226873d65a4' and name 'vitis_hls'
Sun Dec 18 20:01:48 2022: KERNEL_SVC: creating session with uuid: '8d4c5dcb-3489-4f5b-b37a-a226873d65a4' and name 'vitis_hls'
Sun Dec 18 20:01:48 2022: GUIDANCE_SMGR: creating guidance session with uuid: '8d4c5dcb-3489-4f5b-b37a-a226873d65a4' and name 'vitis_hls'
Sun Dec 18 20:02:31 2022: STOP_SERVER received, server token: 2e73210c-ab14-4936-bc69-96565407b630, passed token: 2e73210c-ab14-4936-bc69-96565407b630
Sun Dec 18 20:02:31 2022: Socket received request to stop server.
Sun Dec 18 20:02:31 2022: Dispatch Server: do_await_stop
Sun Dec 18 20:02:31 2022: Dispatch Server: stopping mainFifo_
Sun Dec 18 20:02:31 2022: XCD main fifo: Stopping
Sun Dec 18 20:02:31 2022: XCD main fifo: do_read error code: Operation canceled
Sun Dec 18 20:02:31 2022: XCD main fifo: bytes_transferred: 0
Sun Dec 18 20:02:31 2022: SERVER: destructor for server bound to port 44789
Sun Dec 18 20:02:31 2022: XCD main fifo: Good unlink of /tmp/xcdmain2e73210c-ab14-4936-bc69-96565407b630
Sun Dec 18 20:02:31 2022: Server exiting with status 0.
Sun Dec 18 20:02:31 2022: Closing log file.
Sun Dec 18 20:05:11 2022: Running xcd server. This server was built by gradle.
Sun Dec 18 20:05:11 2022: Server was asked to start on port: '35647'
Sun Dec 18 20:05:11 2022: Server is using token UUID: '26895608-25f6-4c19-81b4-5a18cb766b13'
Sun Dec 18 20:05:11 2022: SESSION_MGR: creating session with session uuid: '6d04a3e9-ade5-4ab9-8d63-1f78fcd2ec76' and name 'default'
Sun Dec 18 20:05:11 2022: Attempting to start server on port '35647'
Sun Dec 18 20:05:11 2022: XCD main fifo: created main fifo '/tmp/xcdmain26895608-25f6-4c19-81b4-5a18cb766b13', fd read = 13
Sun Dec 18 20:05:11 2022: Running Dispatch Server
Sun Dec 18 20:05:11 2022: Version 2.2.0
Sun Dec 18 20:05:20 2022: Dispatch Server: Accepted socket connection from client
Sun Dec 18 20:05:20 2022: Starting Socket connection
Sun Dec 18 20:05:20 2022: EXCHANGE_TOKEN received, server token: 26895608-25f6-4c19-81b4-5a18cb766b13, passed token: 26895608-25f6-4c19-81b4-5a18cb766b13
Sun Dec 18 20:05:20 2022: SESSION_MGR: creating session with session uuid: 'e45ed483-83b3-40c7-8e5c-c703c37bb764' and name 'vitis_hls'
Sun Dec 18 20:05:20 2022: KERNEL_SVC: creating session with uuid: 'e45ed483-83b3-40c7-8e5c-c703c37bb764' and name 'vitis_hls'
Sun Dec 18 20:05:20 2022: GUIDANCE_SMGR: creating guidance session with uuid: 'e45ed483-83b3-40c7-8e5c-c703c37bb764' and name 'vitis_hls'
Sun Dec 18 20:05:37 2022: STOP_SERVER received, server token: 26895608-25f6-4c19-81b4-5a18cb766b13, passed token: 26895608-25f6-4c19-81b4-5a18cb766b13
Sun Dec 18 20:05:37 2022: Socket received request to stop server.
Sun Dec 18 20:05:37 2022: Dispatch Server: do_await_stop
Sun Dec 18 20:05:37 2022: Dispatch Server: stopping mainFifo_
Sun Dec 18 20:05:37 2022: XCD main fifo: Stopping
Sun Dec 18 20:05:37 2022: XCD main fifo: do_read error code: Operation canceled
Sun Dec 18 20:05:37 2022: XCD main fifo: bytes_transferred: 0
Sun Dec 18 20:05:37 2022: SERVER: destructor for server bound to port 35647
Sun Dec 18 20:05:37 2022: XCD main fifo: Good unlink of /tmp/xcdmain26895608-25f6-4c19-81b4-5a18cb766b13
Sun Dec 18 20:05:37 2022: Server exiting with status 0.
Sun Dec 18 20:05:37 2022: Closing log file.
