Mon Feb 27 10:42:48 2023: Running xcd server. This server was built by gradle.
Mon Feb 27 10:42:48 2023: Server was asked to start on port: '33489'
Mon Feb 27 10:42:48 2023: Server is using token UUID: '9c9d754e-0be1-4152-abbd-71b9215faddd'
Mon Feb 27 10:42:48 2023: SESSION_MGR: creating session with session uuid: '6d04a3e9-ade5-4ab9-8d63-1f78fcd2ec76' and name 'default'
Mon Feb 27 10:42:48 2023: Attempting to start server on port '33489'
Mon Feb 27 10:42:48 2023: XCD main fifo: created main fifo '/tmp/xcdmain9c9d754e-0be1-4152-abbd-71b9215faddd', fd read = 13
Mon Feb 27 10:42:48 2023: Running Dispatch Server
Mon Feb 27 10:42:48 2023: Version 2.2.0
Mon Feb 27 10:42:57 2023: Dispatch Server: Accepted socket connection from client
Mon Feb 27 10:42:57 2023: Starting Socket connection
Mon Feb 27 10:42:57 2023: EXCHANGE_TOKEN received, server token: 9c9d754e-0be1-4152-abbd-71b9215faddd, passed token: 9c9d754e-0be1-4152-abbd-71b9215faddd
Mon Feb 27 10:42:57 2023: SESSION_MGR: creating session with session uuid: '1ac0ceb6-8406-4936-9c63-5cd0acb2f038' and name 'vitis_hls'
Mon Feb 27 10:42:57 2023: KERNEL_SVC: creating session with uuid: '1ac0ceb6-8406-4936-9c63-5cd0acb2f038' and name 'vitis_hls'
Mon Feb 27 10:42:57 2023: GUIDANCE_SMGR: creating guidance session with uuid: '1ac0ceb6-8406-4936-9c63-5cd0acb2f038' and name 'vitis_hls'
Mon Feb 27 10:43:31 2023: STOP_SERVER received, server token: 9c9d754e-0be1-4152-abbd-71b9215faddd, passed token: 9c9d754e-0be1-4152-abbd-71b9215faddd
Mon Feb 27 10:43:31 2023: Socket received request to stop server.
Mon Feb 27 10:43:31 2023: Dispatch Server: do_await_stop
Mon Feb 27 10:43:31 2023: Dispatch Server: stopping mainFifo_
Mon Feb 27 10:43:31 2023: XCD main fifo: Stopping
Mon Feb 27 10:43:31 2023: XCD main fifo: do_read error code: Operation canceled
Mon Feb 27 10:43:31 2023: XCD main fifo: bytes_transferred: 0
Mon Feb 27 10:43:31 2023: SERVER: destructor for server bound to port 33489
Mon Feb 27 10:43:31 2023: XCD main fifo: Good unlink of /tmp/xcdmain9c9d754e-0be1-4152-abbd-71b9215faddd
Mon Feb 27 10:43:31 2023: Server exiting with status 0.
Mon Feb 27 10:43:31 2023: Closing log file.
Mon Feb 27 10:43:47 2023: Running xcd server. This server was built by gradle.
Mon Feb 27 10:43:47 2023: Server was asked to start on port: '34881'
Mon Feb 27 10:43:47 2023: Server is using token UUID: '30dd3a2e-1447-4892-ba22-3e19d592c1f2'
Mon Feb 27 10:43:47 2023: SESSION_MGR: creating session with session uuid: '6d04a3e9-ade5-4ab9-8d63-1f78fcd2ec76' and name 'default'
Mon Feb 27 10:43:47 2023: Attempting to start server on port '34881'
Mon Feb 27 10:43:47 2023: XCD main fifo: created main fifo '/tmp/xcdmain30dd3a2e-1447-4892-ba22-3e19d592c1f2', fd read = 13
Mon Feb 27 10:43:47 2023: Running Dispatch Server
Mon Feb 27 10:43:47 2023: Version 2.2.0
Mon Feb 27 10:43:56 2023: Dispatch Server: Accepted socket connection from client
Mon Feb 27 10:43:56 2023: Starting Socket connection
Mon Feb 27 10:43:56 2023: EXCHANGE_TOKEN received, server token: 30dd3a2e-1447-4892-ba22-3e19d592c1f2, passed token: 30dd3a2e-1447-4892-ba22-3e19d592c1f2
Mon Feb 27 10:43:56 2023: SESSION_MGR: creating session with session uuid: '4fc74999-dca0-4bab-b28f-ba0fd4342f19' and name 'vitis_hls'
Mon Feb 27 10:43:56 2023: KERNEL_SVC: creating session with uuid: '4fc74999-dca0-4bab-b28f-ba0fd4342f19' and name 'vitis_hls'
Mon Feb 27 10:43:56 2023: GUIDANCE_SMGR: creating guidance session with uuid: '4fc74999-dca0-4bab-b28f-ba0fd4342f19' and name 'vitis_hls'
Mon Feb 27 10:44:18 2023: STOP_SERVER received, server token: 30dd3a2e-1447-4892-ba22-3e19d592c1f2, passed token: 30dd3a2e-1447-4892-ba22-3e19d592c1f2
Mon Feb 27 10:44:18 2023: Socket received request to stop server.
Mon Feb 27 10:44:18 2023: Dispatch Server: do_await_stop
Mon Feb 27 10:44:18 2023: Dispatch Server: stopping mainFifo_
Mon Feb 27 10:44:18 2023: XCD main fifo: Stopping
Mon Feb 27 10:44:18 2023: XCD main fifo: do_read error code: Operation canceled
Mon Feb 27 10:44:18 2023: XCD main fifo: bytes_transferred: 0
Mon Feb 27 10:44:18 2023: SERVER: destructor for server bound to port 34881
Mon Feb 27 10:44:18 2023: XCD main fifo: Good unlink of /tmp/xcdmain30dd3a2e-1447-4892-ba22-3e19d592c1f2
Mon Feb 27 10:44:18 2023: Server exiting with status 0.
Mon Feb 27 10:44:18 2023: Closing log file.
