

================================================================
== Vitis HLS Report for 'cnn_top_Pipeline_VITIS_LOOP_2835_1_VITIS_LOOP_2838_2'
================================================================
* Date:           Mon Feb 27 10:43:15 2023

* Version:        2022.2 (Build 3670227 on Oct 13 2022)
* Project:        cnnlite_ip
* Solution:       solution2 (Vivado IP Flow Target)
* Product family: zynq
* Target device:  xc7z020-clg400-1


================================================================
== Performance Estimates
================================================================
+ Timing: 
    * Summary: 
    +--------+----------+----------+------------+
    |  Clock |  Target  | Estimated| Uncertainty|
    +--------+----------+----------+------------+
    |ap_clk  |  10.00 ns|  7.256 ns|     2.70 ns|
    +--------+----------+----------+------------+

+ Latency: 
    * Summary: 
    +---------+---------+----------+----------+-------+-------+---------+
    |  Latency (cycles) |  Latency (absolute) |    Interval   | Pipeline|
    |   min   |   max   |    min   |    max   |  min  |  max  |   Type  |
    +---------+---------+----------+----------+-------+-------+---------+
    |    75279|    75279|  0.753 ms|  0.753 ms|  75279|  75279|       no|
    +---------+---------+----------+----------+-------+-------+---------+

    + Detail: 
        * Instance: 
        N/A

        * Loop: 
        +---------------------------------------+---------+---------+----------+-----------+-----------+-------+----------+
        |                                       |  Latency (cycles) | Iteration|  Initiation Interval  |  Trip |          |
        |               Loop Name               |   min   |   max   |  Latency |  achieved |   target  | Count | Pipelined|
        +---------------------------------------+---------+---------+----------+-----------+-----------+-------+----------+
        |- VITIS_LOOP_2835_1_VITIS_LOOP_2838_2  |    75277|    75277|        20|          6|          1|  12544|       yes|
        +---------------------------------------+---------+---------+----------+-----------+-----------+-------+----------+

============================================================
+ Verbose Summary: Synthesis Manager
============================================================
InlineROM: 1
ExposeGlobal: 0
============================================================
+ Verbose Summary: CDFG Model
============================================================
IsTopModel: 0
ResetActiveHigh: 1
IsCombinational: 0
IsDatapathOnly: 0
HasWiredReturn: 1
HasMFsm: 2
HasVarLatency: 1
IsPipeline: 0
IsRtlPipelined: 0
IsInstanceOverlapped: 0
IsDontTouch: 0
HasImplIP: 0
IsGatedGlobalClock: 0

+ Individual pipeline summary: 
  * Pipeline-0: initiation interval (II) = 6, depth = 20


============================================================
+ Verbose Summary: Schedule
============================================================
* Number of FSM states : 20
* Pipeline : 1
  Pipeline-0 : II = 6, D = 20, States = { 1 2 3 4 5 6 7 8 9 10 11 12 13 14 15 16 17 18 19 20 }
* Dataflow Pipeline: 0

* FSM state transitions: 
1 --> 2 
2 --> 3 
3 --> 4 
4 --> 5 
5 --> 6 
6 --> 7 
7 --> 8 
8 --> 9 
9 --> 10 
10 --> 11 
11 --> 12 
12 --> 13 
13 --> 14 
14 --> 15 
15 --> 16 
16 --> 17 
17 --> 18 
18 --> 19 
19 --> 20 
20 --> 

* FSM state operations: 

State 1 <SV = 0> <Delay = 5.88>
ST_1 : Operation 23 [1/1] (0.00ns)   --->   "%sum = alloca i32 1"   --->   Operation 23 'alloca' 'sum' <Predicate = true> <Delay = 0.00>
ST_1 : Operation 24 [1/1] (0.00ns)   --->   "%j = alloca i32 1"   --->   Operation 24 'alloca' 'j' <Predicate = true> <Delay = 0.00>
ST_1 : Operation 25 [1/1] (0.00ns)   --->   "%i_4 = alloca i32 1"   --->   Operation 25 'alloca' 'i_4' <Predicate = true> <Delay = 0.00>
ST_1 : Operation 26 [1/1] (0.00ns)   --->   "%indvar_flatten = alloca i32 1"   --->   Operation 26 'alloca' 'indvar_flatten' <Predicate = true> <Delay = 0.00>
ST_1 : Operation 27 [1/1] (1.58ns)   --->   "%store_ln0 = store i14 0, i14 %indvar_flatten"   --->   Operation 27 'store' 'store_ln0' <Predicate = true> <Delay = 1.58>
ST_1 : Operation 28 [1/1] (1.58ns)   --->   "%store_ln0 = store i6 0, i6 %i_4"   --->   Operation 28 'store' 'store_ln0' <Predicate = true> <Delay = 1.58>
ST_1 : Operation 29 [1/1] (1.58ns)   --->   "%store_ln0 = store i9 0, i9 %j"   --->   Operation 29 'store' 'store_ln0' <Predicate = true> <Delay = 1.58>
ST_1 : Operation 30 [1/1] (1.58ns)   --->   "%store_ln0 = store i32 0, i32 %sum"   --->   Operation 30 'store' 'store_ln0' <Predicate = true> <Delay = 1.58>
ST_1 : Operation 31 [1/1] (0.00ns)   --->   "%br_ln0 = br void %for.inc.i"   --->   Operation 31 'br' 'br_ln0' <Predicate = true> <Delay = 0.00>
ST_1 : Operation 32 [1/1] (0.00ns)   --->   "%indvar_flatten_load = load i14 %indvar_flatten" [cnnlite_ip/src/cnn.c:2835]   --->   Operation 32 'load' 'indvar_flatten_load' <Predicate = true> <Delay = 0.00>
ST_1 : Operation 33 [1/1] (0.00ns)   --->   "%specpipeline_ln0 = specpipeline void @_ssdm_op_SpecPipeline, i32 4294967295, i32 0, i32 1, i32 0, void @p_str"   --->   Operation 33 'specpipeline' 'specpipeline_ln0' <Predicate = true> <Delay = 0.00>
ST_1 : Operation 34 [1/1] (2.20ns)   --->   "%icmp_ln2835 = icmp_eq  i14 %indvar_flatten_load, i14 12544" [cnnlite_ip/src/cnn.c:2835]   --->   Operation 34 'icmp' 'icmp_ln2835' <Predicate = true> <Delay = 2.20> <CoreInst = "Cmp">   --->   Core 9 'Cmp' <Latency = 0> <II = 1> <Delay = 2.20> <FuncUnit> <Opcode : 'icmp'> <InPorts = 2> <OutPorts = 1>
ST_1 : Operation 35 [1/1] (1.81ns)   --->   "%add_ln2835 = add i14 %indvar_flatten_load, i14 1" [cnnlite_ip/src/cnn.c:2835]   --->   Operation 35 'add' 'add_ln2835' <Predicate = true> <Delay = 1.81> <CoreInst = "Adder">   --->   Core 1 'Adder' <Latency = 0> <II = 1> <Delay = 1.81> <FuncUnit> <Opcode : 'add' 'sub'> <InPorts = 2> <OutPorts = 1>
ST_1 : Operation 36 [1/1] (0.00ns)   --->   "%br_ln2835 = br i1 %icmp_ln2835, void %for.inc11.loopexit.i, void %for.body.i20.preheader.exitStub" [cnnlite_ip/src/cnn.c:2835]   --->   Operation 36 'br' 'br_ln2835' <Predicate = true> <Delay = 0.00>
ST_1 : Operation 37 [1/1] (0.00ns)   --->   "%j_load = load i9 %j" [cnnlite_ip/src/cnn.c:2838]   --->   Operation 37 'load' 'j_load' <Predicate = (!icmp_ln2835)> <Delay = 0.00>
ST_1 : Operation 38 [1/1] (0.00ns)   --->   "%i_4_load = load i6 %i_4" [cnnlite_ip/src/cnn.c:2835]   --->   Operation 38 'load' 'i_4_load' <Predicate = (!icmp_ln2835)> <Delay = 0.00>
ST_1 : Operation 39 [1/1] (1.82ns)   --->   "%i = add i6 %i_4_load, i6 1" [cnnlite_ip/src/cnn.c:2835]   --->   Operation 39 'add' 'i' <Predicate = (!icmp_ln2835)> <Delay = 1.82> <CoreInst = "Adder">   --->   Core 1 'Adder' <Latency = 0> <II = 1> <Delay = 1.82> <FuncUnit> <Opcode : 'add' 'sub'> <InPorts = 2> <OutPorts = 1>
ST_1 : Operation 40 [1/1] (1.66ns)   --->   "%icmp_ln2838 = icmp_eq  i9 %j_load, i9 392" [cnnlite_ip/src/cnn.c:2838]   --->   Operation 40 'icmp' 'icmp_ln2838' <Predicate = (!icmp_ln2835)> <Delay = 1.66> <CoreInst = "Cmp">   --->   Core 9 'Cmp' <Latency = 0> <II = 1> <Delay = 1.66> <FuncUnit> <Opcode : 'icmp'> <InPorts = 2> <OutPorts = 1>
ST_1 : Operation 41 [1/1] (0.96ns)   --->   "%select_ln2835 = select i1 %icmp_ln2838, i9 0, i9 %j_load" [cnnlite_ip/src/cnn.c:2835]   --->   Operation 41 'select' 'select_ln2835' <Predicate = (!icmp_ln2835)> <Delay = 0.96> <CoreInst = "Sel">   --->   Core 73 'Sel' <Latency = 0> <II = 1> <Delay = 0.96> <FuncUnit> <Opcode : 'select'> <InPorts = 3> <OutPorts = 1>
ST_1 : Operation 42 [1/1] (1.18ns)   --->   "%select_ln2835_2 = select i1 %icmp_ln2838, i6 %i, i6 %i_4_load" [cnnlite_ip/src/cnn.c:2835]   --->   Operation 42 'select' 'select_ln2835_2' <Predicate = (!icmp_ln2835)> <Delay = 1.18> <CoreInst = "Sel">   --->   Core 73 'Sel' <Latency = 0> <II = 1> <Delay = 1.18> <FuncUnit> <Opcode : 'select'> <InPorts = 3> <OutPorts = 1>
ST_1 : Operation 43 [1/1] (0.00ns)   --->   "%zext_ln2835_1 = zext i6 %select_ln2835_2" [cnnlite_ip/src/cnn.c:2835]   --->   Operation 43 'zext' 'zext_ln2835_1' <Predicate = (!icmp_ln2835)> <Delay = 0.00>
ST_1 : Operation 44 [3/3] (1.05ns) (grouped into DSP with root node add_ln2840)   --->   "%mul_ln2835 = mul i14 %zext_ln2835_1, i14 392" [cnnlite_ip/src/cnn.c:2835]   --->   Operation 44 'mul' 'mul_ln2835' <Predicate = (!icmp_ln2835)> <Delay = 1.05> <CoreInst = "DSP48">   --->   Core 119 'DSP48' <Latency = 3> <II = 1> <Delay = 2.15> <IPBlock> <Opcode : 'mul' 'add' 'sub' 'select'> <InPorts = 0> <OutPorts = 1> <Sync> <CReg>
ST_1 : Operation 45 [1/1] (0.00ns)   --->   "%j_cast2 = zext i9 %select_ln2835" [cnnlite_ip/src/cnn.c:2835]   --->   Operation 45 'zext' 'j_cast2' <Predicate = (!icmp_ln2835)> <Delay = 0.00>
ST_1 : Operation 46 [1/1] (0.00ns)   --->   "%vla166_i_addr = getelementptr i32 %vla166_i, i64 0, i64 %j_cast2" [cnnlite_ip/src/cnn.c:2840]   --->   Operation 46 'getelementptr' 'vla166_i_addr' <Predicate = (!icmp_ln2835)> <Delay = 0.00>
ST_1 : Operation 47 [2/2] (3.25ns)   --->   "%vla166_i_load = load i9 %vla166_i_addr" [cnnlite_ip/src/cnn.c:2840]   --->   Operation 47 'load' 'vla166_i_load' <Predicate = (!icmp_ln2835)> <Delay = 3.25> <CoreInst = "RAM">   --->   Core 82 'RAM' <Latency = 1> <II = 1> <Delay = 3.25> <Storage> <Opcode : 'load' 'store'> <Ports = 2> <Width = 32> <Depth = 392> <RAM>

State 2 <SV = 1> <Delay = 3.25>
ST_2 : Operation 48 [2/3] (1.05ns) (grouped into DSP with root node add_ln2840)   --->   "%mul_ln2835 = mul i14 %zext_ln2835_1, i14 392" [cnnlite_ip/src/cnn.c:2835]   --->   Operation 48 'mul' 'mul_ln2835' <Predicate = (!icmp_ln2835)> <Delay = 1.05> <CoreInst = "DSP48">   --->   Core 119 'DSP48' <Latency = 3> <II = 1> <Delay = 2.15> <IPBlock> <Opcode : 'mul' 'add' 'sub' 'select'> <InPorts = 0> <OutPorts = 1> <Sync> <CReg>
ST_2 : Operation 49 [1/2] (3.25ns)   --->   "%vla166_i_load = load i9 %vla166_i_addr" [cnnlite_ip/src/cnn.c:2840]   --->   Operation 49 'load' 'vla166_i_load' <Predicate = (!icmp_ln2835)> <Delay = 3.25> <CoreInst = "RAM">   --->   Core 82 'RAM' <Latency = 1> <II = 1> <Delay = 3.25> <Storage> <Opcode : 'load' 'store'> <Ports = 2> <Width = 32> <Depth = 392> <RAM>

State 3 <SV = 2> <Delay = 2.10>
ST_3 : Operation 50 [1/3] (0.00ns) (grouped into DSP with root node add_ln2840)   --->   "%mul_ln2835 = mul i14 %zext_ln2835_1, i14 392" [cnnlite_ip/src/cnn.c:2835]   --->   Operation 50 'mul' 'mul_ln2835' <Predicate = (!icmp_ln2835)> <Delay = 0.00> <CoreInst = "DSP48">   --->   Core 119 'DSP48' <Latency = 3> <II = 1> <Delay = 2.15> <IPBlock> <Opcode : 'mul' 'add' 'sub' 'select'> <InPorts = 0> <OutPorts = 1> <Sync> <CReg>
ST_3 : Operation 51 [1/1] (0.00ns)   --->   "%j_cast = zext i9 %select_ln2835" [cnnlite_ip/src/cnn.c:2835]   --->   Operation 51 'zext' 'j_cast' <Predicate = (!icmp_ln2835)> <Delay = 0.00>
ST_3 : Operation 52 [2/2] (2.10ns) (root node of the DSP)   --->   "%add_ln2840 = add i14 %j_cast, i14 %mul_ln2835" [cnnlite_ip/src/cnn.c:2840]   --->   Operation 52 'add' 'add_ln2840' <Predicate = (!icmp_ln2835)> <Delay = 2.10> <CoreInst = "DSP48">   --->   Core 119 'DSP48' <Latency = 3> <II = 1> <Delay = 2.15> <IPBlock> <Opcode : 'mul' 'add' 'sub' 'select'> <InPorts = 0> <OutPorts = 1> <Sync> <CReg>

State 4 <SV = 3> <Delay = 5.35>
ST_4 : Operation 53 [1/2] (2.10ns) (root node of the DSP)   --->   "%add_ln2840 = add i14 %j_cast, i14 %mul_ln2835" [cnnlite_ip/src/cnn.c:2840]   --->   Operation 53 'add' 'add_ln2840' <Predicate = (!icmp_ln2835)> <Delay = 2.10> <CoreInst = "DSP48">   --->   Core 119 'DSP48' <Latency = 3> <II = 1> <Delay = 2.15> <IPBlock> <Opcode : 'mul' 'add' 'sub' 'select'> <InPorts = 0> <OutPorts = 1> <Sync> <CReg>
ST_4 : Operation 54 [1/1] (0.00ns)   --->   "%zext_ln2840 = zext i14 %add_ln2840" [cnnlite_ip/src/cnn.c:2840]   --->   Operation 54 'zext' 'zext_ln2840' <Predicate = (!icmp_ln2835)> <Delay = 0.00>
ST_4 : Operation 55 [1/1] (0.00ns)   --->   "%weight2_addr = getelementptr i32 %weight2, i64 0, i64 %zext_ln2840" [cnnlite_ip/src/cnn.c:2840]   --->   Operation 55 'getelementptr' 'weight2_addr' <Predicate = (!icmp_ln2835)> <Delay = 0.00>
ST_4 : Operation 56 [2/2] (3.25ns)   --->   "%weight2_load = load i14 %weight2_addr" [cnnlite_ip/src/cnn.c:2840]   --->   Operation 56 'load' 'weight2_load' <Predicate = (!icmp_ln2835)> <Delay = 3.25> <CoreInst = "ROM">   --->   Core 95 'ROM' <Latency = 1> <II = 1> <Delay = 3.25> <Storage> <Opcode : 'load'> <Ports = 0> <Width = 32> <Depth = 12544> <ROM>

State 5 <SV = 4> <Delay = 3.25>
ST_5 : Operation 57 [1/2] (3.25ns)   --->   "%weight2_load = load i14 %weight2_addr" [cnnlite_ip/src/cnn.c:2840]   --->   Operation 57 'load' 'weight2_load' <Predicate = (!icmp_ln2835)> <Delay = 3.25> <CoreInst = "ROM">   --->   Core 95 'ROM' <Latency = 1> <II = 1> <Delay = 3.25> <Storage> <Opcode : 'load'> <Ports = 0> <Width = 32> <Depth = 12544> <ROM>

State 6 <SV = 5> <Delay = 5.70>
ST_6 : Operation 58 [4/4] (5.70ns)   --->   "%mul6_i = fmul i32 %vla166_i_load, i32 %weight2_load" [cnnlite_ip/src/cnn.c:2840]   --->   Operation 58 'fmul' 'mul6_i' <Predicate = (!icmp_ln2835)> <Delay = 5.70> <CoreInst = "FMul_maxdsp">   --->   Core 30 'FMul_maxdsp' <Latency = 3> <II = 1> <Delay = 5.70> <FuncUnit> <Opcode : 'fmul'> <InPorts = 2> <OutPorts = 1>
ST_6 : Operation 59 [1/1] (1.82ns)   --->   "%j_1 = add i9 %select_ln2835, i9 1" [cnnlite_ip/src/cnn.c:2838]   --->   Operation 59 'add' 'j_1' <Predicate = (!icmp_ln2835)> <Delay = 1.82> <CoreInst = "Adder">   --->   Core 1 'Adder' <Latency = 0> <II = 1> <Delay = 1.82> <FuncUnit> <Opcode : 'add' 'sub'> <InPorts = 2> <OutPorts = 1>
ST_6 : Operation 60 [1/1] (1.66ns)   --->   "%ifzero = icmp_eq  i9 %j_1, i9 392" [cnnlite_ip/src/cnn.c:2838]   --->   Operation 60 'icmp' 'ifzero' <Predicate = (!icmp_ln2835)> <Delay = 1.66> <CoreInst = "Cmp">   --->   Core 9 'Cmp' <Latency = 0> <II = 1> <Delay = 1.66> <FuncUnit> <Opcode : 'icmp'> <InPorts = 2> <OutPorts = 1>
ST_6 : Operation 61 [1/1] (0.00ns)   --->   "%br_ln2838 = br i1 %ifzero, void %ifFalse, void %ifTrue" [cnnlite_ip/src/cnn.c:2838]   --->   Operation 61 'br' 'br_ln2838' <Predicate = (!icmp_ln2835)> <Delay = 0.00>
ST_6 : Operation 62 [1/1] (1.58ns)   --->   "%store_ln2835 = store i14 %add_ln2835, i14 %indvar_flatten" [cnnlite_ip/src/cnn.c:2835]   --->   Operation 62 'store' 'store_ln2835' <Predicate = (!icmp_ln2835)> <Delay = 1.58>
ST_6 : Operation 63 [1/1] (1.58ns)   --->   "%store_ln2835 = store i6 %select_ln2835_2, i6 %i_4" [cnnlite_ip/src/cnn.c:2835]   --->   Operation 63 'store' 'store_ln2835' <Predicate = (!icmp_ln2835)> <Delay = 1.58>
ST_6 : Operation 64 [1/1] (1.58ns)   --->   "%store_ln2838 = store i9 %j_1, i9 %j" [cnnlite_ip/src/cnn.c:2838]   --->   Operation 64 'store' 'store_ln2838' <Predicate = (!icmp_ln2835)> <Delay = 1.58>

State 7 <SV = 6> <Delay = 5.70>
ST_7 : Operation 65 [3/4] (5.70ns)   --->   "%mul6_i = fmul i32 %vla166_i_load, i32 %weight2_load" [cnnlite_ip/src/cnn.c:2840]   --->   Operation 65 'fmul' 'mul6_i' <Predicate = true> <Delay = 5.70> <CoreInst = "FMul_maxdsp">   --->   Core 30 'FMul_maxdsp' <Latency = 3> <II = 1> <Delay = 5.70> <FuncUnit> <Opcode : 'fmul'> <InPorts = 2> <OutPorts = 1>

State 8 <SV = 7> <Delay = 5.70>
ST_8 : Operation 66 [2/4] (5.70ns)   --->   "%mul6_i = fmul i32 %vla166_i_load, i32 %weight2_load" [cnnlite_ip/src/cnn.c:2840]   --->   Operation 66 'fmul' 'mul6_i' <Predicate = true> <Delay = 5.70> <CoreInst = "FMul_maxdsp">   --->   Core 30 'FMul_maxdsp' <Latency = 3> <II = 1> <Delay = 5.70> <FuncUnit> <Opcode : 'fmul'> <InPorts = 2> <OutPorts = 1>

State 9 <SV = 8> <Delay = 5.70>
ST_9 : Operation 67 [1/1] (0.00ns)   --->   "%sum_load = load i32 %sum" [cnnlite_ip/src/cnn.c:2835]   --->   Operation 67 'load' 'sum_load' <Predicate = (!icmp_ln2838)> <Delay = 0.00>
ST_9 : Operation 68 [1/1] (0.69ns)   --->   "%select_ln2835_1 = select i1 %icmp_ln2838, i32 0, i32 %sum_load" [cnnlite_ip/src/cnn.c:2835]   --->   Operation 68 'select' 'select_ln2835_1' <Predicate = true> <Delay = 0.69> <CoreInst = "Sel">   --->   Core 73 'Sel' <Latency = 0> <II = 1> <Delay = 0.69> <FuncUnit> <Opcode : 'select'> <InPorts = 3> <OutPorts = 1>
ST_9 : Operation 69 [1/4] (5.70ns)   --->   "%mul6_i = fmul i32 %vla166_i_load, i32 %weight2_load" [cnnlite_ip/src/cnn.c:2840]   --->   Operation 69 'fmul' 'mul6_i' <Predicate = true> <Delay = 5.70> <CoreInst = "FMul_maxdsp">   --->   Core 30 'FMul_maxdsp' <Latency = 3> <II = 1> <Delay = 5.70> <FuncUnit> <Opcode : 'fmul'> <InPorts = 2> <OutPorts = 1>

State 10 <SV = 9> <Delay = 7.25>
ST_10 : Operation 70 [5/5] (7.25ns)   --->   "%sum_1 = fadd i32 %select_ln2835_1, i32 %mul6_i" [cnnlite_ip/src/cnn.c:2840]   --->   Operation 70 'fadd' 'sum_1' <Predicate = true> <Delay = 7.25> <CoreInst = "FAddSub_fulldsp">   --->   Core 18 'FAddSub_fulldsp' <Latency = 4> <II = 1> <Delay = 7.25> <FuncUnit> <Opcode : 'fadd' 'fsub'> <InPorts = 2> <OutPorts = 1>

State 11 <SV = 10> <Delay = 7.25>
ST_11 : Operation 71 [4/5] (7.25ns)   --->   "%sum_1 = fadd i32 %select_ln2835_1, i32 %mul6_i" [cnnlite_ip/src/cnn.c:2840]   --->   Operation 71 'fadd' 'sum_1' <Predicate = true> <Delay = 7.25> <CoreInst = "FAddSub_fulldsp">   --->   Core 18 'FAddSub_fulldsp' <Latency = 4> <II = 1> <Delay = 7.25> <FuncUnit> <Opcode : 'fadd' 'fsub'> <InPorts = 2> <OutPorts = 1>

State 12 <SV = 11> <Delay = 7.25>
ST_12 : Operation 72 [3/5] (7.25ns)   --->   "%sum_1 = fadd i32 %select_ln2835_1, i32 %mul6_i" [cnnlite_ip/src/cnn.c:2840]   --->   Operation 72 'fadd' 'sum_1' <Predicate = true> <Delay = 7.25> <CoreInst = "FAddSub_fulldsp">   --->   Core 18 'FAddSub_fulldsp' <Latency = 4> <II = 1> <Delay = 7.25> <FuncUnit> <Opcode : 'fadd' 'fsub'> <InPorts = 2> <OutPorts = 1>

State 13 <SV = 12> <Delay = 7.25>
ST_13 : Operation 73 [1/1] (0.00ns)   --->   "%zext_ln2835 = zext i6 %select_ln2835_2" [cnnlite_ip/src/cnn.c:2835]   --->   Operation 73 'zext' 'zext_ln2835' <Predicate = true> <Delay = 0.00>
ST_13 : Operation 74 [2/5] (7.25ns)   --->   "%sum_1 = fadd i32 %select_ln2835_1, i32 %mul6_i" [cnnlite_ip/src/cnn.c:2840]   --->   Operation 74 'fadd' 'sum_1' <Predicate = true> <Delay = 7.25> <CoreInst = "FAddSub_fulldsp">   --->   Core 18 'FAddSub_fulldsp' <Latency = 4> <II = 1> <Delay = 7.25> <FuncUnit> <Opcode : 'fadd' 'fsub'> <InPorts = 2> <OutPorts = 1>
ST_13 : Operation 75 [1/1] (0.00ns)   --->   "%bias2_addr = getelementptr i32 %bias2, i64 0, i64 %zext_ln2835" [cnnlite_ip/src/cnn.c:2842]   --->   Operation 75 'getelementptr' 'bias2_addr' <Predicate = (ifzero)> <Delay = 0.00>
ST_13 : Operation 76 [2/2] (3.25ns)   --->   "%bias2_load = load i5 %bias2_addr" [cnnlite_ip/src/cnn.c:2842]   --->   Operation 76 'load' 'bias2_load' <Predicate = (ifzero)> <Delay = 3.25> <CoreInst = "ROM">   --->   Core 95 'ROM' <Latency = 1> <II = 1> <Delay = 3.25> <Storage> <Opcode : 'load'> <Ports = 0> <Width = 32> <Depth = 32> <ROM>

State 14 <SV = 13> <Delay = 7.25>
ST_14 : Operation 77 [1/1] (0.00ns)   --->   "%specloopname_ln0 = specloopname void @_ssdm_op_SpecLoopName, void @VITIS_LOOP_2835_1_VITIS_LOOP_2838_2_str"   --->   Operation 77 'specloopname' 'specloopname_ln0' <Predicate = true> <Delay = 0.00>
ST_14 : Operation 78 [1/1] (0.00ns)   --->   "%empty = speclooptripcount i32 @_ssdm_op_SpecLoopTripCount, i64 12544, i64 12544, i64 12544"   --->   Operation 78 'speclooptripcount' 'empty' <Predicate = true> <Delay = 0.00>
ST_14 : Operation 79 [1/1] (0.00ns)   --->   "%specpipeline_ln0 = specpipeline void @_ssdm_op_SpecPipeline, i32 4294967295, i32 0, i32 1, i32 0, void @p_str"   --->   Operation 79 'specpipeline' 'specpipeline_ln0' <Predicate = true> <Delay = 0.00>
ST_14 : Operation 80 [1/1] (0.00ns)   --->   "%specloopname_ln2837 = specloopname void @_ssdm_op_SpecLoopName, void @empty_5" [cnnlite_ip/src/cnn.c:2837]   --->   Operation 80 'specloopname' 'specloopname_ln2837' <Predicate = true> <Delay = 0.00>
ST_14 : Operation 81 [1/5] (7.25ns)   --->   "%sum_1 = fadd i32 %select_ln2835_1, i32 %mul6_i" [cnnlite_ip/src/cnn.c:2840]   --->   Operation 81 'fadd' 'sum_1' <Predicate = true> <Delay = 7.25> <CoreInst = "FAddSub_fulldsp">   --->   Core 18 'FAddSub_fulldsp' <Latency = 4> <II = 1> <Delay = 7.25> <FuncUnit> <Opcode : 'fadd' 'fsub'> <InPorts = 2> <OutPorts = 1>
ST_14 : Operation 82 [1/2] (3.25ns)   --->   "%bias2_load = load i5 %bias2_addr" [cnnlite_ip/src/cnn.c:2842]   --->   Operation 82 'load' 'bias2_load' <Predicate = (ifzero)> <Delay = 3.25> <CoreInst = "ROM">   --->   Core 95 'ROM' <Latency = 1> <II = 1> <Delay = 3.25> <Storage> <Opcode : 'load'> <Ports = 0> <Width = 32> <Depth = 32> <ROM>
ST_14 : Operation 93 [1/1] (0.00ns)   --->   "%ret_ln0 = ret"   --->   Operation 93 'ret' 'ret_ln0' <Predicate = (icmp_ln2835)> <Delay = 0.00>

State 15 <SV = 14> <Delay = 7.25>
ST_15 : Operation 83 [5/5] (7.25ns)   --->   "%add9_i = fadd i32 %sum_1, i32 %bias2_load" [cnnlite_ip/src/cnn.c:2842]   --->   Operation 83 'fadd' 'add9_i' <Predicate = (ifzero)> <Delay = 7.25> <CoreInst = "FAddSub_fulldsp">   --->   Core 18 'FAddSub_fulldsp' <Latency = 4> <II = 1> <Delay = 7.25> <FuncUnit> <Opcode : 'fadd' 'fsub'> <InPorts = 2> <OutPorts = 1>
ST_15 : Operation 84 [1/1] (1.58ns)   --->   "%store_ln2840 = store i32 %sum_1, i32 %sum" [cnnlite_ip/src/cnn.c:2840]   --->   Operation 84 'store' 'store_ln2840' <Predicate = true> <Delay = 1.58>
ST_15 : Operation 85 [1/1] (0.00ns)   --->   "%br_ln0 = br void %for.inc.i"   --->   Operation 85 'br' 'br_ln0' <Predicate = true> <Delay = 0.00>

State 16 <SV = 15> <Delay = 7.25>
ST_16 : Operation 86 [4/5] (7.25ns)   --->   "%add9_i = fadd i32 %sum_1, i32 %bias2_load" [cnnlite_ip/src/cnn.c:2842]   --->   Operation 86 'fadd' 'add9_i' <Predicate = (ifzero)> <Delay = 7.25> <CoreInst = "FAddSub_fulldsp">   --->   Core 18 'FAddSub_fulldsp' <Latency = 4> <II = 1> <Delay = 7.25> <FuncUnit> <Opcode : 'fadd' 'fsub'> <InPorts = 2> <OutPorts = 1>

State 17 <SV = 16> <Delay = 7.25>
ST_17 : Operation 87 [3/5] (7.25ns)   --->   "%add9_i = fadd i32 %sum_1, i32 %bias2_load" [cnnlite_ip/src/cnn.c:2842]   --->   Operation 87 'fadd' 'add9_i' <Predicate = (ifzero)> <Delay = 7.25> <CoreInst = "FAddSub_fulldsp">   --->   Core 18 'FAddSub_fulldsp' <Latency = 4> <II = 1> <Delay = 7.25> <FuncUnit> <Opcode : 'fadd' 'fsub'> <InPorts = 2> <OutPorts = 1>

State 18 <SV = 17> <Delay = 7.25>
ST_18 : Operation 88 [2/5] (7.25ns)   --->   "%add9_i = fadd i32 %sum_1, i32 %bias2_load" [cnnlite_ip/src/cnn.c:2842]   --->   Operation 88 'fadd' 'add9_i' <Predicate = (ifzero)> <Delay = 7.25> <CoreInst = "FAddSub_fulldsp">   --->   Core 18 'FAddSub_fulldsp' <Latency = 4> <II = 1> <Delay = 7.25> <FuncUnit> <Opcode : 'fadd' 'fsub'> <InPorts = 2> <OutPorts = 1>

State 19 <SV = 18> <Delay = 7.25>
ST_19 : Operation 89 [1/5] (7.25ns)   --->   "%add9_i = fadd i32 %sum_1, i32 %bias2_load" [cnnlite_ip/src/cnn.c:2842]   --->   Operation 89 'fadd' 'add9_i' <Predicate = (ifzero)> <Delay = 7.25> <CoreInst = "FAddSub_fulldsp">   --->   Core 18 'FAddSub_fulldsp' <Latency = 4> <II = 1> <Delay = 7.25> <FuncUnit> <Opcode : 'fadd' 'fsub'> <InPorts = 2> <OutPorts = 1>

State 20 <SV = 19> <Delay = 3.25>
ST_20 : Operation 90 [1/1] (0.00ns)   --->   "%x_assign_addr = getelementptr i32 %x_assign, i64 0, i64 %zext_ln2835" [cnnlite_ip/src/cnn.c:2842]   --->   Operation 90 'getelementptr' 'x_assign_addr' <Predicate = (ifzero)> <Delay = 0.00>
ST_20 : Operation 91 [1/1] (3.25ns)   --->   "%store_ln2842 = store i32 %add9_i, i5 %x_assign_addr" [cnnlite_ip/src/cnn.c:2842]   --->   Operation 91 'store' 'store_ln2842' <Predicate = (ifzero)> <Delay = 3.25> <CoreInst = "RAM">   --->   Core 82 'RAM' <Latency = 1> <II = 1> <Delay = 3.25> <Storage> <Opcode : 'load' 'store'> <Ports = 2> <Width = 32> <Depth = 32> <RAM>
ST_20 : Operation 92 [1/1] (0.00ns)   --->   "%br_ln0 = br void %ifFalse"   --->   Operation 92 'br' 'br_ln0' <Predicate = (ifzero)> <Delay = 0.00>


============================================================
+ Verbose Summary: Timing violations
============================================================
Target clock period: 10ns, clock uncertainty: 2.7ns.

 <State 1>: 5.88ns
The critical path consists of the following:
	'alloca' operation ('j') [6]  (0 ns)
	'load' operation ('j_load', cnnlite_ip/src/cnn.c:2838) on local variable 'j' [22]  (0 ns)
	'icmp' operation ('icmp_ln2838', cnnlite_ip/src/cnn.c:2838) [27]  (1.66 ns)
	'select' operation ('select_ln2835', cnnlite_ip/src/cnn.c:2835) [28]  (0.968 ns)
	'getelementptr' operation ('vla166_i_addr', cnnlite_ip/src/cnn.c:2840) [38]  (0 ns)
	'load' operation ('vla166_i_load', cnnlite_ip/src/cnn.c:2840) on array 'vla166_i' [39]  (3.25 ns)

 <State 2>: 3.25ns
The critical path consists of the following:
	'load' operation ('vla166_i_load', cnnlite_ip/src/cnn.c:2840) on array 'vla166_i' [39]  (3.25 ns)

 <State 3>: 2.1ns
The critical path consists of the following:
	'mul' operation of DSP[40] ('mul_ln2835', cnnlite_ip/src/cnn.c:2835) [33]  (0 ns)
	'add' operation of DSP[40] ('add_ln2840', cnnlite_ip/src/cnn.c:2840) [40]  (2.1 ns)

 <State 4>: 5.35ns
The critical path consists of the following:
	'add' operation of DSP[40] ('add_ln2840', cnnlite_ip/src/cnn.c:2840) [40]  (2.1 ns)
	'getelementptr' operation ('weight2_addr', cnnlite_ip/src/cnn.c:2840) [42]  (0 ns)
	'load' operation ('weight2_load', cnnlite_ip/src/cnn.c:2840) on array 'weight2' [43]  (3.25 ns)

 <State 5>: 3.25ns
The critical path consists of the following:
	'load' operation ('weight2_load', cnnlite_ip/src/cnn.c:2840) on array 'weight2' [43]  (3.25 ns)

 <State 6>: 5.7ns
The critical path consists of the following:
	'fmul' operation ('mul6_i', cnnlite_ip/src/cnn.c:2840) [44]  (5.7 ns)

 <State 7>: 5.7ns
The critical path consists of the following:
	'fmul' operation ('mul6_i', cnnlite_ip/src/cnn.c:2840) [44]  (5.7 ns)

 <State 8>: 5.7ns
The critical path consists of the following:
	'fmul' operation ('mul6_i', cnnlite_ip/src/cnn.c:2840) [44]  (5.7 ns)

 <State 9>: 5.7ns
The critical path consists of the following:
	'fmul' operation ('mul6_i', cnnlite_ip/src/cnn.c:2840) [44]  (5.7 ns)

 <State 10>: 7.26ns
The critical path consists of the following:
	'fadd' operation ('sum', cnnlite_ip/src/cnn.c:2840) [45]  (7.26 ns)

 <State 11>: 7.26ns
The critical path consists of the following:
	'fadd' operation ('sum', cnnlite_ip/src/cnn.c:2840) [45]  (7.26 ns)

 <State 12>: 7.26ns
The critical path consists of the following:
	'fadd' operation ('sum', cnnlite_ip/src/cnn.c:2840) [45]  (7.26 ns)

 <State 13>: 7.26ns
The critical path consists of the following:
	'fadd' operation ('sum', cnnlite_ip/src/cnn.c:2840) [45]  (7.26 ns)

 <State 14>: 7.26ns
The critical path consists of the following:
	'fadd' operation ('sum', cnnlite_ip/src/cnn.c:2840) [45]  (7.26 ns)

 <State 15>: 7.26ns
The critical path consists of the following:
	'fadd' operation ('add9_i', cnnlite_ip/src/cnn.c:2842) [52]  (7.26 ns)

 <State 16>: 7.26ns
The critical path consists of the following:
	'fadd' operation ('add9_i', cnnlite_ip/src/cnn.c:2842) [52]  (7.26 ns)

 <State 17>: 7.26ns
The critical path consists of the following:
	'fadd' operation ('add9_i', cnnlite_ip/src/cnn.c:2842) [52]  (7.26 ns)

 <State 18>: 7.26ns
The critical path consists of the following:
	'fadd' operation ('add9_i', cnnlite_ip/src/cnn.c:2842) [52]  (7.26 ns)

 <State 19>: 7.26ns
The critical path consists of the following:
	'fadd' operation ('add9_i', cnnlite_ip/src/cnn.c:2842) [52]  (7.26 ns)

 <State 20>: 3.25ns
The critical path consists of the following:
	'getelementptr' operation ('x_assign_addr', cnnlite_ip/src/cnn.c:2842) [53]  (0 ns)
	'store' operation ('store_ln2842', cnnlite_ip/src/cnn.c:2842) of variable 'add9_i', cnnlite_ip/src/cnn.c:2842 on array 'x_assign' [54]  (3.25 ns)


============================================================
+ Verbose Summary: Binding
============================================================
N/A
* FSMD analyzer results:
  - Output states:
 - Input state : 
  - Chain level:
	State 1
	State 2
	State 3
	State 4
	State 5
	State 6
	State 7
	State 8
	State 9
	State 10
	State 11
	State 12
	State 13
	State 14
	State 15
	State 16
	State 17
	State 18
	State 19
	State 20


============================================================
+ Verbose Summary: Datapath Resource usage 
============================================================
N/A
