/home/reon/work/xilinx/cnn_ip/solution2/directives.tcl:10:9: warning: HLS pragma dump _XLX_SEP_ PragmaIsValid=1_XLX_SEP_ PragmaType=interface_XLX_SEP_ PragmaContext=directive_XLX_SEP_ PragmaFunction=cnn_top_XLX_SEP_ PragmaOptions=s_axilite port=bias2_XLX_SEP_ [-Wdump-hls-pragmas]
#pragma HLSDIRECTIVE INTERFACE s_axilite port=bias2
        ^
/home/reon/work/xilinx/cnn_ip/solution2/directives.tcl:11:9: warning: HLS pragma dump _XLX_SEP_ PragmaIsValid=1_XLX_SEP_ PragmaType=interface_XLX_SEP_ PragmaContext=directive_XLX_SEP_ PragmaFunction=cnn_top_XLX_SEP_ PragmaOptions=s_axilite port=bias0_XLX_SEP_ [-Wdump-hls-pragmas]
#pragma HLSDIRECTIVE INTERFACE s_axilite port=bias0
        ^
/home/reon/work/xilinx/cnn_ip/solution2/directives.tcl:12:9: warning: HLS pragma dump _XLX_SEP_ PragmaIsValid=1_XLX_SEP_ PragmaType=interface_XLX_SEP_ PragmaContext=directive_XLX_SEP_ PragmaFunction=cnn_top_XLX_SEP_ PragmaOptions=s_axilite port=bias1_XLX_SEP_ [-Wdump-hls-pragmas]
#pragma HLSDIRECTIVE INTERFACE s_axilite port=bias1
        ^
/home/reon/work/xilinx/cnn_ip/solution2/directives.tcl:13:9: warning: HLS pragma dump _XLX_SEP_ PragmaIsValid=1_XLX_SEP_ PragmaType=interface_XLX_SEP_ PragmaContext=directive_XLX_SEP_ PragmaFunction=cnn_top_XLX_SEP_ PragmaOptions=s_axilite port=weight2_XLX_SEP_ [-Wdump-hls-pragmas]
#pragma HLSDIRECTIVE INTERFACE s_axilite port=weight2
        ^
/home/reon/work/xilinx/cnn_ip/solution2/csynth.tcl:14:9: warning: HLS pragma dump _XLX_SEP_ PragmaIsValid=1_XLX_SEP_ PragmaType=top_XLX_SEP_ PragmaContext=directive_XLX_SEP_ PragmaFunction=cnn_top_XLX_SEP_ PragmaOptions=name=cnn_top_XLX_SEP_ [-Wdump-hls-pragmas]
#pragma HLSDIRECTIVE TOP name=cnn_top
        ^
/home/reon/work/xilinx/cnn_ip/solution2/directives.tcl:14:9: warning: HLS pragma dump _XLX_SEP_ PragmaIsValid=1_XLX_SEP_ PragmaType=interface_XLX_SEP_ PragmaContext=directive_XLX_SEP_ PragmaFunction=cnn_top_XLX_SEP_ PragmaOptions=s_axilite port=x_XLX_SEP_ [-Wdump-hls-pragmas]
#pragma HLSDIRECTIVE INTERFACE s_axilite port=x
        ^
/home/reon/work/xilinx/cnn_ip/solution2/directives.tcl:15:9: warning: HLS pragma dump _XLX_SEP_ PragmaIsValid=1_XLX_SEP_ PragmaType=interface_XLX_SEP_ PragmaContext=directive_XLX_SEP_ PragmaFunction=cnn_top_XLX_SEP_ PragmaOptions=s_axilite port=weight1_XLX_SEP_ [-Wdump-hls-pragmas]
#pragma HLSDIRECTIVE INTERFACE s_axilite port=weight1
        ^
/home/reon/work/xilinx/cnn_ip/solution2/directives.tcl:16:9: warning: HLS pragma dump _XLX_SEP_ PragmaIsValid=1_XLX_SEP_ PragmaType=interface_XLX_SEP_ PragmaContext=directive_XLX_SEP_ PragmaFunction=cnn_top_XLX_SEP_ PragmaOptions=s_axilite port=weight3_XLX_SEP_ [-Wdump-hls-pragmas]
#pragma HLSDIRECTIVE INTERFACE s_axilite port=weight3
        ^
/home/reon/work/xilinx/cnn_ip/solution2/directives.tcl:6:9: warning: HLS pragma dump _XLX_SEP_ PragmaIsValid=1_XLX_SEP_ PragmaType=interface_XLX_SEP_ PragmaContext=directive_XLX_SEP_ PragmaFunction=cnn_top_XLX_SEP_ PragmaOptions=s_axilite port=return_XLX_SEP_ [-Wdump-hls-pragmas]
#pragma HLSDIRECTIVE INTERFACE s_axilite port=return
        ^
/home/reon/work/xilinx/cnn_ip/solution2/directives.tcl:7:9: warning: HLS pragma dump _XLX_SEP_ PragmaIsValid=1_XLX_SEP_ PragmaType=interface_XLX_SEP_ PragmaContext=directive_XLX_SEP_ PragmaFunction=cnn_top_XLX_SEP_ PragmaOptions=s_axilite port=y_XLX_SEP_ [-Wdump-hls-pragmas]
#pragma HLSDIRECTIVE INTERFACE s_axilite port=y
        ^
/home/reon/work/xilinx/cnn_ip/solution2/directives.tcl:8:9: warning: HLS pragma dump _XLX_SEP_ PragmaIsValid=1_XLX_SEP_ PragmaType=interface_XLX_SEP_ PragmaContext=directive_XLX_SEP_ PragmaFunction=cnn_top_XLX_SEP_ PragmaOptions=s_axilite port=bias3_XLX_SEP_ [-Wdump-hls-pragmas]
#pragma HLSDIRECTIVE INTERFACE s_axilite port=bias3
        ^
/home/reon/work/xilinx/cnn_ip/solution2/directives.tcl:9:9: warning: HLS pragma dump _XLX_SEP_ PragmaIsValid=1_XLX_SEP_ PragmaType=interface_XLX_SEP_ PragmaContext=directive_XLX_SEP_ PragmaFunction=cnn_top_XLX_SEP_ PragmaOptions=s_axilite port=weight0_XLX_SEP_ [-Wdump-hls-pragmas]
#pragma HLSDIRECTIVE INTERFACE s_axilite port=weight0
        ^
cnn_ip/src/cnn.c:25:6: warning: incompatible pointer types passing 'const float (*)[28][28]' to parameter of type 'const float *' [-Wincompatible-pointer-types]
 cnn(x, weight0, bias0, weight1, bias1, weight2, bias2, weight3, bias3, y);
     ^
cnn_ip/src/cnn.c:11:23: note: passing argument to parameter 'x' here
void cnn(const float* x,
                      ^
cnn_ip/src/cnn.c:25:9: warning: incompatible pointer types passing 'const float (*)[1][3][3]' to parameter of type 'const float *' [-Wincompatible-pointer-types]
 cnn(x, weight0, bias0, weight1, bias1, weight2, bias2, weight3, bias3, y);
        ^~~~~~~
cnn_ip/src/cnn.c:12:16: note: passing argument to parameter 'weight0' here
  const float* weight0, const float* bias0,
               ^
cnn_ip/src/cnn.c:25:25: warning: incompatible pointer types passing 'const float (*)[4][3][3]' to parameter of type 'const float *' [-Wincompatible-pointer-types]
 cnn(x, weight0, bias0, weight1, bias1, weight2, bias2, weight3, bias3, y);
                        ^~~~~~~
cnn_ip/src/cnn.c:13:16: note: passing argument to parameter 'weight1' here
  const float* weight1, const float* bias1,
               ^
cnn_ip/src/cnn.c:25:41: warning: incompatible pointer types passing 'const float (*)[392]' to parameter of type 'const float *' [-Wincompatible-pointer-types]
 cnn(x, weight0, bias0, weight1, bias1, weight2, bias2, weight3, bias3, y);
                                        ^~~~~~~
cnn_ip/src/cnn.c:14:16: note: passing argument to parameter 'weight2' here
  const float* weight2, const float* bias2,
               ^
cnn_ip/src/cnn.c:25:57: warning: incompatible pointer types passing 'const float (*)[32]' to parameter of type 'const float *' [-Wincompatible-pointer-types]
 cnn(x, weight0, bias0, weight1, bias1, weight2, bias2, weight3, bias3, y);
                                                        ^~~~~~~
cnn_ip/src/cnn.c:15:16: note: passing argument to parameter 'weight3' here
  const float* weight3, const float* bias3,
               ^
cnn_ip/src/cnn.c:123:9: warning: HLS pragma dump _XLX_SEP_ PragmaIsValid=1_XLX_SEP_ PragmaType=inline_XLX_SEP_ PragmaContext=_XLX_SEP_ PragmaFunction=cnn_XLX_SEP_ PragmaOptions=_XLX_SEP_ [-Wdump-hls-pragmas]
#pragma HLS inline
        ^
18 warnings generated.
