   Build using "/tools/Xilinx/Vitis_HLS/2022.2/tps/lnx64/gcc-8.3.0/bin/g++"
   Compiling apatb_muladd.cpp
   Compiling (apcc) muladd.c_pre.c.tb.c
INFO: [HLS 200-10] Running '/tools/Xilinx/Vitis_HLS/2022.2/bin/unwrapped/lnx64.o/apcc'
INFO: [HLS 200-10] For user 'reon' on host 'FRONTIER' (Linux_x86_64 version 5.15.0-56-generic) on Sun Dec 18 20:11:36 JST 2022
INFO: [HLS 200-10] On os Ubuntu 22.04.1 LTS
INFO: [HLS 200-10] In directory '/home/reon/work/xilinx/muladd_ip/solution1/sim/wrapc'
clang: warning: argument unused during compilation: '-fno-builtin-isinf'
clang: warning: argument unused during compilation: '-fno-builtin-isnan'
INFO: [APCC 202-3] Tmp directory is /tmp/apcc_db_reon/121291671361896766590
INFO: [APCC 202-1] APCC is done.
INFO: [HLS 200-112] Total CPU user time: 1.49 seconds. Total CPU system time: 0.1 seconds. Total elapsed time: 1.49 seconds; peak allocated memory: 98.973 MB.
   Compiling (apcc) muladd_tb.c_pre.c.tb.c
INFO: [HLS 200-10] Running '/tools/Xilinx/Vitis_HLS/2022.2/bin/unwrapped/lnx64.o/apcc'
INFO: [HLS 200-10] For user 'reon' on host 'FRONTIER' (Linux_x86_64 version 5.15.0-56-generic) on Sun Dec 18 20:11:39 JST 2022
INFO: [HLS 200-10] On os Ubuntu 22.04.1 LTS
INFO: [HLS 200-10] In directory '/home/reon/work/xilinx/muladd_ip/solution1/sim/wrapc'
clang: warning: argument unused during compilation: '-fno-builtin-isinf'
clang: warning: argument unused during compilation: '-fno-builtin-isnan'
INFO: [APCC 202-3] Tmp directory is /tmp/apcc_db_reon/121861671361899302593
INFO: [APCC 202-1] APCC is done.
INFO: [HLS 200-112] Total CPU user time: 1.48 seconds. Total CPU system time: 0.14 seconds. Total elapsed time: 1.51 seconds; peak allocated memory: 98.969 MB.
   Compiling apatb_muladd_ir.ll
   Generating cosim.tv.exe
