INFO: [HLS 200-10] Running '/tools/Xilinx/Vitis_HLS/2022.2/bin/unwrapped/lnx64.o/apcc'
INFO: [HLS 200-10] For user 'reon' on host 'FRONTIER' (Linux_x86_64 version 5.15.0-56-generic) on Thu Dec 22 16:24:28 JST 2022
INFO: [HLS 200-10] On os Ubuntu 22.04.1 LTS
INFO: [HLS 200-10] In directory '/home/reon/work/xilinx/cnn_ip/solution1/csim/build'
../../../src/cnn.c:25:6: warning: incompatible pointer types passing 'const float (*)[28][28]' to parameter of type 'const float *' [-Wincompatible-pointer-types]
        cnn(x, weight0, bias0, weight1, bias1, weight2, bias2, weight3, bias3, y);
            ^
../../../src/cnn.c:11:23: note: passing argument to parameter 'x' here
void cnn(const float* x,
                      ^
../../../src/cnn.c:25:9: warning: incompatible pointer types passing 'const float (*)[1][3][3]' to parameter of type 'const float *' [-Wincompatible-pointer-types]
        cnn(x, weight0, bias0, weight1, bias1, weight2, bias2, weight3, bias3, y);
               ^~~~~~~
../../../src/cnn.c:12:16: note: passing argument to parameter 'weight0' here
                const float* weight0, const float* bias0,
                             ^
../../../src/cnn.c:25:25: warning: incompatible pointer types passing 'const float (*)[4][3][3]' to parameter of type 'const float *' [-Wincompatible-pointer-types]
        cnn(x, weight0, bias0, weight1, bias1, weight2, bias2, weight3, bias3, y);
                               ^~~~~~~
../../../src/cnn.c:13:16: note: passing argument to parameter 'weight1' here
                const float* weight1, const float* bias1,
                             ^
../../../src/cnn.c:25:41: warning: incompatible pointer types passing 'const float (*)[392]' to parameter of type 'const float *' [-Wincompatible-pointer-types]
        cnn(x, weight0, bias0, weight1, bias1, weight2, bias2, weight3, bias3, y);
                                               ^~~~~~~
../../../src/cnn.c:14:16: note: passing argument to parameter 'weight2' here
                const float* weight2, const float* bias2,
                             ^
../../../src/cnn.c:25:57: warning: incompatible pointer types passing 'const float (*)[32]' to parameter of type 'const float *' [-Wincompatible-pointer-types]
        cnn(x, weight0, bias0, weight1, bias1, weight2, bias2, weight3, bias3, y);
                                                               ^~~~~~~
../../../src/cnn.c:15:16: note: passing argument to parameter 'weight3' here
                const float* weight3, const float* bias3,
                             ^
5 warnings generated.
../../../src/cnn.c:25:6: warning: incompatible pointer types passing 'const float (*)[28][28]' to parameter of type 'const float *' [-Wincompatible-pointer-types]
        cnn(x, weight0, bias0, weight1, bias1, weight2, bias2, weight3, bias3, y);
            ^
../../../src/cnn.c:11:23: note: passing argument to parameter 'x' here
void cnn(const float* x,
                      ^
../../../src/cnn.c:25:9: warning: incompatible pointer types passing 'const float (*)[1][3][3]' to parameter of type 'const float *' [-Wincompatible-pointer-types]
        cnn(x, weight0, bias0, weight1, bias1, weight2, bias2, weight3, bias3, y);
               ^~~~~~~
../../../src/cnn.c:12:16: note: passing argument to parameter 'weight0' here
                const float* weight0, const float* bias0,
                             ^
../../../src/cnn.c:25:25: warning: incompatible pointer types passing 'const float (*)[4][3][3]' to parameter of type 'const float *' [-Wincompatible-pointer-types]
        cnn(x, weight0, bias0, weight1, bias1, weight2, bias2, weight3, bias3, y);
                               ^~~~~~~
../../../src/cnn.c:13:16: note: passing argument to parameter 'weight1' here
                const float* weight1, const float* bias1,
                             ^
../../../src/cnn.c:25:41: warning: incompatible pointer types passing 'const float (*)[392]' to parameter of type 'const float *' [-Wincompatible-pointer-types]
        cnn(x, weight0, bias0, weight1, bias1, weight2, bias2, weight3, bias3, y);
                                               ^~~~~~~
../../../src/cnn.c:14:16: note: passing argument to parameter 'weight2' here
                const float* weight2, const float* bias2,
                             ^
../../../src/cnn.c:25:57: warning: incompatible pointer types passing 'const float (*)[32]' to parameter of type 'const float *' [-Wincompatible-pointer-types]
        cnn(x, weight0, bias0, weight1, bias1, weight2, bias2, weight3, bias3, y);
                                                               ^~~~~~~
../../../src/cnn.c:15:16: note: passing argument to parameter 'weight3' here
                const float* weight3, const float* bias3,
                             ^
5 warnings generated.
INFO: [APCC 202-3] Tmp directory is /tmp/apcc_db_reon/145811671693868909571
INFO: [APCC 202-1] APCC is done.
INFO: [HLS 200-112] Total CPU user time: 1.55 seconds. Total CPU system time: 0.14 seconds. Total elapsed time: 1.57 seconds; peak allocated memory: 98.957 MB.
