INFO: [HLS 200-10] Running '/tools/Xilinx/Vitis_HLS/2022.2/bin/unwrapped/lnx64.o/apcc'
INFO: [HLS 200-10] For user 'reon' on host 'FRONTIER' (Linux_x86_64 version 5.15.0-56-generic) on Thu Dec 22 16:09:54 JST 2022
INFO: [HLS 200-10] On os Ubuntu 22.04.1 LTS
INFO: [HLS 200-10] In directory '/home/reon/work/xilinx/cnn_ip/solution1/sim/wrapc'
clang: warning: argument unused during compilation: '-fno-builtin-isinf'
clang: warning: argument unused during compilation: '-fno-builtin-isnan'
In file included from /home/reon/work/xilinx/cnn_ip/src/cnn_tb.c:1:
/home/reon/work/xilinx/cnn_ip/src/cnn_tb.c:17:5: warning: incompatible pointer types passing 'const float [1][28][28]' to parameter of type 'const float *' [-Wincompatible-pointer-types]
cnn(x, weight0, bias0, weight1, bias1, weight2, bias2, weight3, bias3, y);
    ^
/home/reon/work/xilinx/cnn_ip/src/cnn_tb.c:6:32: note: passing argument to parameter here
void apatb_cnn_sw(const float *, const float *, const float *, const float *, const float *, const float *, const float *, const float *, const float *, float *);
                               ^
/home/reon/work/xilinx/cnn_ip/src/cnn_tb.c:17:8: warning: incompatible pointer types passing 'const float [4][1][3][3]' to parameter of type 'const float *' [-Wincompatible-pointer-types]
cnn(x, weight0, bias0, weight1, bias1, weight2, bias2, weight3, bias3, y);
       ^~~~~~~
/home/reon/work/xilinx/cnn_ip/src/cnn_tb.c:6:47: note: passing argument to parameter here
void apatb_cnn_sw(const float *, const float *, const float *, const float *, const float *, const float *, const float *, const float *, const float *, float *);
                                              ^
/home/reon/work/xilinx/cnn_ip/src/cnn_tb.c:17:24: warning: incompatible pointer types passing 'const float [8][4][3][3]' to parameter of type 'const float *' [-Wincompatible-pointer-types]
cnn(x, weight0, bias0, weight1, bias1, weight2, bias2, weight3, bias3, y);
                       ^~~~~~~
/home/reon/work/xilinx/cnn_ip/src/cnn_tb.c:6:77: note: passing argument to parameter here
void apatb_cnn_sw(const float *, const float *, const float *, const float *, const float *, const float *, const float *, const float *, const float *, float *);
                                                                            ^
/home/reon/work/xilinx/cnn_ip/src/cnn_tb.c:17:40: warning: incompatible pointer types passing 'const float [32][392]' to parameter of type 'const float *' [-Wincompatible-pointer-types]
cnn(x, weight0, bias0, weight1, bias1, weight2, bias2, weight3, bias3, y);
                                       ^~~~~~~
/home/reon/work/xilinx/cnn_ip/src/cnn_tb.c:6:107: note: passing argument to parameter here
void apatb_cnn_sw(const float *, const float *, const float *, const float *, const float *, const float *, const float *, const float *, const float *, float *);
                                                                                                          ^
/home/reon/work/xilinx/cnn_ip/src/cnn_tb.c:17:56: warning: incompatible pointer types passing 'const float [10][32]' to parameter of type 'const float *' [-Wincompatible-pointer-types]
cnn(x, weight0, bias0, weight1, bias1, weight2, bias2, weight3, bias3, y);
                                                       ^~~~~~~
/home/reon/work/xilinx/cnn_ip/src/cnn_tb.c:6:137: note: passing argument to parameter here
void apatb_cnn_sw(const float *, const float *, const float *, const float *, const float *, const float *, const float *, const float *, const float *, float *);
                                                                                                                                        ^
5 warnings generated.
INFO: [APCC 202-3] Tmp directory is /tmp/apcc_db_reon/130231671692994569902
INFO: [APCC 202-1] APCC is done.
INFO: [HLS 200-112] Total CPU user time: 1.5 seconds. Total CPU system time: 0.08 seconds. Total elapsed time: 1.47 seconds; peak allocated memory: 98.973 MB.
