

================================================================
== Vitis HLS Report for 'cnn_top_Pipeline_VITIS_LOOP_110_1'
================================================================
* Date:           Thu Dec 22 16:27:33 2022

* Version:        2022.2 (Build 3670227 on Oct 13 2022)
* Project:        cnn_ip
* Solution:       solution1 (Vivado IP Flow Target)
* Product family: zynq
* Target device:  xc7z020-clg400-1


================================================================
== Performance Estimates
================================================================
+ Timing: 
    * Summary: 
    +--------+----------+----------+------------+
    |  Clock |  Target  | Estimated| Uncertainty|
    +--------+----------+----------+------------+
    |ap_clk  |  10.00 ns|  6.409 ns|     2.70 ns|
    +--------+----------+----------+------------+

+ Latency: 
    * Summary: 
    +---------+---------+-----------+-----------+------+------+---------+
    |  Latency (cycles) |   Latency (absolute)  |   Interval  | Pipeline|
    |   min   |   max   |    min    |    max    |  min |  max |   Type  |
    +---------+---------+-----------+-----------+------+------+---------+
    |     3141|     3141|  31.410 us|  31.410 us|  3141|  3141|       no|
    +---------+---------+-----------+-----------+------+------+---------+

    + Detail: 
        * Instance: 
        N/A

        * Loop: 
        +--------------------+---------+---------+----------+-----------+-----------+------+----------+
        |                    |  Latency (cycles) | Iteration|  Initiation Interval  | Trip |          |
        |      Loop Name     |   min   |   max   |  Latency |  achieved |   target  | Count| Pipelined|
        +--------------------+---------+---------+----------+-----------+-----------+------+----------+
        |- VITIS_LOOP_110_1  |     3139|     3139|         5|          1|          1|  3136|       yes|
        +--------------------+---------+---------+----------+-----------+-----------+------+----------+

============================================================
+ Verbose Summary: Synthesis Manager
============================================================
InlineROM: 1
ExposeGlobal: 0
============================================================
+ Verbose Summary: CDFG Model
============================================================
IsTopModel: 0
ResetActiveHigh: 1
IsCombinational: 0
IsDatapathOnly: 0
HasWiredReturn: 1
HasMFsm: 2
HasVarLatency: 1
IsPipeline: 0
IsRtlPipelined: 0
IsInstanceOverlapped: 0
IsDontTouch: 0
HasImplIP: 0
IsGatedGlobalClock: 0

+ Individual pipeline summary: 
  * Pipeline-0: initiation interval (II) = 1, depth = 5


============================================================
+ Verbose Summary: Schedule
============================================================
* Number of FSM states : 5
* Pipeline : 1
  Pipeline-0 : II = 1, D = 5, States = { 1 2 3 4 5 }
* Dataflow Pipeline: 0

* FSM state transitions: 
1 --> 2 
2 --> 3 
3 --> 4 
4 --> 5 
5 --> 

* FSM state operations: 

State 1 <SV = 0> <Delay = 3.57>
ST_1 : Operation 8 [1/1] (0.00ns)   --->   "%i = alloca i32 1"   --->   Operation 8 'alloca' 'i' <Predicate = true> <Delay = 0.00>
ST_1 : Operation 9 [1/1] (1.58ns)   --->   "%store_ln0 = store i12 0, i12 %i"   --->   Operation 9 'store' 'store_ln0' <Predicate = true> <Delay = 1.58>
ST_1 : Operation 10 [1/1] (0.00ns)   --->   "%br_ln0 = br void %for.body.i"   --->   Operation 10 'br' 'br_ln0' <Predicate = true> <Delay = 0.00>
ST_1 : Operation 11 [1/1] (0.00ns)   --->   "%i_7 = load i12 %i" [cnn_ip/src/cnn.c:110]   --->   Operation 11 'load' 'i_7' <Predicate = true> <Delay = 0.00>
ST_1 : Operation 12 [1/1] (0.00ns)   --->   "%specpipeline_ln0 = specpipeline void @_ssdm_op_SpecPipeline, i32 4294967295, i32 0, i32 1, i32 0, void @p_str"   --->   Operation 12 'specpipeline' 'specpipeline_ln0' <Predicate = true> <Delay = 0.00>
ST_1 : Operation 13 [1/1] (1.99ns)   --->   "%icmp_ln110 = icmp_eq  i12 %i_7, i12 3136" [cnn_ip/src/cnn.c:110]   --->   Operation 13 'icmp' 'icmp_ln110' <Predicate = true> <Delay = 1.99> <CoreInst = "Cmp">   --->   Core 9 'Cmp' <Latency = 0> <II = 1> <Delay = 1.99> <FuncUnit> <Opcode : 'icmp'> <InPorts = 2> <OutPorts = 1>
ST_1 : Operation 14 [1/1] (0.00ns)   --->   "%empty = speclooptripcount i32 @_ssdm_op_SpecLoopTripCount, i64 3136, i64 3136, i64 3136"   --->   Operation 14 'speclooptripcount' 'empty' <Predicate = true> <Delay = 0.00>
ST_1 : Operation 15 [1/1] (1.54ns)   --->   "%i_8 = add i12 %i_7, i12 1" [cnn_ip/src/cnn.c:110]   --->   Operation 15 'add' 'i_8' <Predicate = true> <Delay = 1.54> <CoreInst = "Adder">   --->   Core 1 'Adder' <Latency = 0> <II = 1> <Delay = 1.54> <FuncUnit> <Opcode : 'add' 'sub'> <InPorts = 2> <OutPorts = 1>
ST_1 : Operation 16 [1/1] (0.00ns)   --->   "%br_ln110 = br i1 %icmp_ln110, void %for.body.i.split, void %relu.exit.exitStub" [cnn_ip/src/cnn.c:110]   --->   Operation 16 'br' 'br_ln110' <Predicate = true> <Delay = 0.00>
ST_1 : Operation 17 [1/1] (0.00ns)   --->   "%i_cast = zext i12 %i_7" [cnn_ip/src/cnn.c:110]   --->   Operation 17 'zext' 'i_cast' <Predicate = (!icmp_ln110)> <Delay = 0.00>
ST_1 : Operation 18 [1/1] (0.00ns)   --->   "%vla1_i_addr = getelementptr i32 %vla1_i, i64 0, i64 %i_cast" [cnn_ip/src/cnn.c:112]   --->   Operation 18 'getelementptr' 'vla1_i_addr' <Predicate = (!icmp_ln110)> <Delay = 0.00>
ST_1 : Operation 19 [2/2] (3.25ns)   --->   "%vla1_i_load = load i12 %vla1_i_addr" [cnn_ip/src/cnn.c:112]   --->   Operation 19 'load' 'vla1_i_load' <Predicate = (!icmp_ln110)> <Delay = 3.25> <CoreInst = "RAM">   --->   Core 82 'RAM' <Latency = 1> <II = 1> <Delay = 3.25> <Storage> <Opcode : 'load' 'store'> <Ports = 2> <Width = 32> <Depth = 3136> <RAM>
ST_1 : Operation 20 [1/1] (1.58ns)   --->   "%store_ln110 = store i12 %i_8, i12 %i" [cnn_ip/src/cnn.c:110]   --->   Operation 20 'store' 'store_ln110' <Predicate = (!icmp_ln110)> <Delay = 1.58>

State 2 <SV = 1> <Delay = 3.25>
ST_2 : Operation 21 [1/2] (3.25ns)   --->   "%vla1_i_load = load i12 %vla1_i_addr" [cnn_ip/src/cnn.c:112]   --->   Operation 21 'load' 'vla1_i_load' <Predicate = true> <Delay = 3.25> <CoreInst = "RAM">   --->   Core 82 'RAM' <Latency = 1> <II = 1> <Delay = 3.25> <Storage> <Opcode : 'load' 'store'> <Ports = 2> <Width = 32> <Depth = 3136> <RAM>

State 3 <SV = 2> <Delay = 5.43>
ST_3 : Operation 22 [2/2] (5.43ns)   --->   "%tmp_s = fcmp_ogt  i32 %vla1_i_load, i32 0" [cnn_ip/src/cnn.c:112]   --->   Operation 22 'fcmp' 'tmp_s' <Predicate = true> <Delay = 5.43> <CoreInst = "FCompare">   --->   Core 19 'FCompare' <Latency = 1> <II = 1> <Delay = 5.43> <FuncUnit> <Opcode : 'fcmp'> <InPorts = 2> <OutPorts = 1>

State 4 <SV = 3> <Delay = 6.40>
ST_4 : Operation 23 [1/1] (0.00ns)   --->   "%bitcast_ln112 = bitcast i32 %vla1_i_load" [cnn_ip/src/cnn.c:112]   --->   Operation 23 'bitcast' 'bitcast_ln112' <Predicate = true> <Delay = 0.00>
ST_4 : Operation 24 [1/1] (0.00ns)   --->   "%tmp = partselect i8 @_ssdm_op_PartSelect.i8.i32.i32.i32, i32 %bitcast_ln112, i32 23, i32 30" [cnn_ip/src/cnn.c:112]   --->   Operation 24 'partselect' 'tmp' <Predicate = true> <Delay = 0.00>
ST_4 : Operation 25 [1/1] (0.00ns)   --->   "%trunc_ln112 = trunc i32 %bitcast_ln112" [cnn_ip/src/cnn.c:112]   --->   Operation 25 'trunc' 'trunc_ln112' <Predicate = true> <Delay = 0.00>
ST_4 : Operation 26 [1/1] (1.55ns)   --->   "%icmp_ln112 = icmp_ne  i8 %tmp, i8 255" [cnn_ip/src/cnn.c:112]   --->   Operation 26 'icmp' 'icmp_ln112' <Predicate = true> <Delay = 1.55> <CoreInst = "Cmp">   --->   Core 9 'Cmp' <Latency = 0> <II = 1> <Delay = 1.55> <FuncUnit> <Opcode : 'icmp'> <InPorts = 2> <OutPorts = 1>
ST_4 : Operation 27 [1/1] (2.44ns)   --->   "%icmp_ln112_1 = icmp_eq  i23 %trunc_ln112, i23 0" [cnn_ip/src/cnn.c:112]   --->   Operation 27 'icmp' 'icmp_ln112_1' <Predicate = true> <Delay = 2.44> <CoreInst = "Cmp">   --->   Core 9 'Cmp' <Latency = 0> <II = 1> <Delay = 2.44> <FuncUnit> <Opcode : 'icmp'> <InPorts = 2> <OutPorts = 1>
ST_4 : Operation 28 [1/1] (0.00ns) (grouped into LUT with out node select_ln112)   --->   "%or_ln112 = or i1 %icmp_ln112_1, i1 %icmp_ln112" [cnn_ip/src/cnn.c:112]   --->   Operation 28 'or' 'or_ln112' <Predicate = true> <Delay = 0.00> <CoreInst = "LogicGate">   --->   Core 74 'LogicGate' <Latency = 0> <II = 1> <Delay = 0.97> <FuncUnit> <Opcode : 'and' 'or' 'xor'> <InPorts = 2> <OutPorts = 1>
ST_4 : Operation 29 [1/2] (5.43ns)   --->   "%tmp_s = fcmp_ogt  i32 %vla1_i_load, i32 0" [cnn_ip/src/cnn.c:112]   --->   Operation 29 'fcmp' 'tmp_s' <Predicate = true> <Delay = 5.43> <CoreInst = "FCompare">   --->   Core 19 'FCompare' <Latency = 1> <II = 1> <Delay = 5.43> <FuncUnit> <Opcode : 'fcmp'> <InPorts = 2> <OutPorts = 1>
ST_4 : Operation 30 [1/1] (0.00ns) (grouped into LUT with out node select_ln112)   --->   "%and_ln112 = and i1 %or_ln112, i1 %tmp_s" [cnn_ip/src/cnn.c:112]   --->   Operation 30 'and' 'and_ln112' <Predicate = true> <Delay = 0.00> <CoreInst = "LogicGate">   --->   Core 74 'LogicGate' <Latency = 0> <II = 1> <Delay = 0.97> <FuncUnit> <Opcode : 'and' 'or' 'xor'> <InPorts = 2> <OutPorts = 1>
ST_4 : Operation 31 [1/1] (0.97ns) (out node of the LUT)   --->   "%select_ln112 = select i1 %and_ln112, i32 %vla1_i_load, i32 0" [cnn_ip/src/cnn.c:112]   --->   Operation 31 'select' 'select_ln112' <Predicate = true> <Delay = 0.97> <CoreInst = "Sel">   --->   Core 73 'Sel' <Latency = 0> <II = 1> <Delay = 0.69> <FuncUnit> <Opcode : 'select'> <InPorts = 3> <OutPorts = 1>
ST_4 : Operation 36 [1/1] (0.00ns)   --->   "%ret_ln0 = ret"   --->   Operation 36 'ret' 'ret_ln0' <Predicate = (icmp_ln110)> <Delay = 0.00>

State 5 <SV = 4> <Delay = 3.25>
ST_5 : Operation 32 [1/1] (0.00ns)   --->   "%specloopname_ln110 = specloopname void @_ssdm_op_SpecLoopName, void @empty_0" [cnn_ip/src/cnn.c:110]   --->   Operation 32 'specloopname' 'specloopname_ln110' <Predicate = true> <Delay = 0.00>
ST_5 : Operation 33 [1/1] (0.00ns)   --->   "%vla42_i_addr = getelementptr i32 %vla42_i, i64 0, i64 %i_cast" [cnn_ip/src/cnn.c:112]   --->   Operation 33 'getelementptr' 'vla42_i_addr' <Predicate = true> <Delay = 0.00>
ST_5 : Operation 34 [1/1] (3.25ns)   --->   "%store_ln112 = store i32 %select_ln112, i12 %vla42_i_addr" [cnn_ip/src/cnn.c:112]   --->   Operation 34 'store' 'store_ln112' <Predicate = true> <Delay = 3.25> <CoreInst = "RAM_1WnR">   --->   Core 83 'RAM_1WnR' <Latency = 1> <II = 1> <Delay = 3.25> <Storage> <Opcode : 'load' 'store'> <Ports = 17> <Width = 32> <Depth = 3136> <RAM>
ST_5 : Operation 35 [1/1] (0.00ns)   --->   "%br_ln110 = br void %for.body.i" [cnn_ip/src/cnn.c:110]   --->   Operation 35 'br' 'br_ln110' <Predicate = true> <Delay = 0.00>


============================================================
+ Verbose Summary: Binding
============================================================
STG Binding: 
---------------- STG Properties BEGIN ----------------
- Is combinational: 0
- Is one-state seq: 0
- Is datapath-only: 0
- Is pipelined: 0
- Is top level: 0
Port [ Return ] is wired: 1; IO mode=ap_ctrl_hs:ce=0
Port [ vla1_i]:  wired=1; compound=1; hidden=0; nouse=0; global=0; static=0; extern=0; dir=0; type=1; pingpong=0; private_global=0; MemPort=[13]; IO mode=ap_memory:ce=0
Port [ vla42_i]:  wired=1; compound=1; hidden=0; nouse=0; global=0; static=0; extern=0; dir=1; type=1; pingpong=0; private_global=0; MemPort=[03333333333333333]; IO mode=ap_memory:ce=0
---------------- STG Properties END ------------------

---------------- Datapath Model BEGIN ----------------

<LifeTime>
<method=bitvector/>
i                  (alloca           ) [ 010000]
store_ln0          (store            ) [ 000000]
br_ln0             (br               ) [ 000000]
i_7                (load             ) [ 000000]
specpipeline_ln0   (specpipeline     ) [ 000000]
icmp_ln110         (icmp             ) [ 011110]
empty              (speclooptripcount) [ 000000]
i_8                (add              ) [ 000000]
br_ln110           (br               ) [ 000000]
i_cast             (zext             ) [ 011111]
vla1_i_addr        (getelementptr    ) [ 011000]
store_ln110        (store            ) [ 000000]
vla1_i_load        (load             ) [ 010110]
bitcast_ln112      (bitcast          ) [ 000000]
tmp                (partselect       ) [ 000000]
trunc_ln112        (trunc            ) [ 000000]
icmp_ln112         (icmp             ) [ 000000]
icmp_ln112_1       (icmp             ) [ 000000]
or_ln112           (or               ) [ 000000]
tmp_s              (fcmp             ) [ 000000]
and_ln112          (and              ) [ 000000]
select_ln112       (select           ) [ 010001]
specloopname_ln110 (specloopname     ) [ 000000]
vla42_i_addr       (getelementptr    ) [ 000000]
store_ln112        (store            ) [ 000000]
br_ln110           (br               ) [ 000000]
ret_ln0            (ret              ) [ 000000]
</LifeTime>

<model>

<comp_list>
<comp id="0" class="1000" name="vla1_i">
<pin_list>
<pin id="1" dir="1" index="0" bw="1" slack="0"/>
</pin_list>
<bind>
<StgValue><ssdm name="vla1_i"/><MemPortTyVec>1 3 </MemPortTyVec>
</StgValue>
</bind>
</comp>

<comp id="2" class="1000" name="vla42_i">
<pin_list>
<pin id="3" dir="1" index="0" bw="1" slack="0"/>
</pin_list>
<bind>
<StgValue><ssdm name="vla42_i"/><MemPortTyVec>0 3 3 3 3 3 3 3 3 3 3 3 3 3 3 3 3 </MemPortTyVec>
</StgValue>
</bind>
</comp>

<comp id="4" class="1001" name="const_4">
<pin_list>
<pin id="5" dir="1" index="0" bw="1" slack="0"/>
</pin_list>
<bind>
<StgValue><ssdm name=""/></StgValue>
</bind>
</comp>

<comp id="6" class="1001" name="const_6">
<pin_list>
<pin id="7" dir="1" index="0" bw="1" slack="0"/>
</pin_list>
<bind>
<StgValue><ssdm name=""/></StgValue>
</bind>
</comp>

<comp id="8" class="1001" name="const_8">
<pin_list>
<pin id="9" dir="1" index="0" bw="1" slack="2147483647"/>
</pin_list>
<bind>
<StgValue><ssdm name="_ssdm_op_SpecPipeline"/></StgValue>
</bind>
</comp>

<comp id="10" class="1001" name="const_10">
<pin_list>
<pin id="11" dir="1" index="0" bw="1" slack="2147483647"/>
</pin_list>
<bind>
<StgValue><ssdm name=""/></StgValue>
</bind>
</comp>

<comp id="12" class="1001" name="const_12">
<pin_list>
<pin id="13" dir="1" index="0" bw="1" slack="2147483647"/>
</pin_list>
<bind>
<StgValue><ssdm name=""/></StgValue>
</bind>
</comp>

<comp id="14" class="1001" name="const_14">
<pin_list>
<pin id="15" dir="1" index="0" bw="1" slack="2147483647"/>
</pin_list>
<bind>
<StgValue><ssdm name="p_str"/></StgValue>
</bind>
</comp>

<comp id="16" class="1001" name="const_16">
<pin_list>
<pin id="17" dir="1" index="0" bw="1" slack="0"/>
</pin_list>
<bind>
<StgValue><ssdm name=""/></StgValue>
</bind>
</comp>

<comp id="18" class="1001" name="const_18">
<pin_list>
<pin id="19" dir="1" index="0" bw="1" slack="2147483647"/>
</pin_list>
<bind>
<StgValue><ssdm name="_ssdm_op_SpecLoopTripCount"/></StgValue>
</bind>
</comp>

<comp id="20" class="1001" name="const_20">
<pin_list>
<pin id="21" dir="1" index="0" bw="1" slack="2147483647"/>
</pin_list>
<bind>
<StgValue><ssdm name=""/></StgValue>
</bind>
</comp>

<comp id="22" class="1001" name="const_22">
<pin_list>
<pin id="23" dir="1" index="0" bw="1" slack="0"/>
</pin_list>
<bind>
<StgValue><ssdm name=""/></StgValue>
</bind>
</comp>

<comp id="24" class="1001" name="const_24">
<pin_list>
<pin id="25" dir="1" index="0" bw="1" slack="0"/>
</pin_list>
<bind>
<StgValue><ssdm name=""/></StgValue>
</bind>
</comp>

<comp id="26" class="1001" name="const_26">
<pin_list>
<pin id="27" dir="1" index="0" bw="1" slack="0"/>
</pin_list>
<bind>
<StgValue><ssdm name=""/></StgValue>
</bind>
</comp>

<comp id="28" class="1001" name="const_28">
<pin_list>
<pin id="29" dir="1" index="0" bw="1" slack="0"/>
</pin_list>
<bind>
<StgValue><ssdm name="_ssdm_op_PartSelect.i8.i32.i32.i32"/></StgValue>
</bind>
</comp>

<comp id="30" class="1001" name="const_30">
<pin_list>
<pin id="31" dir="1" index="0" bw="1" slack="0"/>
</pin_list>
<bind>
<StgValue><ssdm name=""/></StgValue>
</bind>
</comp>

<comp id="32" class="1001" name="const_32">
<pin_list>
<pin id="33" dir="1" index="0" bw="1" slack="0"/>
</pin_list>
<bind>
<StgValue><ssdm name=""/></StgValue>
</bind>
</comp>

<comp id="34" class="1001" name="const_34">
<pin_list>
<pin id="35" dir="1" index="0" bw="1" slack="0"/>
</pin_list>
<bind>
<StgValue><ssdm name=""/></StgValue>
</bind>
</comp>

<comp id="36" class="1001" name="const_36">
<pin_list>
<pin id="37" dir="1" index="0" bw="1" slack="0"/>
</pin_list>
<bind>
<StgValue><ssdm name=""/></StgValue>
</bind>
</comp>

<comp id="38" class="1001" name="const_38">
<pin_list>
<pin id="39" dir="1" index="0" bw="1" slack="2147483647"/>
</pin_list>
<bind>
<StgValue><ssdm name="_ssdm_op_SpecLoopName"/></StgValue>
</bind>
</comp>

<comp id="40" class="1001" name="const_40">
<pin_list>
<pin id="41" dir="1" index="0" bw="1" slack="2147483647"/>
</pin_list>
<bind>
<StgValue><ssdm name="empty_0"/></StgValue>
</bind>
</comp>

<comp id="42" class="1004" name="i_fu_42">
<pin_list>
<pin id="43" dir="0" index="0" bw="1" slack="0"/>
<pin id="44" dir="1" index="1" bw="12" slack="0"/>
</pin_list>
<bind>
<opcode="alloca(26) " fcode="alloca"/>
<opset="i/1 "/>
</bind>
</comp>

<comp id="46" class="1004" name="vla1_i_addr_gep_fu_46">
<pin_list>
<pin id="47" dir="0" index="0" bw="32" slack="0"/>
<pin id="48" dir="0" index="1" bw="1" slack="0"/>
<pin id="49" dir="0" index="2" bw="12" slack="0"/>
<pin id="50" dir="1" index="3" bw="12" slack="0"/>
</pin_list>
<bind>
<opcode="getelementptr(29) " fcode="getelementptr"/>
<opset="vla1_i_addr/1 "/>
</bind>
</comp>

<comp id="53" class="1004" name="grp_access_fu_53">
<pin_list>
<pin id="54" dir="0" index="0" bw="12" slack="0"/>
<pin id="55" dir="0" index="1" bw="32" slack="2147483647"/>
<pin id="56" dir="0" index="2" bw="0" slack="2147483647"/>
<pin id="57" dir="1" index="3" bw="32" slack="1"/>
</pin_list>
<bind>
<opcode="load(27) " fcode="load"/>
<opset="vla1_i_load/1 "/>
</bind>
</comp>

<comp id="59" class="1004" name="vla42_i_addr_gep_fu_59">
<pin_list>
<pin id="60" dir="0" index="0" bw="32" slack="0"/>
<pin id="61" dir="0" index="1" bw="1" slack="0"/>
<pin id="62" dir="0" index="2" bw="12" slack="4"/>
<pin id="63" dir="1" index="3" bw="12" slack="0"/>
</pin_list>
<bind>
<opcode="getelementptr(29) " fcode="getelementptr"/>
<opset="vla42_i_addr/5 "/>
</bind>
</comp>

<comp id="66" class="1004" name="store_ln112_access_fu_66">
<pin_list>
<pin id="67" dir="0" index="0" bw="12" slack="0"/>
<pin id="68" dir="0" index="1" bw="32" slack="1"/>
<pin id="69" dir="0" index="2" bw="0" slack="2147483647"/>
<pin id="70" dir="1" index="3" bw="32" slack="2147483647"/>
</pin_list>
<bind>
<opcode="store(28) " fcode="store"/>
<opset="store_ln112/5 "/>
</bind>
</comp>

<comp id="72" class="1004" name="grp_fu_72">
<pin_list>
<pin id="73" dir="0" index="0" bw="32" slack="1"/>
<pin id="74" dir="0" index="1" bw="32" slack="0"/>
<pin id="75" dir="1" index="2" bw="1" slack="0"/>
</pin_list>
<bind>
<opcode="fcmp(46) " fcode="fcmp"/>
<opset="tmp_s/3 "/>
</bind>
</comp>

<comp id="77" class="1004" name="store_ln0_store_fu_77">
<pin_list>
<pin id="78" dir="0" index="0" bw="1" slack="0"/>
<pin id="79" dir="0" index="1" bw="12" slack="0"/>
<pin id="80" dir="1" index="2" bw="0" slack="2147483647"/>
</pin_list>
<bind>
<opcode="store(28) " fcode="store"/>
<opset="store_ln0/1 "/>
</bind>
</comp>

<comp id="82" class="1004" name="i_7_load_fu_82">
<pin_list>
<pin id="83" dir="0" index="0" bw="12" slack="0"/>
<pin id="84" dir="1" index="1" bw="12" slack="0"/>
</pin_list>
<bind>
<opcode="load(27) " fcode="load"/>
<opset="i_7/1 "/>
</bind>
</comp>

<comp id="85" class="1004" name="icmp_ln110_fu_85">
<pin_list>
<pin id="86" dir="0" index="0" bw="12" slack="0"/>
<pin id="87" dir="0" index="1" bw="11" slack="0"/>
<pin id="88" dir="1" index="2" bw="1" slack="3"/>
</pin_list>
<bind>
<opcode="icmp(45) " fcode="icmp"/>
<opset="icmp_ln110/1 "/>
</bind>
</comp>

<comp id="91" class="1004" name="i_8_fu_91">
<pin_list>
<pin id="92" dir="0" index="0" bw="12" slack="0"/>
<pin id="93" dir="0" index="1" bw="1" slack="0"/>
<pin id="94" dir="1" index="2" bw="12" slack="0"/>
</pin_list>
<bind>
<opcode="add(8) " fcode="add"/>
<opset="i_8/1 "/>
</bind>
</comp>

<comp id="97" class="1004" name="i_cast_fu_97">
<pin_list>
<pin id="98" dir="0" index="0" bw="12" slack="0"/>
<pin id="99" dir="1" index="1" bw="64" slack="0"/>
</pin_list>
<bind>
<opcode="zext(34) " fcode="zext"/>
<opset="i_cast/1 "/>
</bind>
</comp>

<comp id="102" class="1004" name="store_ln110_store_fu_102">
<pin_list>
<pin id="103" dir="0" index="0" bw="12" slack="0"/>
<pin id="104" dir="0" index="1" bw="12" slack="0"/>
<pin id="105" dir="1" index="2" bw="0" slack="2147483647"/>
</pin_list>
<bind>
<opcode="store(28) " fcode="store"/>
<opset="store_ln110/1 "/>
</bind>
</comp>

<comp id="107" class="1004" name="bitcast_ln112_fu_107">
<pin_list>
<pin id="108" dir="0" index="0" bw="32" slack="2"/>
<pin id="109" dir="1" index="1" bw="32" slack="0"/>
</pin_list>
<bind>
<opcode="bitcast(44) " fcode="bitcast"/>
<opset="bitcast_ln112/4 "/>
</bind>
</comp>

<comp id="110" class="1004" name="tmp_fu_110">
<pin_list>
<pin id="111" dir="0" index="0" bw="8" slack="0"/>
<pin id="112" dir="0" index="1" bw="32" slack="0"/>
<pin id="113" dir="0" index="2" bw="6" slack="0"/>
<pin id="114" dir="0" index="3" bw="6" slack="0"/>
<pin id="115" dir="1" index="4" bw="8" slack="0"/>
</pin_list>
<bind>
<opcode="partselect(1002) " fcode="partselect"/>
<opset="tmp/4 "/>
</bind>
</comp>

<comp id="120" class="1004" name="trunc_ln112_fu_120">
<pin_list>
<pin id="121" dir="0" index="0" bw="32" slack="0"/>
<pin id="122" dir="1" index="1" bw="23" slack="0"/>
</pin_list>
<bind>
<opcode="trunc(33) " fcode="trunc"/>
<opset="trunc_ln112/4 "/>
</bind>
</comp>

<comp id="124" class="1004" name="icmp_ln112_fu_124">
<pin_list>
<pin id="125" dir="0" index="0" bw="8" slack="0"/>
<pin id="126" dir="0" index="1" bw="1" slack="0"/>
<pin id="127" dir="1" index="2" bw="1" slack="0"/>
</pin_list>
<bind>
<opcode="icmp(45) " fcode="icmp"/>
<opset="icmp_ln112/4 "/>
</bind>
</comp>

<comp id="130" class="1004" name="icmp_ln112_1_fu_130">
<pin_list>
<pin id="131" dir="0" index="0" bw="23" slack="0"/>
<pin id="132" dir="0" index="1" bw="1" slack="0"/>
<pin id="133" dir="1" index="2" bw="1" slack="0"/>
</pin_list>
<bind>
<opcode="icmp(45) " fcode="icmp"/>
<opset="icmp_ln112_1/4 "/>
</bind>
</comp>

<comp id="136" class="1004" name="or_ln112_fu_136">
<pin_list>
<pin id="137" dir="0" index="0" bw="1" slack="0"/>
<pin id="138" dir="0" index="1" bw="1" slack="0"/>
<pin id="139" dir="1" index="2" bw="1" slack="0"/>
</pin_list>
<bind>
<opcode="or(24) " fcode="or"/>
<opset="or_ln112/4 "/>
</bind>
</comp>

<comp id="142" class="1004" name="and_ln112_fu_142">
<pin_list>
<pin id="143" dir="0" index="0" bw="1" slack="0"/>
<pin id="144" dir="0" index="1" bw="1" slack="0"/>
<pin id="145" dir="1" index="2" bw="1" slack="0"/>
</pin_list>
<bind>
<opcode="and(23) " fcode="and"/>
<opset="and_ln112/4 "/>
</bind>
</comp>

<comp id="148" class="1004" name="select_ln112_fu_148">
<pin_list>
<pin id="149" dir="0" index="0" bw="1" slack="0"/>
<pin id="150" dir="0" index="1" bw="32" slack="2"/>
<pin id="151" dir="0" index="2" bw="32" slack="0"/>
<pin id="152" dir="1" index="3" bw="32" slack="1"/>
</pin_list>
<bind>
<opcode="select(49) " fcode="select"/>
<opset="select_ln112/4 "/>
</bind>
</comp>

<comp id="155" class="1005" name="i_reg_155">
<pin_list>
<pin id="156" dir="0" index="0" bw="12" slack="0"/>
<pin id="157" dir="1" index="1" bw="12" slack="0"/>
</pin_list>
<bind>
<opset="i "/>
</bind>
</comp>

<comp id="162" class="1005" name="icmp_ln110_reg_162">
<pin_list>
<pin id="163" dir="0" index="0" bw="1" slack="3"/>
<pin id="164" dir="1" index="1" bw="1" slack="2147483647"/>
</pin_list>
<bind>
<opset="icmp_ln110 "/>
</bind>
</comp>

<comp id="166" class="1005" name="i_cast_reg_166">
<pin_list>
<pin id="167" dir="0" index="0" bw="64" slack="4"/>
<pin id="168" dir="1" index="1" bw="64" slack="4"/>
</pin_list>
<bind>
<opset="i_cast "/>
</bind>
</comp>

<comp id="171" class="1005" name="vla1_i_addr_reg_171">
<pin_list>
<pin id="172" dir="0" index="0" bw="12" slack="1"/>
<pin id="173" dir="1" index="1" bw="12" slack="1"/>
</pin_list>
<bind>
<opset="vla1_i_addr "/>
</bind>
</comp>

<comp id="176" class="1005" name="vla1_i_load_reg_176">
<pin_list>
<pin id="177" dir="0" index="0" bw="32" slack="1"/>
<pin id="178" dir="1" index="1" bw="32" slack="1"/>
</pin_list>
<bind>
<opset="vla1_i_load "/>
</bind>
</comp>

<comp id="183" class="1005" name="select_ln112_reg_183">
<pin_list>
<pin id="184" dir="0" index="0" bw="32" slack="1"/>
<pin id="185" dir="1" index="1" bw="32" slack="1"/>
</pin_list>
<bind>
<opset="select_ln112 "/>
</bind>
</comp>

</comp_list>

<net_list>
<net id="45"><net_src comp="4" pin="0"/><net_sink comp="42" pin=0"/></net>

<net id="51"><net_src comp="0" pin="0"/><net_sink comp="46" pin=0"/></net>

<net id="52"><net_src comp="24" pin="0"/><net_sink comp="46" pin=1"/></net>

<net id="58"><net_src comp="46" pin="3"/><net_sink comp="53" pin=0"/></net>

<net id="64"><net_src comp="2" pin="0"/><net_sink comp="59" pin=0"/></net>

<net id="65"><net_src comp="24" pin="0"/><net_sink comp="59" pin=1"/></net>

<net id="71"><net_src comp="59" pin="3"/><net_sink comp="66" pin=0"/></net>

<net id="76"><net_src comp="26" pin="0"/><net_sink comp="72" pin=1"/></net>

<net id="81"><net_src comp="6" pin="0"/><net_sink comp="77" pin=0"/></net>

<net id="89"><net_src comp="82" pin="1"/><net_sink comp="85" pin=0"/></net>

<net id="90"><net_src comp="16" pin="0"/><net_sink comp="85" pin=1"/></net>

<net id="95"><net_src comp="82" pin="1"/><net_sink comp="91" pin=0"/></net>

<net id="96"><net_src comp="22" pin="0"/><net_sink comp="91" pin=1"/></net>

<net id="100"><net_src comp="82" pin="1"/><net_sink comp="97" pin=0"/></net>

<net id="101"><net_src comp="97" pin="1"/><net_sink comp="46" pin=2"/></net>

<net id="106"><net_src comp="91" pin="2"/><net_sink comp="102" pin=0"/></net>

<net id="116"><net_src comp="28" pin="0"/><net_sink comp="110" pin=0"/></net>

<net id="117"><net_src comp="107" pin="1"/><net_sink comp="110" pin=1"/></net>

<net id="118"><net_src comp="30" pin="0"/><net_sink comp="110" pin=2"/></net>

<net id="119"><net_src comp="32" pin="0"/><net_sink comp="110" pin=3"/></net>

<net id="123"><net_src comp="107" pin="1"/><net_sink comp="120" pin=0"/></net>

<net id="128"><net_src comp="110" pin="4"/><net_sink comp="124" pin=0"/></net>

<net id="129"><net_src comp="34" pin="0"/><net_sink comp="124" pin=1"/></net>

<net id="134"><net_src comp="120" pin="1"/><net_sink comp="130" pin=0"/></net>

<net id="135"><net_src comp="36" pin="0"/><net_sink comp="130" pin=1"/></net>

<net id="140"><net_src comp="130" pin="2"/><net_sink comp="136" pin=0"/></net>

<net id="141"><net_src comp="124" pin="2"/><net_sink comp="136" pin=1"/></net>

<net id="146"><net_src comp="136" pin="2"/><net_sink comp="142" pin=0"/></net>

<net id="147"><net_src comp="72" pin="2"/><net_sink comp="142" pin=1"/></net>

<net id="153"><net_src comp="142" pin="2"/><net_sink comp="148" pin=0"/></net>

<net id="154"><net_src comp="26" pin="0"/><net_sink comp="148" pin=2"/></net>

<net id="158"><net_src comp="42" pin="1"/><net_sink comp="155" pin=0"/></net>

<net id="159"><net_src comp="155" pin="1"/><net_sink comp="77" pin=1"/></net>

<net id="160"><net_src comp="155" pin="1"/><net_sink comp="82" pin=0"/></net>

<net id="161"><net_src comp="155" pin="1"/><net_sink comp="102" pin=1"/></net>

<net id="165"><net_src comp="85" pin="2"/><net_sink comp="162" pin=0"/></net>

<net id="169"><net_src comp="97" pin="1"/><net_sink comp="166" pin=0"/></net>

<net id="170"><net_src comp="166" pin="1"/><net_sink comp="59" pin=2"/></net>

<net id="174"><net_src comp="46" pin="3"/><net_sink comp="171" pin=0"/></net>

<net id="175"><net_src comp="171" pin="1"/><net_sink comp="53" pin=0"/></net>

<net id="179"><net_src comp="53" pin="3"/><net_sink comp="176" pin=0"/></net>

<net id="180"><net_src comp="176" pin="1"/><net_sink comp="72" pin=0"/></net>

<net id="181"><net_src comp="176" pin="1"/><net_sink comp="107" pin=0"/></net>

<net id="182"><net_src comp="176" pin="1"/><net_sink comp="148" pin=1"/></net>

<net id="186"><net_src comp="148" pin="3"/><net_sink comp="183" pin=0"/></net>

<net id="187"><net_src comp="183" pin="1"/><net_sink comp="66" pin=1"/></net>

</net_list>

</model> 
---------------- Datapath Model END ------------------

* FSMD analyzer results:
  - Output states:
	Port: vla42_i | {5 }
 - Input state : 
	Port: cnn_top_Pipeline_VITIS_LOOP_110_1 : vla1_i | {1 2 }
  - Chain level:
	State 1
		store_ln0 : 1
		i_7 : 1
		icmp_ln110 : 2
		i_8 : 2
		br_ln110 : 3
		i_cast : 2
		vla1_i_addr : 3
		vla1_i_load : 4
		store_ln110 : 3
	State 2
	State 3
	State 4
		tmp : 1
		trunc_ln112 : 1
		icmp_ln112 : 2
		icmp_ln112_1 : 2
		or_ln112 : 3
		and_ln112 : 3
		select_ln112 : 3
	State 5
		store_ln112 : 1


============================================================
+ Verbose Summary: Datapath Resource usage 
============================================================

* Functional unit list:
|----------|---------------------|---------|---------|
| Operation|   Functional Unit   |    FF   |   LUT   |
|----------|---------------------|---------|---------|
|          |   icmp_ln110_fu_85  |    0    |    12   |
|   icmp   |  icmp_ln112_fu_124  |    0    |    11   |
|          | icmp_ln112_1_fu_130 |    0    |    15   |
|----------|---------------------|---------|---------|
|  select  | select_ln112_fu_148 |    0    |    32   |
|----------|---------------------|---------|---------|
|    add   |      i_8_fu_91      |    0    |    12   |
|----------|---------------------|---------|---------|
|    or    |   or_ln112_fu_136   |    0    |    2    |
|----------|---------------------|---------|---------|
|    and   |   and_ln112_fu_142  |    0    |    2    |
|----------|---------------------|---------|---------|
|   fcmp   |      grp_fu_72      |    0    |    0    |
|----------|---------------------|---------|---------|
|   zext   |     i_cast_fu_97    |    0    |    0    |
|----------|---------------------|---------|---------|
|partselect|      tmp_fu_110     |    0    |    0    |
|----------|---------------------|---------|---------|
|   trunc  |  trunc_ln112_fu_120 |    0    |    0    |
|----------|---------------------|---------|---------|
|   Total  |                     |    0    |    86   |
|----------|---------------------|---------|---------|

Memories:
N/A

* Register list:
+--------------------+--------+
|                    |   FF   |
+--------------------+--------+
|   i_cast_reg_166   |   64   |
|      i_reg_155     |   12   |
| icmp_ln110_reg_162 |    1   |
|select_ln112_reg_183|   32   |
| vla1_i_addr_reg_171|   12   |
| vla1_i_load_reg_176|   32   |
+--------------------+--------+
|        Total       |   153  |
+--------------------+--------+

* Multiplexer (MUX) list: 
|------------------|------|------|------|--------||---------||---------|
|       Comp       |  Pin | Size |  BW  | S x BW ||  Delay  ||   LUT   |
|------------------|------|------|------|--------||---------||---------|
| grp_access_fu_53 |  p0  |   2  |  12  |   24   ||    9    |
|------------------|------|------|------|--------||---------||---------|
|       Total      |      |      |      |   24   ||  1.588  ||    9    |
|------------------|------|------|------|--------||---------||---------|



* Summary:
+-----------+--------+--------+--------+
|           |  Delay |   FF   |   LUT  |
+-----------+--------+--------+--------+
|  Function |    -   |    0   |   86   |
|   Memory  |    -   |    -   |    -   |
|Multiplexer|    1   |    -   |    9   |
|  Register |    -   |   153  |    -   |
+-----------+--------+--------+--------+
|   Total   |    1   |   153  |   95   |
+-----------+--------+--------+--------+
