

================================================================
== Vitis HLS Report for 'conv2d_2'
================================================================
* Date:           Thu Dec 22 16:27:43 2022

* Version:        2022.2 (Build 3670227 on Oct 13 2022)
* Project:        cnn_ip
* Solution:       solution1 (Vivado IP Flow Target)
* Product family: zynq
* Target device:  xc7z020-clg400-1


================================================================
== Performance Estimates
================================================================
+ Timing: 
    * Summary: 
    +--------+----------+----------+------------+
    |  Clock |  Target  | Estimated| Uncertainty|
    +--------+----------+----------+------------+
    |ap_clk  |  10.00 ns|  8.567 ns|     2.70 ns|
    +--------+----------+----------+------------+

+ Latency: 
    * Summary: 
    +---------+---------+----------+----------+-------+-------+---------+
    |  Latency (cycles) |  Latency (absolute) |    Interval   | Pipeline|
    |   min   |   max   |    min   |    max   |  min  |  max  |   Type  |
    +---------+---------+----------+----------+-------+-------+---------+
    |    28433|    28433|  0.284 ms|  0.284 ms|  28433|  28433|       no|
    +---------+---------+----------+----------+-------+-------+---------+

    + Detail: 
        * Instance: 
        N/A

        * Loop: 
        +---------------------------------------------------+---------+---------+----------+-----------+-----------+------+----------+
        |                                                   |  Latency (cycles) | Iteration|  Initiation Interval  | Trip |          |
        |                     Loop Name                     |   min   |   max   |  Latency |  achieved |   target  | Count| Pipelined|
        +---------------------------------------------------+---------+---------+----------+-----------+-----------+------+----------+
        |- VITIS_LOOP_31_1_VITIS_LOOP_33_2_VITIS_LOOP_35_3  |    28431|    28431|       226|         18|          1|  1568|       yes|
        +---------------------------------------------------+---------+---------+----------+-----------+-----------+------+----------+



================================================================
== Utilization Estimates
================================================================
* Summary: 
+-----------------+---------+-----+--------+-------+-----+
|       Name      | BRAM_18K| DSP |   FF   |  LUT  | URAM|
+-----------------+---------+-----+--------+-------+-----+
|DSP              |        -|    -|       -|      -|    -|
|Expression       |        -|    -|       0|   3800|    -|
|FIFO             |        -|    -|       -|      -|    -|
|Instance         |        -|    -|       -|      -|    -|
|Memory           |        -|    -|       -|      -|    -|
|Multiplexer      |        -|    -|       -|   1366|    -|
|Register         |        -|    -|    6254|   1312|    -|
+-----------------+---------+-----+--------+-------+-----+
|Total            |        0|    0|    6254|   6478|    0|
+-----------------+---------+-----+--------+-------+-----+
|Available        |      280|  220|  106400|  53200|    0|
+-----------------+---------+-----+--------+-------+-----+
|Utilization (%)  |        0|    0|       5|     12|    0|
+-----------------+---------+-----+--------+-------+-----+

+ Detail: 
    * Instance: 
    N/A

    * DSP: 
    N/A

    * Memory: 
    N/A

    * FIFO: 
    N/A

    * Expression: 
    +---------------------------+----------+----+---+----+------------+------------+
    |       Variable Name       | Operation| DSP| FF| LUT| Bitwidth P0| Bitwidth P1|
    +---------------------------+----------+----+---+----+------------+------------+
    |add_ln31_10_fu_3470_p2     |         +|   0|  0|  14|           9|           2|
    |add_ln31_11_fu_3153_p2     |         +|   0|  0|  14|           9|           2|
    |add_ln31_12_fu_3070_p2     |         +|   0|  0|  14|           9|           2|
    |add_ln31_13_fu_2730_p2     |         +|   0|  0|  14|           9|           2|
    |add_ln31_14_fu_2740_p2     |         +|   0|  0|  14|           9|           1|
    |add_ln31_15_fu_2562_p2     |         +|   0|  0|  14|           9|           2|
    |add_ln31_16_fu_2359_p2     |         +|   0|  0|  14|           9|           2|
    |add_ln31_17_fu_2369_p2     |         +|   0|  0|  14|           9|           1|
    |add_ln31_18_fu_2132_p2     |         +|   0|  0|  14|           9|           2|
    |add_ln31_19_fu_1784_p2     |         +|   0|  0|  14|           9|           2|
    |add_ln31_1_fu_1774_p2      |         +|   0|  0|  14|           9|           1|
    |add_ln31_20_fu_3624_p2     |         +|   0|  0|  12|          11|           1|
    |add_ln31_2_fu_2496_p2      |         +|   0|  0|  14|           9|           1|
    |add_ln31_3_fu_3143_p2      |         +|   0|  0|  14|           9|           1|
    |add_ln31_4_fu_3840_p2      |         +|   0|  0|  14|           9|           1|
    |add_ln31_5_fu_3967_p2      |         +|   0|  0|  14|           9|           2|
    |add_ln31_6_fu_3977_p2      |         +|   0|  0|  14|           9|           1|
    |add_ln31_7_fu_3907_p2      |         +|   0|  0|  14|           9|           2|
    |add_ln31_8_fu_3702_p2      |         +|   0|  0|  14|           9|           2|
    |add_ln31_9_fu_3712_p2      |         +|   0|  0|  14|           9|           1|
    |add_ln31_fu_1046_p2        |         +|   0|  0|  13|           4|           1|
    |add_ln33_fu_3940_p2        |         +|   0|  0|  15|           8|           1|
    |add_ln46_1_fu_1861_p2      |         +|   0|  0|  13|           4|           1|
    |add_ln46_fu_1520_p2        |         +|   0|  0|  13|           5|           2|
    |add_ln57_10_fu_2478_p2     |         +|   0|  0|  14|           9|           9|
    |add_ln57_11_fu_2487_p2     |         +|   0|  0|  14|           9|           9|
    |add_ln57_12_fu_2524_p2     |         +|   0|  0|  14|           9|           9|
    |add_ln57_13_fu_2533_p2     |         +|   0|  0|  14|           9|           9|
    |add_ln57_14_fu_2542_p2     |         +|   0|  0|  14|           9|           9|
    |add_ln57_15_fu_2546_p2     |         +|   0|  0|  14|           9|           9|
    |add_ln57_16_fu_2550_p2     |         +|   0|  0|  14|           9|           9|
    |add_ln57_17_fu_2554_p2     |         +|   0|  0|  14|           9|           9|
    |add_ln57_18_fu_2923_p2     |         +|   0|  0|  13|          10|          10|
    |add_ln57_19_fu_2933_p2     |         +|   0|  0|  13|          10|          10|
    |add_ln57_1_fu_1724_p2      |         +|   0|  0|  14|           9|           9|
    |add_ln57_20_fu_3093_p2     |         +|   0|  0|  13|          10|          10|
    |add_ln57_21_fu_3103_p2     |         +|   0|  0|  13|          10|          10|
    |add_ln57_22_fu_3218_p2     |         +|   0|  0|  13|          10|          10|
    |add_ln57_23_fu_3227_p2     |         +|   0|  0|  13|          10|          10|
    |add_ln57_24_fu_3448_p2     |         +|   0|  0|  13|          10|          10|
    |add_ln57_25_fu_3457_p2     |         +|   0|  0|  13|          10|          10|
    |add_ln57_26_fu_3490_p2     |         +|   0|  0|  13|          10|          10|
    |add_ln57_27_fu_3499_p2     |         +|   0|  0|  13|          10|          10|
    |add_ln57_28_fu_3817_p2     |         +|   0|  0|  13|          10|          10|
    |add_ln57_29_fu_3826_p2     |         +|   0|  0|  13|          10|          10|
    |add_ln57_2_fu_1870_p2      |         +|   0|  0|  14|           9|           9|
    |add_ln57_30_fu_3864_p2     |         +|   0|  0|  13|          10|          10|
    |add_ln57_31_fu_3873_p2     |         +|   0|  0|  13|          10|          10|
    |add_ln57_32_fu_3882_p2     |         +|   0|  0|  13|          10|          10|
    |add_ln57_33_fu_3886_p2     |         +|   0|  0|  13|          10|          10|
    |add_ln57_34_fu_3890_p2     |         +|   0|  0|  13|          10|          10|
    |add_ln57_35_fu_3894_p2     |         +|   0|  0|  13|          10|          10|
    |add_ln57_3_fu_1552_p2      |         +|   0|  0|  14|           9|           9|
    |add_ln57_4_fu_1562_p2      |         +|   0|  0|  14|           9|           9|
    |add_ln57_5_fu_1880_p2      |         +|   0|  0|  14|           9|           9|
    |add_ln57_6_fu_2110_p2      |         +|   0|  0|  14|           9|           9|
    |add_ln57_7_fu_2119_p2      |         +|   0|  0|  14|           9|           9|
    |add_ln57_8_fu_2152_p2      |         +|   0|  0|  14|           9|           9|
    |add_ln57_9_fu_2161_p2      |         +|   0|  0|  14|           9|           9|
    |add_ln57_fu_1715_p2        |         +|   0|  0|  14|           9|           9|
    |add_ln65_fu_1572_p2        |         +|   0|  0|  12|          11|          11|
    |empty_102_fu_1270_p2       |         +|   0|  0|  13|           5|           2|
    |empty_105_fu_1733_p2       |         +|   0|  0|  13|           4|           1|
    |empty_107_fu_1944_p2       |         +|   0|  0|  13|           5|           4|
    |empty_109_fu_2224_p2       |         +|   0|  0|  13|           5|           4|
    |empty_111_fu_2255_p2       |         +|   0|  0|  13|           5|           4|
    |empty_113_fu_2642_p2       |         +|   0|  0|  14|           6|           5|
    |empty_115_fu_2817_p2       |         +|   0|  0|  14|           6|           5|
    |empty_117_fu_3112_p2       |         +|   0|  0|  14|           6|           5|
    |empty_119_fu_3285_p2       |         +|   0|  0|  14|           6|           6|
    |empty_121_fu_3562_p2       |         +|   0|  0|  14|           6|           6|
    |empty_123_fu_3593_p2       |         +|   0|  0|  14|           6|           6|
    |empty_73_fu_2170_p2        |         +|   0|  0|  15|           8|           1|
    |empty_76_fu_2197_p2        |         +|   0|  0|  15|           8|           2|
    |empty_86_fu_2970_p2        |         +|   0|  0|  15|           8|           2|
    |empty_93_fu_3508_p2        |         +|   0|  0|  15|           8|           1|
    |empty_96_fu_3535_p2        |         +|   0|  0|  15|           8|           2|
    |empty_99_fu_1234_p2        |         +|   0|  0|  15|           8|           8|
    |p_dup7_fu_1156_p2          |         +|   0|  0|  13|           4|           1|
    |p_mid1175_fu_2291_p2       |         +|   0|  0|  15|           8|           1|
    |p_mid1179_fu_2325_p2       |         +|   0|  0|  15|           8|           2|
    |p_mid1193_fu_3031_p2       |         +|   0|  0|  15|           8|           2|
    |p_mid1203_fu_3634_p2       |         +|   0|  0|  15|           8|           1|
    |p_mid1207_fu_3668_p2       |         +|   0|  0|  15|           8|           2|
    |p_mid129_fu_1450_p2        |         +|   0|  0|  13|           5|           2|
    |p_mid137_fu_1806_p2        |         +|   0|  0|  13|           4|           2|
    |p_mid141_fu_2062_p2        |         +|   0|  0|  13|           5|           4|
    |p_mid145_fu_2398_p2        |         +|   0|  0|  13|           5|           4|
    |p_mid149_fu_2436_p2        |         +|   0|  0|  13|           5|           4|
    |p_mid153_fu_2770_p2        |         +|   0|  0|  14|           6|           5|
    |p_mid157_fu_2879_p2        |         +|   0|  0|  14|           6|           5|
    |p_mid161_fu_3180_p2        |         +|   0|  0|  14|           6|           5|
    |p_mid165_fu_3403_p2        |         +|   0|  0|  14|           6|           6|
    |p_mid169_fu_3741_p2        |         +|   0|  0|  14|           6|           6|
    |p_mid173_fu_3779_p2        |         +|   0|  0|  14|           6|           6|
    |p_mid1_fu_1407_p2          |         +|   0|  0|  15|           8|           8|
    |empty_101_fu_1264_p2       |         -|   0|  0|  12|          11|          11|
    |empty_103_fu_1296_p2       |         -|   0|  0|  14|           9|           9|
    |empty_104_fu_1028_p2       |         -|   0|  0|  14|           9|           9|
    |empty_106_fu_1768_p2       |         -|   0|  0|  14|           9|           9|
    |empty_108_fu_1969_p2       |         -|   0|  0|  14|           9|           9|
    |empty_110_fu_2249_p2       |         -|   0|  0|  14|           9|           9|
    |empty_112_fu_2280_p2       |         -|   0|  0|  14|           9|           9|
    |empty_114_fu_2668_p2       |         -|   0|  0|  13|          10|          10|
    |empty_116_fu_2842_p2       |         -|   0|  0|  13|          10|          10|
    |empty_118_fu_3137_p2       |         -|   0|  0|  13|          10|          10|
    |empty_120_fu_3310_p2       |         -|   0|  0|  13|          10|          10|
    |empty_122_fu_3587_p2       |         -|   0|  0|  13|          10|          10|
    |empty_124_fu_3618_p2       |         -|   0|  0|  13|          10|          10|
    |empty_59_fu_1223_p2        |         -|   0|  0|  15|           8|           8|
    |empty_60_fu_976_p2         |         -|   0|  0|  15|           8|           8|
    |empty_62_fu_998_p2         |         -|   0|  0|  14|           9|           9|
    |empty_65_fu_1599_p2        |         -|   0|  0|  14|           9|           9|
    |empty_68_fu_1626_p2        |         -|   0|  0|  14|           9|           9|
    |empty_70_fu_1916_p2        |         -|   0|  0|  15|           8|           8|
    |empty_72_fu_1938_p2        |         -|   0|  0|  14|           9|           9|
    |empty_75_fu_2191_p2        |         -|   0|  0|  14|           9|           9|
    |empty_78_fu_2218_p2        |         -|   0|  0|  14|           9|           9|
    |empty_80_fu_2611_p2        |         -|   0|  0|  15|           8|           8|
    |empty_82_fu_2633_p2        |         -|   0|  0|  14|           9|           9|
    |empty_85_fu_2964_p2        |         -|   0|  0|  14|           9|           9|
    |empty_88_fu_2991_p2        |         -|   0|  0|  14|           9|           9|
    |empty_90_fu_3257_p2        |         -|   0|  0|  15|           8|           8|
    |empty_92_fu_3279_p2        |         -|   0|  0|  14|           9|           9|
    |empty_95_fu_3529_p2        |         -|   0|  0|  14|           9|           9|
    |empty_98_fu_3556_p2        |         -|   0|  0|  14|           9|           9|
    |p_mid1153_fu_1319_p2       |         -|   0|  0|  15|           8|           8|
    |p_mid1157_fu_1094_p2       |         -|   0|  0|  15|           8|           8|
    |p_mid1159_fu_1116_p2       |         -|   0|  0|  14|           9|           9|
    |p_mid1163_fu_1653_p2       |         -|   0|  0|  14|           9|           9|
    |p_mid1167_fu_1687_p2       |         -|   0|  0|  14|           9|           9|
    |p_mid1171_fu_1996_p2       |         -|   0|  0|  15|           8|           8|
    |p_mid1173_fu_2018_p2       |         -|   0|  0|  14|           9|           9|
    |p_mid1177_fu_2312_p2       |         -|   0|  0|  14|           9|           9|
    |p_mid1181_fu_2346_p2       |         -|   0|  0|  14|           9|           9|
    |p_mid1185_fu_2695_p2       |         -|   0|  0|  15|           8|           8|
    |p_mid1187_fu_2717_p2       |         -|   0|  0|  14|           9|           9|
    |p_mid1191_fu_3018_p2       |         -|   0|  0|  14|           9|           9|
    |p_mid1195_fu_3052_p2       |         -|   0|  0|  14|           9|           9|
    |p_mid1199_fu_3337_p2       |         -|   0|  0|  15|           8|           8|
    |p_mid1201_fu_3359_p2       |         -|   0|  0|  14|           9|           9|
    |p_mid1205_fu_3655_p2       |         -|   0|  0|  14|           9|           9|
    |p_mid1209_fu_3689_p2       |         -|   0|  0|  14|           9|           9|
    |p_mid1229_fu_1369_p2       |         -|   0|  0|  12|          11|          11|
    |p_mid127_fu_1437_p2        |         -|   0|  0|  12|          11|          11|
    |p_mid133_fu_1483_p2        |         -|   0|  0|  14|           9|           9|
    |p_mid135_fu_1200_p2        |         -|   0|  0|  14|           9|           9|
    |p_mid139_fu_1848_p2        |         -|   0|  0|  14|           9|           9|
    |p_mid143_fu_2087_p2        |         -|   0|  0|  14|           9|           9|
    |p_mid147_fu_2423_p2        |         -|   0|  0|  14|           9|           9|
    |p_mid151_fu_2461_p2        |         -|   0|  0|  14|           9|           9|
    |p_mid155_fu_2796_p2        |         -|   0|  0|  13|          10|          10|
    |p_mid159_fu_2904_p2        |         -|   0|  0|  13|          10|          10|
    |p_mid163_fu_3205_p2        |         -|   0|  0|  13|          10|          10|
    |p_mid167_fu_3428_p2        |         -|   0|  0|  13|          10|          10|
    |p_mid171_fu_3766_p2        |         -|   0|  0|  13|          10|          10|
    |p_mid175_fu_3804_p2        |         -|   0|  0|  13|          10|          10|
    |and_ln31_1_fu_1150_p2      |       and|   0|  0|   2|           1|           1|
    |and_ln31_fu_1794_p2        |       and|   0|  0|   2|           1|           1|
    |cmp25_0_2_fu_1738_p2       |      icmp|   0|  0|   9|           4|           3|
    |cmp25_0_2_mid1_fu_1811_p2  |      icmp|   0|  0|   9|           4|           3|
    |icmp_ln31_fu_1034_p2       |      icmp|   0|  0|  11|          11|          10|
    |icmp_ln33_fu_1052_p2       |      icmp|   0|  0|  11|           8|           7|
    |icmp_ln35_fu_1144_p2       |      icmp|   0|  0|   9|           4|           3|
    |icmp_ln49_fu_2100_p2       |      icmp|   0|  0|   9|           4|           3|
    |empty_63_fu_1578_p2        |        or|   0|  0|   8|           8|           1|
    |empty_66_fu_1605_p2        |        or|   0|  0|   8|           8|           2|
    |empty_69_fu_1895_p2        |        or|   0|  0|   5|           5|           1|
    |empty_79_fu_2590_p2        |        or|   0|  0|   5|           5|           2|
    |empty_83_fu_2943_p2        |        or|   0|  0|   8|           8|           1|
    |empty_89_fu_3236_p2        |        or|   0|  0|   5|           5|           2|
    |or_ln31_1_fu_2853_p2       |        or|   0|  0|   9|           9|           1|
    |or_ln31_2_fu_2031_p2       |        or|   0|  0|   9|           9|           1|
    |or_ln31_3_fu_1705_p2       |        or|   0|  0|   9|           9|           2|
    |or_ln31_4_fu_1331_p2       |        or|   0|  0|   9|           9|           1|
    |or_ln31_5_fu_1396_p2       |        or|   0|  0|   2|           1|           1|
    |or_ln31_fu_3372_p2         |        or|   0|  0|   9|           9|           1|
    |or_ln33_fu_1162_p2         |        or|   0|  0|   2|           1|           1|
    |or_ln49_1_fu_2105_p2       |        or|   0|  0|   2|           1|           1|
    |or_ln49_2_fu_2474_p2       |        or|   0|  0|   2|           1|           1|
    |or_ln49_3_fu_2520_p2       |        or|   0|  0|   2|           1|           1|
    |or_ln49_fu_1530_p2         |        or|   0|  0|   5|           5|           5|
    |p_mid1161_fu_1632_p2       |        or|   0|  0|   8|           8|           1|
    |p_mid1165_fu_1666_p2       |        or|   0|  0|   8|           8|           2|
    |p_mid1169_fu_1975_p2       |        or|   0|  0|   5|           5|           1|
    |p_mid1183_fu_2674_p2       |        or|   0|  0|   5|           5|           2|
    |p_mid1189_fu_2997_p2       |        or|   0|  0|   8|           8|           1|
    |p_mid1197_fu_3316_p2       |        or|   0|  0|   5|           5|           2|
    |select_ln31_10_fu_2723_p3  |    select|   0|  0|   9|           1|           9|
    |select_ln31_11_fu_2352_p3  |    select|   0|  0|   9|           1|           9|
    |select_ln31_12_fu_2024_p3  |    select|   0|  0|   9|           1|           9|
    |select_ln31_13_fu_1693_p3  |    select|   0|  0|   9|           1|           9|
    |select_ln31_14_fu_1122_p3  |    select|   0|  0|   9|           1|           9|
    |select_ln31_15_fu_1375_p3  |    select|   0|  0|  11|           1|          11|
    |select_ln31_16_fu_1382_p3  |    select|   0|  0|   6|           1|           6|
    |select_ln31_17_fu_1389_p3  |    select|   0|  0|   9|           1|           5|
    |select_ln31_18_fu_1130_p3  |    select|   0|  0|   9|           1|           1|
    |select_ln31_19_fu_1799_p3  |    select|   0|  0|   9|           1|           4|
    |select_ln31_1_fu_1324_p3   |    select|   0|  0|   8|           1|           8|
    |select_ln31_20_fu_2055_p3  |    select|   0|  0|   9|           1|           8|
    |select_ln31_21_fu_2384_p3  |    select|   0|  0|   9|           1|           8|
    |select_ln31_22_fu_2391_p3  |    select|   0|  0|   9|           1|           8|
    |select_ln31_23_fu_2760_p3  |    select|   0|  0|  10|           1|           9|
    |select_ln31_24_fu_2872_p3  |    select|   0|  0|  10|           1|           9|
    |select_ln31_25_fu_3173_p3  |    select|   0|  0|  10|           1|           9|
    |select_ln31_26_fu_3396_p3  |    select|   0|  0|  10|           1|          10|
    |select_ln31_27_fu_3727_p3  |    select|   0|  0|  10|           1|          10|
    |select_ln31_28_fu_3734_p3  |    select|   0|  0|  10|           1|          10|
    |select_ln31_2_fu_3898_p3   |    select|   0|  0|   4|           1|           4|
    |select_ln31_3_fu_1659_p3   |    select|   0|  0|   9|           1|           9|
    |select_ln31_4_fu_2318_p3   |    select|   0|  0|   9|           1|           9|
    |select_ln31_5_fu_3024_p3   |    select|   0|  0|   9|           1|           9|
    |select_ln31_6_fu_3661_p3   |    select|   0|  0|   9|           1|           9|
    |select_ln31_7_fu_3695_p3   |    select|   0|  0|   9|           1|           9|
    |select_ln31_8_fu_3365_p3   |    select|   0|  0|   9|           1|           9|
    |select_ln31_9_fu_3058_p3   |    select|   0|  0|   9|           1|           9|
    |select_ln31_fu_1058_p3     |    select|   0|  0|   4|           1|           1|
    |select_ln33_10_fu_2802_p3  |    select|   0|  0|  10|           1|          10|
    |select_ln33_11_fu_2910_p3  |    select|   0|  0|  10|           1|          10|
    |select_ln33_12_fu_3211_p3  |    select|   0|  0|  10|           1|          10|
    |select_ln33_13_fu_3434_p3  |    select|   0|  0|  10|           1|          10|
    |select_ln33_14_fu_3772_p3  |    select|   0|  0|  10|           1|          10|
    |select_ln33_15_fu_3810_p3  |    select|   0|  0|  10|           1|          10|
    |select_ln33_16_fu_1504_p3  |    select|   0|  0|   2|           1|           1|
    |select_ln33_17_fu_3927_p3  |    select|   0|  0|   4|           1|           4|
    |select_ln33_18_fu_3945_p3  |    select|   0|  0|   8|           1|           1|
    |select_ln33_1_fu_1443_p3   |    select|   0|  0|  11|           1|          11|
    |select_ln33_2_fu_1456_p3   |    select|   0|  0|   5|           1|           5|
    |select_ln33_3_fu_1489_p3   |    select|   0|  0|   9|           1|           9|
    |select_ln33_4_fu_1206_p3   |    select|   0|  0|   9|           1|           9|
    |select_ln33_5_fu_1817_p3   |    select|   0|  0|   2|           1|           1|
    |select_ln33_6_fu_1854_p3   |    select|   0|  0|   9|           1|           9|
    |select_ln33_7_fu_2093_p3   |    select|   0|  0|   9|           1|           9|
    |select_ln33_8_fu_2429_p3   |    select|   0|  0|   9|           1|           9|
    |select_ln33_9_fu_2467_p3   |    select|   0|  0|   9|           1|           9|
    |select_ln33_fu_1168_p3     |    select|   0|  0|   4|           1|           1|
    |select_ln49_10_fu_4096_p3  |    select|   0|  0|  32|           1|          32|
    |select_ln49_11_fu_4102_p3  |    select|   0|  0|  32|           1|          32|
    |select_ln49_12_fu_4109_p3  |    select|   0|  0|  32|           1|          32|
    |select_ln49_13_fu_4121_p3  |    select|   0|  0|  32|           1|          32|
    |select_ln49_14_fu_4127_p3  |    select|   0|  0|  32|           1|          32|
    |select_ln49_15_fu_4133_p3  |    select|   0|  0|  32|           1|          32|
    |select_ln49_16_fu_4139_p3  |    select|   0|  0|  32|           1|          32|
    |select_ln49_17_fu_4145_p3  |    select|   0|  0|  32|           1|          32|
    |select_ln49_18_fu_4151_p3  |    select|   0|  0|  32|           1|          32|
    |select_ln49_19_fu_4158_p3  |    select|   0|  0|  32|           1|          32|
    |select_ln49_1_fu_4015_p3   |    select|   0|  0|  32|           1|          32|
    |select_ln49_20_fu_4170_p3  |    select|   0|  0|  32|           1|          32|
    |select_ln49_21_fu_4176_p3  |    select|   0|  0|  32|           1|          32|
    |select_ln49_22_fu_4182_p3  |    select|   0|  0|  32|           1|          32|
    |select_ln49_23_fu_4188_p3  |    select|   0|  0|  32|           1|          32|
    |select_ln49_24_fu_4194_p3  |    select|   0|  0|  32|           1|          32|
    |select_ln49_25_fu_4200_p3  |    select|   0|  0|  32|           1|          32|
    |select_ln49_26_fu_4207_p3  |    select|   0|  0|  32|           1|          32|
    |select_ln49_27_fu_4223_p3  |    select|   0|  0|  32|           1|          32|
    |select_ln49_2_fu_4041_p3   |    select|   0|  0|  32|           1|          32|
    |select_ln49_3_fu_4047_p3   |    select|   0|  0|  32|           1|          32|
    |select_ln49_4_fu_4053_p3   |    select|   0|  0|  32|           1|          32|
    |select_ln49_5_fu_4060_p3   |    select|   0|  0|  32|           1|          32|
    |select_ln49_6_fu_4072_p3   |    select|   0|  0|  32|           1|          32|
    |select_ln49_7_fu_4078_p3   |    select|   0|  0|  32|           1|          32|
    |select_ln49_8_fu_4084_p3   |    select|   0|  0|  32|           1|          32|
    |select_ln49_9_fu_4090_p3   |    select|   0|  0|  32|           1|          32|
    |select_ln49_fu_3441_p3     |    select|   0|  0|  32|           1|           1|
    |sum_2_0_2_1_fu_4066_p3     |    select|   0|  0|  32|           1|          32|
    |sum_2_1_2_1_fu_4115_p3     |    select|   0|  0|  32|           1|          32|
    |sum_2_2_2_1_fu_4164_p3     |    select|   0|  0|  32|           1|          32|
    |sum_2_3_2_1_fu_4213_p3     |    select|   0|  0|  32|           1|          32|
    |ap_enable_pp0              |       xor|   0|  0|   2|           1|           2|
    |xor_ln31_fu_1138_p2        |       xor|   0|  0|   2|           1|           2|
    +---------------------------+----------+----+---+----+------------+------------+
    |Total                      |          |   0|  0|3800|        1585|        2505|
    +---------------------------+----------+----+---+----+------------+------------+

    * Multiplexer: 
    +-----------------------------------------+----+-----------+-----+-----------+
    |                   Name                  | LUT| Input Size| Bits| Total Bits|
    +-----------------------------------------+----+-----------+-----+-----------+
    |ap_NS_fsm                                |  93|         19|    1|         19|
    |ap_done_int                              |   9|          2|    1|          2|
    |ap_enable_reg_pp0_iter0                  |   9|          2|    1|          2|
    |ap_enable_reg_pp0_iter1                  |   9|          2|    1|          2|
    |ap_enable_reg_pp0_iter12                 |   9|          2|    1|          2|
    |ap_loop_exit_ready_pp0_iter10_reg        |   9|          2|    1|          2|
    |ap_loop_exit_ready_pp0_iter11_reg        |   9|          2|    1|          2|
    |ap_loop_exit_ready_pp0_iter1_reg         |   9|          2|    1|          2|
    |ap_loop_exit_ready_pp0_iter2_reg         |   9|          2|    1|          2|
    |ap_loop_exit_ready_pp0_iter3_reg         |   9|          2|    1|          2|
    |ap_loop_exit_ready_pp0_iter4_reg         |   9|          2|    1|          2|
    |ap_loop_exit_ready_pp0_iter5_reg         |   9|          2|    1|          2|
    |ap_loop_exit_ready_pp0_iter6_reg         |   9|          2|    1|          2|
    |ap_loop_exit_ready_pp0_iter7_reg         |   9|          2|    1|          2|
    |ap_loop_exit_ready_pp0_iter8_reg         |   9|          2|    1|          2|
    |ap_loop_exit_ready_pp0_iter9_reg         |   9|          2|    1|          2|
    |ap_sig_allocacmp_h_3                     |   9|          2|    4|          8|
    |ap_sig_allocacmp_indvar_flatten409_load  |   9|          2|   11|         22|
    |ap_sig_allocacmp_indvar_flatten_load     |   9|          2|    8|         16|
    |ap_sig_allocacmp_och_1                   |   9|          2|    4|          8|
    |ap_sig_allocacmp_w_load                  |   9|          2|    4|          8|
    |grp_fu_794_p0                            |  65|         16|   32|        512|
    |grp_fu_794_p1                            |  65|         16|   32|        512|
    |grp_fu_799_p0                            |  65|         14|   32|        448|
    |grp_fu_799_p1                            |  65|         14|   32|        448|
    |grp_fu_803_p0                            |  53|         10|   32|        320|
    |grp_fu_803_p1                            |  53|         10|   32|        320|
    |grp_fu_807_p0                            |  53|         10|   32|        320|
    |grp_fu_807_p1                            |  93|         19|   32|        608|
    |grp_fu_811_p0                            |  53|         10|   32|        320|
    |grp_fu_811_p1                            |  93|         19|   32|        608|
    |h_fu_158                                 |   9|          2|    4|          8|
    |indvar_flatten409_fu_170                 |   9|          2|   11|         22|
    |indvar_flatten_fu_162                    |   9|          2|    8|         16|
    |och_fu_166                               |   9|          2|    4|          8|
    |reg_829                                  |   9|          2|   32|         64|
    |reg_853                                  |   9|          2|   32|         64|
    |w_fu_154                                 |   9|          2|    4|          8|
    |weight1_address0                         |  93|         19|    9|        171|
    |weight1_address1                         |  93|         19|    9|        171|
    |x_address0                               |  93|         19|   10|        190|
    |x_address1                               |  93|         19|   10|        190|
    +-----------------------------------------+----+-----------+-----+-----------+
    |Total                                    |1366|        287|  500|       5439|
    +-----------------------------------------+----+-----------+-----+-----------+

    * Register: 
    +-----------------------------------+----+----+-----+-----------+
    |                Name               | FF | LUT| Bits| Const Bits|
    +-----------------------------------+----+----+-----+-----------+
    |add_ln31_reg_4318                  |   4|   0|    4|          0|
    |add_ln46_1_reg_4591                |   4|   0|    4|          0|
    |add_ln46_reg_4485                  |   5|   0|    5|          0|
    |add_ln57_14_reg_4832               |   9|   0|    9|          0|
    |add_ln57_15_reg_4837               |   9|   0|    9|          0|
    |add_ln57_16_reg_4842               |   9|   0|    9|          0|
    |add_ln57_17_reg_4847               |   9|   0|    9|          0|
    |add_ln57_32_reg_5370               |  10|   0|   10|          0|
    |add_ln57_33_reg_5375               |  10|   0|   10|          0|
    |add_ln57_34_reg_5380               |  10|   0|   10|          0|
    |add_ln57_35_reg_5385               |  10|   0|   10|          0|
    |add_ln65_reg_4526                  |  11|   0|   11|          0|
    |and_ln31_1_reg_4392                |   1|   0|    1|          0|
    |ap_CS_fsm                          |  18|   0|   18|          0|
    |ap_done_reg                        |   1|   0|    1|          0|
    |ap_enable_reg_pp0_iter0_reg        |   1|   0|    1|          0|
    |ap_enable_reg_pp0_iter1            |   1|   0|    1|          0|
    |ap_enable_reg_pp0_iter10           |   1|   0|    1|          0|
    |ap_enable_reg_pp0_iter11           |   1|   0|    1|          0|
    |ap_enable_reg_pp0_iter12           |   1|   0|    1|          0|
    |ap_enable_reg_pp0_iter2            |   1|   0|    1|          0|
    |ap_enable_reg_pp0_iter3            |   1|   0|    1|          0|
    |ap_enable_reg_pp0_iter4            |   1|   0|    1|          0|
    |ap_enable_reg_pp0_iter5            |   1|   0|    1|          0|
    |ap_enable_reg_pp0_iter6            |   1|   0|    1|          0|
    |ap_enable_reg_pp0_iter7            |   1|   0|    1|          0|
    |ap_enable_reg_pp0_iter8            |   1|   0|    1|          0|
    |ap_enable_reg_pp0_iter9            |   1|   0|    1|          0|
    |ap_loop_exit_ready_pp0_iter10_reg  |   1|   0|    1|          0|
    |ap_loop_exit_ready_pp0_iter11_reg  |   1|   0|    1|          0|
    |ap_loop_exit_ready_pp0_iter1_reg   |   1|   0|    1|          0|
    |ap_loop_exit_ready_pp0_iter2_reg   |   1|   0|    1|          0|
    |ap_loop_exit_ready_pp0_iter3_reg   |   1|   0|    1|          0|
    |ap_loop_exit_ready_pp0_iter4_reg   |   1|   0|    1|          0|
    |ap_loop_exit_ready_pp0_iter5_reg   |   1|   0|    1|          0|
    |ap_loop_exit_ready_pp0_iter6_reg   |   1|   0|    1|          0|
    |ap_loop_exit_ready_pp0_iter7_reg   |   1|   0|    1|          0|
    |ap_loop_exit_ready_pp0_iter8_reg   |   1|   0|    1|          0|
    |ap_loop_exit_ready_pp0_iter9_reg   |   1|   0|    1|          0|
    |bias1_load_reg_5776                |  32|   0|   32|          0|
    |empty_60_reg_4303                  |   6|   0|    8|          2|
    |empty_70_reg_4615                  |   6|   0|    8|          2|
    |empty_80_reg_4892                  |   6|   0|    8|          2|
    |empty_90_reg_5150                  |   6|   0|    8|          2|
    |h_3_reg_4272                       |   4|   0|    4|          0|
    |h_fu_158                           |   4|   0|    4|          0|
    |icmp_ln31_reg_4309                 |   1|   0|    1|          0|
    |icmp_ln33_reg_4324                 |   1|   0|    1|          0|
    |icmp_ln49_reg_4661                 |   1|   0|    1|          0|
    |indvar_flatten409_fu_170           |  11|   0|   11|          0|
    |indvar_flatten409_load_reg_4286    |  11|   0|   11|          0|
    |indvar_flatten_fu_162              |   8|   0|    8|          0|
    |indvar_flatten_load_reg_4313       |   8|   0|    8|          0|
    |mul_0_0_1_reg_4809                 |  32|   0|   32|          0|
    |mul_0_0_2_reg_4872                 |  32|   0|   32|          0|
    |mul_0_1_1_reg_4956                 |  32|   0|   32|          0|
    |mul_0_1_1_reg_4956_pp0_iter1_reg   |  32|   0|   32|          0|
    |mul_0_1_2_reg_4961                 |  32|   0|   32|          0|
    |mul_0_1_2_reg_4961_pp0_iter1_reg   |  32|   0|   32|          0|
    |mul_0_1_reg_4877                   |  32|   0|   32|          0|
    |mul_0_2_1_reg_5026                 |  32|   0|   32|          0|
    |mul_0_2_2_reg_5083                 |  32|   0|   32|          0|
    |mul_0_2_reg_5021                   |  32|   0|   32|          0|
    |mul_1_0_1_reg_5130                 |  32|   0|   32|          0|
    |mul_1_0_2_reg_5135                 |  32|   0|   32|          0|
    |mul_1_1_1_reg_5207                 |  32|   0|   32|          0|
    |mul_1_1_2_reg_5242                 |  32|   0|   32|          0|
    |mul_1_1_reg_5202                   |  32|   0|   32|          0|
    |mul_1_2_1_reg_5310                 |  32|   0|   32|          0|
    |mul_1_2_2_reg_5315                 |  32|   0|   32|          0|
    |mul_1_2_reg_5247                   |  32|   0|   32|          0|
    |mul_1_reg_5088                     |  32|   0|   32|          0|
    |mul_2_0_1_reg_5355                 |  32|   0|   32|          0|
    |mul_2_0_2_reg_5415                 |  32|   0|   32|          0|
    |mul_2_1_1_reg_5465                 |  32|   0|   32|          0|
    |mul_2_1_2_reg_5470                 |  32|   0|   32|          0|
    |mul_2_1_reg_5420                   |  32|   0|   32|          0|
    |mul_2_2_1_reg_5516                 |  32|   0|   32|          0|
    |mul_2_2_2_reg_5541                 |  32|   0|   32|          0|
    |mul_2_2_reg_5511                   |  32|   0|   32|          0|
    |mul_2_reg_5350                     |  32|   0|   32|          0|
    |mul_3_0_1_reg_5561                 |  32|   0|   32|          0|
    |mul_3_0_2_reg_5566                 |  32|   0|   32|          0|
    |mul_3_1_1_reg_5576                 |  32|   0|   32|          0|
    |mul_3_1_2_reg_5581                 |  32|   0|   32|          0|
    |mul_3_1_reg_5571                   |  32|   0|   32|          0|
    |mul_3_2_1_reg_5591                 |  32|   0|   32|          0|
    |mul_3_2_2_reg_5596                 |  32|   0|   32|          0|
    |mul_3_2_reg_5586                   |  32|   0|   32|          0|
    |mul_3_reg_5546                     |  32|   0|   32|          0|
    |mul_reg_4804                       |  32|   0|   32|          0|
    |och_1_reg_4280                     |   4|   0|    4|          0|
    |och_fu_166                         |   4|   0|    4|          0|
    |or_ln49_1_reg_4670                 |   1|   0|    1|          0|
    |or_ln49_2_reg_4766                 |   1|   0|    1|          0|
    |or_ln49_3_reg_4814                 |   1|   0|    1|          0|
    |p_dup7_reg_4412                    |   4|   0|    4|          0|
    |p_mid1157_reg_4374                 |   6|   0|    8|          2|
    |p_mid1171_reg_4621                 |   6|   0|    8|          2|
    |p_mid1185_reg_4907                 |   6|   0|    8|          2|
    |p_mid1199_reg_5156                 |   6|   0|    8|          2|
    |p_mid_reg_4362                     |   3|   0|    5|          2|
    |p_shl_cast_mid1_reg_4369           |   3|   0|    8|          5|
    |p_shl_cast_reg_4298                |   3|   0|    8|          5|
    |reg_815                            |  32|   0|   32|          0|
    |reg_819                            |  32|   0|   32|          0|
    |reg_823                            |  32|   0|   32|          0|
    |reg_829                            |  32|   0|   32|          0|
    |reg_835                            |  32|   0|   32|          0|
    |reg_839                            |  32|   0|   32|          0|
    |reg_843                            |  32|   0|   32|          0|
    |reg_848                            |  32|   0|   32|          0|
    |reg_853                            |  32|   0|   32|          0|
    |reg_860                            |  32|   0|   32|          0|
    |reg_865                            |  32|   0|   32|          0|
    |reg_870                            |  32|   0|   32|          0|
    |reg_875                            |  32|   0|   32|          0|
    |reg_880                            |  32|   0|   32|          0|
    |reg_885                            |  32|   0|   32|          0|
    |reg_889                            |  32|   0|   32|          0|
    |reg_895                            |  32|   0|   32|          0|
    |reg_899                            |  32|   0|   32|          0|
    |reg_904                            |  32|   0|   32|          0|
    |reg_909                            |  32|   0|   32|          0|
    |select_ln31_10_reg_4913            |   7|   0|    9|          2|
    |select_ln31_11_reg_4730            |   7|   0|    9|          2|
    |select_ln31_12_reg_4627            |   7|   0|    9|          2|
    |select_ln31_13_reg_4537            |   7|   0|    9|          2|
    |select_ln31_14_reg_4380            |   7|   0|    9|          2|
    |select_ln31_2_reg_5390             |   4|   0|    4|          0|
    |select_ln31_3_reg_4531             |   7|   0|    9|          2|
    |select_ln31_4_reg_4723             |   7|   0|    9|          2|
    |select_ln31_5_reg_5041             |   7|   0|    9|          2|
    |select_ln31_6_reg_5267             |   7|   0|    9|          2|
    |select_ln31_7_reg_5274             |   7|   0|    9|          2|
    |select_ln31_8_reg_5162             |   7|   0|    9|          2|
    |select_ln31_9_reg_5047             |   7|   0|    9|          2|
    |select_ln31_reg_4356               |   4|   0|    4|          0|
    |select_ln33_10_reg_4949            |   9|   0|   10|          1|
    |select_ln33_11_reg_4996            |   9|   0|   10|          1|
    |select_ln33_12_reg_5123            |   9|   0|   10|          1|
    |select_ln33_13_reg_5189            |   9|   0|   10|          1|
    |select_ln33_14_reg_5296            |   9|   0|   10|          1|
    |select_ln33_15_reg_5303            |   9|   0|   10|          1|
    |select_ln33_16_reg_4467            |   1|   0|    1|          0|
    |select_ln33_3_reg_4460             |   8|   0|    9|          1|
    |select_ln33_4_reg_4429             |   8|   0|    9|          1|
    |select_ln33_5_reg_4574             |   1|   0|    1|          0|
    |select_ln33_6_reg_4584             |   8|   0|    9|          1|
    |select_ln33_7_reg_4654             |   8|   0|    9|          1|
    |select_ln33_8_reg_4752             |   8|   0|    9|          1|
    |select_ln33_9_reg_4759             |   8|   0|    9|          1|
    |select_ln33_reg_4420               |   4|   0|    4|          0|
    |select_ln49_10_reg_5654            |  32|   0|   32|          0|
    |select_ln49_11_reg_5659            |  32|   0|   32|          0|
    |select_ln49_12_reg_5666            |  32|   0|   32|          0|
    |select_ln49_13_reg_5677            |  32|   0|   32|          0|
    |select_ln49_14_reg_5683            |  32|   0|   32|          0|
    |select_ln49_15_reg_5689            |  32|   0|   32|          0|
    |select_ln49_16_reg_5695            |  32|   0|   32|          0|
    |select_ln49_17_reg_5701            |  32|   0|   32|          0|
    |select_ln49_18_reg_5706            |  32|   0|   32|          0|
    |select_ln49_19_reg_5713            |  32|   0|   32|          0|
    |select_ln49_1_reg_5505             |  32|   0|   32|          0|
    |select_ln49_20_reg_5724            |  32|   0|   32|          0|
    |select_ln49_21_reg_5730            |  32|   0|   32|          0|
    |select_ln49_22_reg_5736            |  32|   0|   32|          0|
    |select_ln49_23_reg_5742            |  32|   0|   32|          0|
    |select_ln49_24_reg_5748            |  32|   0|   32|          0|
    |select_ln49_25_reg_5753            |  32|   0|   32|          0|
    |select_ln49_26_reg_5760            |  32|   0|   32|          0|
    |select_ln49_27_reg_5781            |  32|   0|   32|          0|
    |select_ln49_2_reg_5601             |  32|   0|   32|          0|
    |select_ln49_3_reg_5607             |  32|   0|   32|          0|
    |select_ln49_4_reg_5612             |  32|   0|   32|          0|
    |select_ln49_5_reg_5619             |  32|   0|   32|          0|
    |select_ln49_6_reg_5630             |  32|   0|   32|          0|
    |select_ln49_7_reg_5636             |  32|   0|   32|          0|
    |select_ln49_8_reg_5642             |  32|   0|   32|          0|
    |select_ln49_9_reg_5648             |  32|   0|   32|          0|
    |select_ln49_reg_5196               |  32|   0|   32|          0|
    |sext_ln49_1_reg_4490               |   9|   0|    9|          0|
    |sext_ln49_reg_5012                 |  10|   0|   10|          0|
    |sum_2_0_2_1_reg_5624               |  32|   0|   32|          0|
    |sum_2_1_2_1_reg_5671               |  32|   0|   32|          0|
    |sum_2_2_2_1_reg_5718               |  32|   0|   32|          0|
    |sum_2_3_2_1_reg_5765               |  32|   0|   32|          0|
    |tmp_2_reg_4499                     |   1|   0|    1|          0|
    |tmp_3_reg_4507                     |   1|   0|    1|          0|
    |tmp_s_reg_4291                     |   3|   0|    5|          2|
    |trunc_ln46_cast48_reg_4476         |   4|   0|    9|          5|
    |trunc_ln46_cast51_reg_5003         |   4|   0|   10|          6|
    |w_fu_154                           |   4|   0|    4|          0|
    |x_load_36_reg_5425                 |  32|   0|   32|          0|
    |x_load_37_reg_5430                 |  32|   0|   32|          0|
    |x_load_38_reg_5475                 |  32|   0|   32|          0|
    |x_load_39_reg_5480                 |  32|   0|   32|          0|
    |x_load_40_reg_5521                 |  32|   0|   32|          0|
    |x_load_41_reg_5526                 |  32|   0|   32|          0|
    |xor_ln31_reg_4387                  |   1|   0|    1|          0|
    |zext_ln33_1_reg_4436               |   4|   0|    5|          1|
    |zext_ln33_3_reg_4940               |   4|   0|    6|          2|
    |zext_ln33_4_reg_4453               |   4|   0|    5|          1|
    |zext_ln33_reg_4898                 |   4|   0|    6|          2|
    |zext_ln49_1_reg_4597               |   4|   0|    9|          5|
    |zext_ln49_reg_5074                 |   4|   0|   10|          6|
    |add_ln65_reg_4526                  |  64|  32|   11|          0|
    |icmp_ln31_reg_4309                 |  64|  32|    1|          0|
    |icmp_ln49_reg_4661                 |  64|  32|    1|          0|
    |mul_0_2_1_reg_5026                 |  64|  32|   32|          0|
    |mul_0_2_2_reg_5083                 |  64|  32|   32|          0|
    |mul_0_2_reg_5021                   |  64|  32|   32|          0|
    |mul_1_0_1_reg_5130                 |  64|  32|   32|          0|
    |mul_1_0_2_reg_5135                 |  64|  32|   32|          0|
    |mul_1_1_1_reg_5207                 |  64|  32|   32|          0|
    |mul_1_1_2_reg_5242                 |  64|  32|   32|          0|
    |mul_1_1_reg_5202                   |  64|  32|   32|          0|
    |mul_1_2_1_reg_5310                 |  64|  32|   32|          0|
    |mul_1_2_2_reg_5315                 |  64|  32|   32|          0|
    |mul_1_2_reg_5247                   |  64|  32|   32|          0|
    |mul_1_reg_5088                     |  64|  32|   32|          0|
    |mul_2_0_1_reg_5355                 |  64|  32|   32|          0|
    |mul_2_0_2_reg_5415                 |  64|  32|   32|          0|
    |mul_2_1_1_reg_5465                 |  64|  32|   32|          0|
    |mul_2_1_2_reg_5470                 |  64|  32|   32|          0|
    |mul_2_1_reg_5420                   |  64|  32|   32|          0|
    |mul_2_2_1_reg_5516                 |  64|  32|   32|          0|
    |mul_2_2_2_reg_5541                 |  64|  32|   32|          0|
    |mul_2_2_reg_5511                   |  64|  32|   32|          0|
    |mul_2_reg_5350                     |  64|  32|   32|          0|
    |mul_3_0_1_reg_5561                 |  64|  32|   32|          0|
    |mul_3_0_2_reg_5566                 |  64|  32|   32|          0|
    |mul_3_1_1_reg_5576                 |  64|  32|   32|          0|
    |mul_3_1_2_reg_5581                 |  64|  32|   32|          0|
    |mul_3_1_reg_5571                   |  64|  32|   32|          0|
    |mul_3_2_1_reg_5591                 |  64|  32|   32|          0|
    |mul_3_2_2_reg_5596                 |  64|  32|   32|          0|
    |mul_3_2_reg_5586                   |  64|  32|   32|          0|
    |mul_3_reg_5546                     |  64|  32|   32|          0|
    |or_ln49_1_reg_4670                 |  64|  32|    1|          0|
    |or_ln49_2_reg_4766                 |  64|  32|    1|          0|
    |or_ln49_3_reg_4814                 |  64|  32|    1|          0|
    |select_ln31_2_reg_5390             |  64|  32|    4|          0|
    |select_ln33_16_reg_4467            |  64|  32|    1|          0|
    |select_ln33_5_reg_4574             |  64|  32|    1|          0|
    |tmp_2_reg_4499                     |  64|  32|    1|          0|
    |tmp_3_reg_4507                     |  64|  32|    1|          0|
    +-----------------------------------+----+----+-----+-----------+
    |Total                              |6254|1312| 4708|         94|
    +-----------------------------------+----+----+-----+-----------+



================================================================
== Interface
================================================================
* Summary: 
+---------------------+-----+-----+------------+--------------+--------------+
|      RTL Ports      | Dir | Bits|  Protocol  | Source Object|    C Type    |
+---------------------+-----+-----+------------+--------------+--------------+
|ap_clk               |   in|    1|  ap_ctrl_hs|      conv2d.2|  return value|
|ap_rst               |   in|    1|  ap_ctrl_hs|      conv2d.2|  return value|
|ap_start             |   in|    1|  ap_ctrl_hs|      conv2d.2|  return value|
|ap_done              |  out|    1|  ap_ctrl_hs|      conv2d.2|  return value|
|ap_idle              |  out|    1|  ap_ctrl_hs|      conv2d.2|  return value|
|ap_ready             |  out|    1|  ap_ctrl_hs|      conv2d.2|  return value|
|grp_fu_841_p_din0    |  out|   32|  ap_ctrl_hs|      conv2d.2|  return value|
|grp_fu_841_p_din1    |  out|   32|  ap_ctrl_hs|      conv2d.2|  return value|
|grp_fu_841_p_opcode  |  out|    2|  ap_ctrl_hs|      conv2d.2|  return value|
|grp_fu_841_p_dout0   |   in|   32|  ap_ctrl_hs|      conv2d.2|  return value|
|grp_fu_841_p_ce      |  out|    1|  ap_ctrl_hs|      conv2d.2|  return value|
|grp_fu_845_p_din0    |  out|   32|  ap_ctrl_hs|      conv2d.2|  return value|
|grp_fu_845_p_din1    |  out|   32|  ap_ctrl_hs|      conv2d.2|  return value|
|grp_fu_845_p_opcode  |  out|    2|  ap_ctrl_hs|      conv2d.2|  return value|
|grp_fu_845_p_dout0   |   in|   32|  ap_ctrl_hs|      conv2d.2|  return value|
|grp_fu_845_p_ce      |  out|    1|  ap_ctrl_hs|      conv2d.2|  return value|
|grp_fu_873_p_din0    |  out|   32|  ap_ctrl_hs|      conv2d.2|  return value|
|grp_fu_873_p_din1    |  out|   32|  ap_ctrl_hs|      conv2d.2|  return value|
|grp_fu_873_p_opcode  |  out|    2|  ap_ctrl_hs|      conv2d.2|  return value|
|grp_fu_873_p_dout0   |   in|   32|  ap_ctrl_hs|      conv2d.2|  return value|
|grp_fu_873_p_ce      |  out|    1|  ap_ctrl_hs|      conv2d.2|  return value|
|grp_fu_849_p_din0    |  out|   32|  ap_ctrl_hs|      conv2d.2|  return value|
|grp_fu_849_p_din1    |  out|   32|  ap_ctrl_hs|      conv2d.2|  return value|
|grp_fu_849_p_dout0   |   in|   32|  ap_ctrl_hs|      conv2d.2|  return value|
|grp_fu_849_p_ce      |  out|    1|  ap_ctrl_hs|      conv2d.2|  return value|
|grp_fu_853_p_din0    |  out|   32|  ap_ctrl_hs|      conv2d.2|  return value|
|grp_fu_853_p_din1    |  out|   32|  ap_ctrl_hs|      conv2d.2|  return value|
|grp_fu_853_p_dout0   |   in|   32|  ap_ctrl_hs|      conv2d.2|  return value|
|grp_fu_853_p_ce      |  out|    1|  ap_ctrl_hs|      conv2d.2|  return value|
|x_address0           |  out|   10|   ap_memory|             x|         array|
|x_ce0                |  out|    1|   ap_memory|             x|         array|
|x_q0                 |   in|   32|   ap_memory|             x|         array|
|x_address1           |  out|   10|   ap_memory|             x|         array|
|x_ce1                |  out|    1|   ap_memory|             x|         array|
|x_q1                 |   in|   32|   ap_memory|             x|         array|
|weight1_address0     |  out|    9|   ap_memory|       weight1|         array|
|weight1_ce0          |  out|    1|   ap_memory|       weight1|         array|
|weight1_q0           |   in|   32|   ap_memory|       weight1|         array|
|weight1_address1     |  out|    9|   ap_memory|       weight1|         array|
|weight1_ce1          |  out|    1|   ap_memory|       weight1|         array|
|weight1_q1           |   in|   32|   ap_memory|       weight1|         array|
|bias1_address0       |  out|    3|   ap_memory|         bias1|         array|
|bias1_ce0            |  out|    1|   ap_memory|         bias1|         array|
|bias1_q0             |   in|   32|   ap_memory|         bias1|         array|
|y_address0           |  out|   11|   ap_memory|             y|         array|
|y_ce0                |  out|    1|   ap_memory|             y|         array|
|y_we0                |  out|    1|   ap_memory|             y|         array|
|y_d0                 |  out|   32|   ap_memory|             y|         array|
+---------------------+-----+-----+------------+--------------+--------------+

