Sun Dec 18 20:43:04 2022: Running xcd server. This server was built by gradle.
Sun Dec 18 20:43:04 2022: Server was asked to start on port: '45971'
Sun Dec 18 20:43:04 2022: Server is using token UUID: '5711770f-e5cd-4799-8a1e-c2d3e0e2bfd8'
Sun Dec 18 20:43:04 2022: SESSION_MGR: creating session with session uuid: '6d04a3e9-ade5-4ab9-8d63-1f78fcd2ec76' and name 'default'
Sun Dec 18 20:43:04 2022: Attempting to start server on port '45971'
Sun Dec 18 20:43:04 2022: XCD main fifo: created main fifo '/tmp/xcdmain5711770f-e5cd-4799-8a1e-c2d3e0e2bfd8', fd read = 13
Sun Dec 18 20:43:04 2022: Running Dispatch Server
Sun Dec 18 20:43:04 2022: Version 2.2.0
Sun Dec 18 20:43:13 2022: Dispatch Server: Accepted socket connection from client
Sun Dec 18 20:43:13 2022: Starting Socket connection
Sun Dec 18 20:43:13 2022: EXCHANGE_TOKEN received, server token: 5711770f-e5cd-4799-8a1e-c2d3e0e2bfd8, passed token: 5711770f-e5cd-4799-8a1e-c2d3e0e2bfd8
Sun Dec 18 20:43:13 2022: SESSION_MGR: creating session with session uuid: '4b1a2f00-5729-470f-b36e-590c94535652' and name 'vitis_hls'
Sun Dec 18 20:43:13 2022: KERNEL_SVC: creating session with uuid: '4b1a2f00-5729-470f-b36e-590c94535652' and name 'vitis_hls'
Sun Dec 18 20:43:13 2022: GUIDANCE_SMGR: creating guidance session with uuid: '4b1a2f00-5729-470f-b36e-590c94535652' and name 'vitis_hls'
Sun Dec 18 20:43:17 2022: STOP_SERVER received, server token: 5711770f-e5cd-4799-8a1e-c2d3e0e2bfd8, passed token: 5711770f-e5cd-4799-8a1e-c2d3e0e2bfd8
Sun Dec 18 20:43:17 2022: Socket received request to stop server.
Sun Dec 18 20:43:17 2022: Dispatch Server: do_await_stop
Sun Dec 18 20:43:17 2022: Dispatch Server: stopping mainFifo_
Sun Dec 18 20:43:17 2022: XCD main fifo: Stopping
Sun Dec 18 20:43:17 2022: XCD main fifo: do_read error code: Operation canceled
Sun Dec 18 20:43:17 2022: XCD main fifo: bytes_transferred: 0
Sun Dec 18 20:43:17 2022: SERVER: destructor for server bound to port 45971
Sun Dec 18 20:43:17 2022: XCD main fifo: Good unlink of /tmp/xcdmain5711770f-e5cd-4799-8a1e-c2d3e0e2bfd8
Sun Dec 18 20:43:17 2022: Server exiting with status 0.
Sun Dec 18 20:43:17 2022: Closing log file.
Sun Dec 18 20:43:44 2022: Running xcd server. This server was built by gradle.
Sun Dec 18 20:43:44 2022: Server was asked to start on port: '40543'
Sun Dec 18 20:43:44 2022: Server is using token UUID: '8bf8e5d8-63c8-431e-b225-202411bfaa2e'
Sun Dec 18 20:43:44 2022: SESSION_MGR: creating session with session uuid: '6d04a3e9-ade5-4ab9-8d63-1f78fcd2ec76' and name 'default'
Sun Dec 18 20:43:44 2022: Attempting to start server on port '40543'
Sun Dec 18 20:43:44 2022: XCD main fifo: created main fifo '/tmp/xcdmain8bf8e5d8-63c8-431e-b225-202411bfaa2e', fd read = 13
Sun Dec 18 20:43:44 2022: Running Dispatch Server
Sun Dec 18 20:43:44 2022: Version 2.2.0
Sun Dec 18 20:43:53 2022: Dispatch Server: Accepted socket connection from client
Sun Dec 18 20:43:53 2022: Starting Socket connection
Sun Dec 18 20:43:53 2022: EXCHANGE_TOKEN received, server token: 8bf8e5d8-63c8-431e-b225-202411bfaa2e, passed token: 8bf8e5d8-63c8-431e-b225-202411bfaa2e
Sun Dec 18 20:43:53 2022: SESSION_MGR: creating session with session uuid: '2e22314e-6c5f-4053-b1d6-eb6d437e10c1' and name 'vitis_hls'
Sun Dec 18 20:43:53 2022: KERNEL_SVC: creating session with uuid: '2e22314e-6c5f-4053-b1d6-eb6d437e10c1' and name 'vitis_hls'
Sun Dec 18 20:43:53 2022: GUIDANCE_SMGR: creating guidance session with uuid: '2e22314e-6c5f-4053-b1d6-eb6d437e10c1' and name 'vitis_hls'
Sun Dec 18 20:44:10 2022: STOP_SERVER received, server token: 8bf8e5d8-63c8-431e-b225-202411bfaa2e, passed token: 8bf8e5d8-63c8-431e-b225-202411bfaa2e
Sun Dec 18 20:44:10 2022: Socket received request to stop server.
Sun Dec 18 20:44:10 2022: Dispatch Server: do_await_stop
Sun Dec 18 20:44:10 2022: Dispatch Server: stopping mainFifo_
Sun Dec 18 20:44:10 2022: XCD main fifo: Stopping
Sun Dec 18 20:44:10 2022: XCD main fifo: do_read error code: Operation canceled
Sun Dec 18 20:44:10 2022: XCD main fifo: bytes_transferred: 0
Sun Dec 18 20:44:10 2022: SERVER: destructor for server bound to port 40543
Sun Dec 18 20:44:10 2022: XCD main fifo: Good unlink of /tmp/xcdmain8bf8e5d8-63c8-431e-b225-202411bfaa2e
Sun Dec 18 20:44:10 2022: Server exiting with status 0.
Sun Dec 18 20:44:10 2022: Closing log file.
Sun Dec 18 20:44:49 2022: Running xcd server. This server was built by gradle.
Sun Dec 18 20:44:49 2022: Server was asked to start on port: '41881'
Sun Dec 18 20:44:49 2022: Server is using token UUID: 'a629c279-9245-407b-b514-ab069fc9c572'
Sun Dec 18 20:44:49 2022: SESSION_MGR: creating session with session uuid: '6d04a3e9-ade5-4ab9-8d63-1f78fcd2ec76' and name 'default'
Sun Dec 18 20:44:49 2022: Attempting to start server on port '41881'
Sun Dec 18 20:44:49 2022: XCD main fifo: created main fifo '/tmp/xcdmaina629c279-9245-407b-b514-ab069fc9c572', fd read = 13
Sun Dec 18 20:44:49 2022: Running Dispatch Server
Sun Dec 18 20:44:49 2022: Version 2.2.0
Sun Dec 18 20:44:58 2022: Dispatch Server: Accepted socket connection from client
Sun Dec 18 20:44:58 2022: Starting Socket connection
Sun Dec 18 20:44:58 2022: EXCHANGE_TOKEN received, server token: a629c279-9245-407b-b514-ab069fc9c572, passed token: a629c279-9245-407b-b514-ab069fc9c572
Sun Dec 18 20:44:58 2022: SESSION_MGR: creating session with session uuid: '50772367-84e6-443a-b417-57f05f9d6f80' and name 'vitis_hls'
Sun Dec 18 20:44:58 2022: KERNEL_SVC: creating session with uuid: '50772367-84e6-443a-b417-57f05f9d6f80' and name 'vitis_hls'
Sun Dec 18 20:44:58 2022: GUIDANCE_SMGR: creating guidance session with uuid: '50772367-84e6-443a-b417-57f05f9d6f80' and name 'vitis_hls'
Sun Dec 18 20:45:11 2022: STOP_SERVER received, server token: a629c279-9245-407b-b514-ab069fc9c572, passed token: a629c279-9245-407b-b514-ab069fc9c572
Sun Dec 18 20:45:11 2022: Socket received request to stop server.
Sun Dec 18 20:45:11 2022: Dispatch Server: do_await_stop
Sun Dec 18 20:45:11 2022: Dispatch Server: stopping mainFifo_
Sun Dec 18 20:45:11 2022: XCD main fifo: Stopping
Sun Dec 18 20:45:11 2022: XCD main fifo: do_read error code: Operation canceled
Sun Dec 18 20:45:11 2022: XCD main fifo: bytes_transferred: 0
Sun Dec 18 20:45:11 2022: SERVER: destructor for server bound to port 41881
Sun Dec 18 20:45:11 2022: XCD main fifo: Good unlink of /tmp/xcdmaina629c279-9245-407b-b514-ab069fc9c572
Sun Dec 18 20:45:11 2022: Server exiting with status 0.
Sun Dec 18 20:45:11 2022: Closing log file.
