Sun Dec 18 20:10:19 2022: Running xcd server. This server was built by gradle.
Sun Dec 18 20:10:19 2022: Server was asked to start on port: '33815'
Sun Dec 18 20:10:19 2022: Server is using token UUID: 'f5541141-e0d8-4d87-8f98-7d645105d957'
Sun Dec 18 20:10:19 2022: SESSION_MGR: creating session with session uuid: '6d04a3e9-ade5-4ab9-8d63-1f78fcd2ec76' and name 'default'
Sun Dec 18 20:10:19 2022: Attempting to start server on port '33815'
Sun Dec 18 20:10:19 2022: XCD main fifo: created main fifo '/tmp/xcdmainf5541141-e0d8-4d87-8f98-7d645105d957', fd read = 13
Sun Dec 18 20:10:19 2022: Running Dispatch Server
Sun Dec 18 20:10:19 2022: Version 2.2.0
Sun Dec 18 20:10:28 2022: Dispatch Server: Accepted socket connection from client
Sun Dec 18 20:10:28 2022: Starting Socket connection
Sun Dec 18 20:10:28 2022: EXCHANGE_TOKEN received, server token: f5541141-e0d8-4d87-8f98-7d645105d957, passed token: f5541141-e0d8-4d87-8f98-7d645105d957
Sun Dec 18 20:10:28 2022: SESSION_MGR: creating session with session uuid: '50c2df40-06a4-4ffc-8cb6-d30bf4ab232e' and name 'vitis_hls'
Sun Dec 18 20:10:28 2022: KERNEL_SVC: creating session with uuid: '50c2df40-06a4-4ffc-8cb6-d30bf4ab232e' and name 'vitis_hls'
Sun Dec 18 20:10:28 2022: GUIDANCE_SMGR: creating guidance session with uuid: '50c2df40-06a4-4ffc-8cb6-d30bf4ab232e' and name 'vitis_hls'
Sun Dec 18 20:10:32 2022: STOP_SERVER received, server token: f5541141-e0d8-4d87-8f98-7d645105d957, passed token: f5541141-e0d8-4d87-8f98-7d645105d957
Sun Dec 18 20:10:32 2022: Socket received request to stop server.
Sun Dec 18 20:10:32 2022: Dispatch Server: do_await_stop
Sun Dec 18 20:10:32 2022: Dispatch Server: stopping mainFifo_
Sun Dec 18 20:10:32 2022: XCD main fifo: Stopping
Sun Dec 18 20:10:32 2022: XCD main fifo: do_read error code: Operation canceled
Sun Dec 18 20:10:32 2022: XCD main fifo: bytes_transferred: 0
Sun Dec 18 20:10:32 2022: SERVER: destructor for server bound to port 33815
Sun Dec 18 20:10:32 2022: XCD main fifo: Good unlink of /tmp/xcdmainf5541141-e0d8-4d87-8f98-7d645105d957
Sun Dec 18 20:10:32 2022: Server exiting with status 0.
Sun Dec 18 20:10:32 2022: Closing log file.
Sun Dec 18 20:11:24 2022: Running xcd server. This server was built by gradle.
Sun Dec 18 20:11:24 2022: Server was asked to start on port: '39771'
Sun Dec 18 20:11:24 2022: Server is using token UUID: 'dc9450c4-38dd-46ec-bcd7-891fd72d8a23'
Sun Dec 18 20:11:24 2022: SESSION_MGR: creating session with session uuid: '6d04a3e9-ade5-4ab9-8d63-1f78fcd2ec76' and name 'default'
Sun Dec 18 20:11:24 2022: Attempting to start server on port '39771'
Sun Dec 18 20:11:24 2022: XCD main fifo: created main fifo '/tmp/xcdmaindc9450c4-38dd-46ec-bcd7-891fd72d8a23', fd read = 13
Sun Dec 18 20:11:24 2022: Running Dispatch Server
Sun Dec 18 20:11:24 2022: Version 2.2.0
Sun Dec 18 20:11:33 2022: Dispatch Server: Accepted socket connection from client
Sun Dec 18 20:11:33 2022: Starting Socket connection
Sun Dec 18 20:11:33 2022: EXCHANGE_TOKEN received, server token: dc9450c4-38dd-46ec-bcd7-891fd72d8a23, passed token: dc9450c4-38dd-46ec-bcd7-891fd72d8a23
Sun Dec 18 20:11:33 2022: SESSION_MGR: creating session with session uuid: '9718911b-83dd-461b-bc50-0c39b304f25b' and name 'vitis_hls'
Sun Dec 18 20:11:33 2022: KERNEL_SVC: creating session with uuid: '9718911b-83dd-461b-bc50-0c39b304f25b' and name 'vitis_hls'
Sun Dec 18 20:11:33 2022: GUIDANCE_SMGR: creating guidance session with uuid: '9718911b-83dd-461b-bc50-0c39b304f25b' and name 'vitis_hls'
Sun Dec 18 20:11:50 2022: STOP_SERVER received, server token: dc9450c4-38dd-46ec-bcd7-891fd72d8a23, passed token: dc9450c4-38dd-46ec-bcd7-891fd72d8a23
Sun Dec 18 20:11:50 2022: Socket received request to stop server.
Sun Dec 18 20:11:50 2022: Dispatch Server: do_await_stop
Sun Dec 18 20:11:50 2022: Dispatch Server: stopping mainFifo_
Sun Dec 18 20:11:50 2022: XCD main fifo: Stopping
Sun Dec 18 20:11:50 2022: XCD main fifo: do_read error code: Operation canceled
Sun Dec 18 20:11:50 2022: XCD main fifo: bytes_transferred: 0
Sun Dec 18 20:11:50 2022: SERVER: destructor for server bound to port 39771
Sun Dec 18 20:11:50 2022: XCD main fifo: Good unlink of /tmp/xcdmaindc9450c4-38dd-46ec-bcd7-891fd72d8a23
Sun Dec 18 20:11:50 2022: Server exiting with status 0.
Sun Dec 18 20:11:50 2022: Closing log file.
