a[ 0]=4567 b[ 0]=23c6 temp=09b2c2aa
a[ 1]=9869 b[ 1]=4873 temp=34d4c1d5
a[ 2]=dc51 b[ 2]=5cff temp=84dd5284
a[ 3]=944a b[ 3]=58ec temp=b85f76bc
a[ 4]=1f29 b[ 4]=7ccd temp=c7904691
a[ 5]=58ba b[ 5]=d7ab temp=124fc0cf
a[ 6]=41f2 b[ 6]=1efb temp=1a4ac515
a[ 7]=a9e3 b[ 7]=e146 temp=afc9bc27
a[ 8]=007c b[ 8]=62c2 temp=aff9921f
a[ 9]=0854 b[ 9]=27f8 temp=b1466f7f
a[10]=231b b[10]=e9e8 temp=d159d2f7
a[11]=cde7 b[11]=438d temp=07aeb032
a[12]=0f76 b[12]=255a temp=09f02dae
a[13]=f92e b[13]=7263 temp=79470678
a[14]=c233 b[14]=d79f temp=1cd87925
a[15]=c4c9 b[15]=079a temp=22b0590f
OK
Vivado Simulator v2022.2
Copyright 1986-1999, 2001-2022 Xilinx, Inc. All Rights Reserved.
Running: /tools/Xilinx/Vivado/2022.2/bin/unwrapped/lnx64.o/xelab xil_defaultlib.apatb_muladd_top glbl -Oenable_linking_all_libraries -prj muladd.prj -L smartconnect_v1_0 -L axi_protocol_checker_v1_1_12 -L axi_protocol_checker_v1_1_13 -L axis_protocol_checker_v1_1_11 -L axis_protocol_checker_v1_1_12 -L xil_defaultlib -L unisims_ver -L xpm -L floating_point_v7_0_20 -L floating_point_v7_1_15 --lib ieee_proposed=./ieee_proposed -s muladd -debug wave 
Multi-threading is on. Using 10 slave threads.
WARNING: [XSIM 43-3431] One or more environment variables have been detected which affect the operation of the C compiler. These are typically not set in standard installations and are not tested by Xilinx, however they may be appropriate for your system, so the flow will attempt to continue.  If errors occur, try running xelab with the "-mt off -v 1" switches to see more information from the C compiler. The following environment variables have been detected:
    LIBRARY_PATH
INFO: [VRFC 10-2263] Analyzing SystemVerilog file "/home/reon/work/xilinx/muladd_ip/solution3/sim/verilog/glbl.v" into library work
INFO: [VRFC 10-311] analyzing module glbl
INFO: [VRFC 10-2263] Analyzing SystemVerilog file "/home/reon/work/xilinx/muladd_ip/solution3/sim/verilog/muladd_mul_32s_32s_32_2_1.v" into library xil_defaultlib
INFO: [VRFC 10-311] analyzing module muladd_mul_32s_32s_32_2_1
INFO: [VRFC 10-2263] Analyzing SystemVerilog file "/home/reon/work/xilinx/muladd_ip/solution3/sim/verilog/muladd_control_s_axi.v" into library xil_defaultlib
INFO: [VRFC 10-311] analyzing module muladd_control_s_axi
INFO: [VRFC 10-311] analyzing module muladd_control_s_axi_ram
INFO: [VRFC 10-2263] Analyzing SystemVerilog file "/home/reon/work/xilinx/muladd_ip/solution3/sim/verilog/muladd_flow_control_loop_pipe.v" into library xil_defaultlib
INFO: [VRFC 10-311] analyzing module muladd_flow_control_loop_pipe
INFO: [VRFC 10-2263] Analyzing SystemVerilog file "/home/reon/work/xilinx/muladd_ip/solution3/sim/verilog/muladd.autotb.v" into library xil_defaultlib
INFO: [VRFC 10-311] analyzing module apatb_muladd_top
INFO: [VRFC 10-2263] Analyzing SystemVerilog file "/home/reon/work/xilinx/muladd_ip/solution3/sim/verilog/AESL_axi_slave_control.v" into library xil_defaultlib
INFO: [VRFC 10-311] analyzing module AESL_axi_slave_control
INFO: [VRFC 10-2263] Analyzing SystemVerilog file "/home/reon/work/xilinx/muladd_ip/solution3/sim/verilog/muladd.v" into library xil_defaultlib
INFO: [VRFC 10-311] analyzing module muladd
INFO: [VRFC 10-2263] Analyzing SystemVerilog file "/home/reon/work/xilinx/muladd_ip/solution3/sim/verilog/dataflow_monitor.sv" into library xil_defaultlib
INFO: [VRFC 10-311] analyzing module dataflow_monitor
Starting static elaboration
Pass Through NonSizing Optimizer
Completed static elaboration
Starting simulation data flow analysis
Completed simulation data flow analysis
Time Resolution for simulation is 1ps
Compiling package xil_defaultlib.$unit_dataflow_monitor_sv
Compiling module xil_defaultlib.muladd_control_s_axi_ram(MEM_TYP...
Compiling module xil_defaultlib.muladd_control_s_axi
Compiling module xil_defaultlib.muladd_mul_32s_32s_32_2_1(NUM_ST...
Compiling module xil_defaultlib.muladd_flow_control_loop_pipe
Compiling module xil_defaultlib.muladd
Compiling module xil_defaultlib.AESL_axi_slave_control
WARNING: [XSIM 43-3373] "/home/reon/work/xilinx/muladd_ip/solution3/sim/verilog/AESL_axi_slave_control.v" Line 658. System function $fread is used as system task. This system function should have a LHS e.g. x=$fread().
WARNING: [XSIM 43-3373] "/home/reon/work/xilinx/muladd_ip/solution3/sim/verilog/AESL_axi_slave_control.v" Line 667. System function $fread is used as system task. This system function should have a LHS e.g. x=$fread().
WARNING: [XSIM 43-3373] "/home/reon/work/xilinx/muladd_ip/solution3/sim/verilog/AESL_axi_slave_control.v" Line 708. System function $fread is used as system task. This system function should have a LHS e.g. x=$fread().
WARNING: [XSIM 43-3373] "/home/reon/work/xilinx/muladd_ip/solution3/sim/verilog/AESL_axi_slave_control.v" Line 775. System function $fread is used as system task. This system function should have a LHS e.g. x=$fread().
WARNING: [XSIM 43-3373] "/home/reon/work/xilinx/muladd_ip/solution3/sim/verilog/AESL_axi_slave_control.v" Line 784. System function $fread is used as system task. This system function should have a LHS e.g. x=$fread().
WARNING: [XSIM 43-3373] "/home/reon/work/xilinx/muladd_ip/solution3/sim/verilog/AESL_axi_slave_control.v" Line 825. System function $fread is used as system task. This system function should have a LHS e.g. x=$fread().
Compiling module xil_defaultlib.nodf_module_intf
Compiling module xil_defaultlib.upc_loop_intf(FSM_WIDTH=1)
Compiling module xil_defaultlib.dataflow_monitor_1
Compiling module xil_defaultlib.apatb_muladd_top
Compiling module work.glbl
Built simulation snapshot muladd

****** xsim v2022.2 (64-bit)
  **** SW Build 3671981 on Fri Oct 14 04:59:54 MDT 2022
  **** IP Build 3669848 on Fri Oct 14 08:30:02 MDT 2022
    ** Copyright 1986-2022 Xilinx, Inc. All Rights Reserved.

source xsim.dir/muladd/xsim_script.tcl
# xsim {muladd} -view {{muladd_dataflow_ana.wcfg}} -tclbatch {muladd.tcl} -protoinst {muladd.protoinst}
INFO: [Wavedata 42-565] Reading protoinst file muladd.protoinst
INFO: [Wavedata 42-564]   Found protocol instance at /apatb_muladd_top/AESL_inst_muladd//AESL_inst_muladd_activity
Time resolution is 1 ps
open_wave_config muladd_dataflow_ana.wcfg
source muladd.tcl
## log_wave -r /
WARNING: [Simtcl 6-197] One or more HDL objects could not be logged because of object type or size limitations.  To see details please rerun the command with -verbose (-v).
## set designtopgroup [add_wave_group "Design Top Signals"]
## set cinoutgroup [add_wave_group "C InOuts" -into $designtopgroup]
## set a__b__ap_return__return_group [add_wave_group a__b__ap_return__return(axi_slave) -into $cinoutgroup]
## add_wave /apatb_muladd_top/AESL_inst_muladd/interrupt -into $a__b__ap_return__return_group -color #ffff00 -radix hex
## add_wave /apatb_muladd_top/AESL_inst_muladd/s_axi_control_BRESP -into $a__b__ap_return__return_group -radix hex
## add_wave /apatb_muladd_top/AESL_inst_muladd/s_axi_control_BREADY -into $a__b__ap_return__return_group -color #ffff00 -radix hex
## add_wave /apatb_muladd_top/AESL_inst_muladd/s_axi_control_BVALID -into $a__b__ap_return__return_group -color #ffff00 -radix hex
## add_wave /apatb_muladd_top/AESL_inst_muladd/s_axi_control_RRESP -into $a__b__ap_return__return_group -radix hex
## add_wave /apatb_muladd_top/AESL_inst_muladd/s_axi_control_RDATA -into $a__b__ap_return__return_group -radix hex
## add_wave /apatb_muladd_top/AESL_inst_muladd/s_axi_control_RREADY -into $a__b__ap_return__return_group -color #ffff00 -radix hex
## add_wave /apatb_muladd_top/AESL_inst_muladd/s_axi_control_RVALID -into $a__b__ap_return__return_group -color #ffff00 -radix hex
## add_wave /apatb_muladd_top/AESL_inst_muladd/s_axi_control_ARREADY -into $a__b__ap_return__return_group -color #ffff00 -radix hex
## add_wave /apatb_muladd_top/AESL_inst_muladd/s_axi_control_ARVALID -into $a__b__ap_return__return_group -color #ffff00 -radix hex
## add_wave /apatb_muladd_top/AESL_inst_muladd/s_axi_control_ARADDR -into $a__b__ap_return__return_group -radix hex
## add_wave /apatb_muladd_top/AESL_inst_muladd/s_axi_control_WSTRB -into $a__b__ap_return__return_group -radix hex
## add_wave /apatb_muladd_top/AESL_inst_muladd/s_axi_control_WDATA -into $a__b__ap_return__return_group -radix hex
## add_wave /apatb_muladd_top/AESL_inst_muladd/s_axi_control_WREADY -into $a__b__ap_return__return_group -color #ffff00 -radix hex
## add_wave /apatb_muladd_top/AESL_inst_muladd/s_axi_control_WVALID -into $a__b__ap_return__return_group -color #ffff00 -radix hex
## add_wave /apatb_muladd_top/AESL_inst_muladd/s_axi_control_AWREADY -into $a__b__ap_return__return_group -color #ffff00 -radix hex
## add_wave /apatb_muladd_top/AESL_inst_muladd/s_axi_control_AWVALID -into $a__b__ap_return__return_group -color #ffff00 -radix hex
## add_wave /apatb_muladd_top/AESL_inst_muladd/s_axi_control_AWADDR -into $a__b__ap_return__return_group -radix hex
## set blocksiggroup [add_wave_group "Block-level IO Handshake(internal)" -into $designtopgroup]
## add_wave /apatb_muladd_top/AESL_inst_muladd/ap_done -into $blocksiggroup
## add_wave /apatb_muladd_top/AESL_inst_muladd/ap_idle -into $blocksiggroup
## add_wave /apatb_muladd_top/AESL_inst_muladd/ap_ready -into $blocksiggroup
## add_wave /apatb_muladd_top/AESL_inst_muladd/ap_start -into $blocksiggroup
## set resetgroup [add_wave_group "Reset" -into $designtopgroup]
## add_wave /apatb_muladd_top/AESL_inst_muladd/ap_rst_n -into $resetgroup
## set clockgroup [add_wave_group "Clock" -into $designtopgroup]
## add_wave /apatb_muladd_top/AESL_inst_muladd/ap_clk -into $clockgroup
## set testbenchgroup [add_wave_group "Test Bench Signals"]
## set tbinternalsiggroup [add_wave_group "Internal Signals" -into $testbenchgroup]
## set tb_simstatus_group [add_wave_group "Simulation Status" -into $tbinternalsiggroup]
## set tb_portdepth_group [add_wave_group "Port Depth" -into $tbinternalsiggroup]
## add_wave /apatb_muladd_top/AUTOTB_TRANSACTION_NUM -into $tb_simstatus_group -radix hex
## add_wave /apatb_muladd_top/ready_cnt -into $tb_simstatus_group -radix hex
## add_wave /apatb_muladd_top/done_cnt -into $tb_simstatus_group -radix hex
## add_wave /apatb_muladd_top/LENGTH_a -into $tb_portdepth_group -radix hex
## add_wave /apatb_muladd_top/LENGTH_ap_return -into $tb_portdepth_group -radix hex
## add_wave /apatb_muladd_top/LENGTH_b -into $tb_portdepth_group -radix hex
## set tbcinoutgroup [add_wave_group "C InOuts" -into $testbenchgroup]
## set tb_a__b__ap_return__return_group [add_wave_group a__b__ap_return__return(axi_slave) -into $tbcinoutgroup]
## add_wave /apatb_muladd_top/control_INTERRUPT -into $tb_a__b__ap_return__return_group -color #ffff00 -radix hex
## add_wave /apatb_muladd_top/control_BRESP -into $tb_a__b__ap_return__return_group -radix hex
## add_wave /apatb_muladd_top/control_BREADY -into $tb_a__b__ap_return__return_group -color #ffff00 -radix hex
## add_wave /apatb_muladd_top/control_BVALID -into $tb_a__b__ap_return__return_group -color #ffff00 -radix hex
## add_wave /apatb_muladd_top/control_RRESP -into $tb_a__b__ap_return__return_group -radix hex
## add_wave /apatb_muladd_top/control_RDATA -into $tb_a__b__ap_return__return_group -radix hex
## add_wave /apatb_muladd_top/control_RREADY -into $tb_a__b__ap_return__return_group -color #ffff00 -radix hex
## add_wave /apatb_muladd_top/control_RVALID -into $tb_a__b__ap_return__return_group -color #ffff00 -radix hex
## add_wave /apatb_muladd_top/control_ARREADY -into $tb_a__b__ap_return__return_group -color #ffff00 -radix hex
## add_wave /apatb_muladd_top/control_ARVALID -into $tb_a__b__ap_return__return_group -color #ffff00 -radix hex
## add_wave /apatb_muladd_top/control_ARADDR -into $tb_a__b__ap_return__return_group -radix hex
## add_wave /apatb_muladd_top/control_WSTRB -into $tb_a__b__ap_return__return_group -radix hex
## add_wave /apatb_muladd_top/control_WDATA -into $tb_a__b__ap_return__return_group -radix hex
## add_wave /apatb_muladd_top/control_WREADY -into $tb_a__b__ap_return__return_group -color #ffff00 -radix hex
## add_wave /apatb_muladd_top/control_WVALID -into $tb_a__b__ap_return__return_group -color #ffff00 -radix hex
## add_wave /apatb_muladd_top/control_AWREADY -into $tb_a__b__ap_return__return_group -color #ffff00 -radix hex
## add_wave /apatb_muladd_top/control_AWVALID -into $tb_a__b__ap_return__return_group -color #ffff00 -radix hex
## add_wave /apatb_muladd_top/control_AWADDR -into $tb_a__b__ap_return__return_group -radix hex
## save_wave_config muladd.wcfg
## run all
////////////////////////////////////////////////////////////////////////////////////
// Inter-Transaction Progress: Completed Transaction / Total Transaction
// Intra-Transaction Progress: Measured Latency / Latency Estimation * 100%
//
// RTL Simulation : "Inter-Transaction Progress" ["Intra-Transaction Progress"] @ "Simulation Time"
////////////////////////////////////////////////////////////////////////////////////
// RTL Simulation : 0 / 1 [0.00%] @ "125000"
// RTL Simulation : 1 / 1 [100.00%] @ "3635000"
////////////////////////////////////////////////////////////////////////////////////
$finish called at time : 3695 ns : File "/home/reon/work/xilinx/muladd_ip/solution3/sim/verilog/muladd.autotb.v" Line 308
## quit
INFO: [Common 17-206] Exiting xsim at Sun Dec 18 20:44:10 2022...
a[ 0]=4567 b[ 0]=23c6 temp=09b2c2aa
a[ 1]=9869 b[ 1]=4873 temp=34d4c1d5
a[ 2]=dc51 b[ 2]=5cff temp=84dd5284
a[ 3]=944a b[ 3]=58ec temp=b85f76bc
a[ 4]=1f29 b[ 4]=7ccd temp=c7904691
a[ 5]=58ba b[ 5]=d7ab temp=124fc0cf
a[ 6]=41f2 b[ 6]=1efb temp=1a4ac515
a[ 7]=a9e3 b[ 7]=e146 temp=afc9bc27
a[ 8]=007c b[ 8]=62c2 temp=aff9921f
a[ 9]=0854 b[ 9]=27f8 temp=b1466f7f
a[10]=231b b[10]=e9e8 temp=d159d2f7
a[11]=cde7 b[11]=438d temp=07aeb032
a[12]=0f76 b[12]=255a temp=09f02dae
a[13]=f92e b[13]=7263 temp=79470678
a[14]=c233 b[14]=d79f temp=1cd87925
a[15]=c4c9 b[15]=079a temp=22b0590f
OK
