

================================================================
== Vitis HLS Report for 'muladd'
================================================================
* Date:           Sun Dec 18 20:10:31 2022

* Version:        2022.2 (Build 3670227 on Oct 13 2022)
* Project:        muladd_ip
* Solution:       solution1 (Vivado IP Flow Target)
* Product family: zynq
* Target device:  xc7z020-clg400-1


================================================================
== Performance Estimates
================================================================
+ Timing: 
    * Summary: 
    +--------+----------+----------+------------+
    |  Clock |  Target  | Estimated| Uncertainty|
    +--------+----------+----------+------------+
    |ap_clk  |  10.00 ns|  6.912 ns|     2.70 ns|
    +--------+----------+----------+------------+

+ Latency: 
    * Summary: 
    +---------+---------+----------+----------+-----+-----+---------+
    |  Latency (cycles) |  Latency (absolute) |  Interval | Pipeline|
    |   min   |   max   |    min   |    max   | min | max |   Type  |
    +---------+---------+----------+----------+-----+-----+---------+
    |       21|       21|  0.210 us|  0.210 us|   22|   22|       no|
    +---------+---------+----------+----------+-----+-----+---------+

    + Detail: 
        * Instance: 
        N/A

        * Loop: 
        +---------------+---------+---------+----------+-----------+-----------+------+----------+
        |               |  Latency (cycles) | Iteration|  Initiation Interval  | Trip |          |
        |   Loop Name   |   min   |   max   |  Latency |  achieved |   target  | Count| Pipelined|
        +---------------+---------+---------+----------+-----------+-----------+------+----------+
        |- muladd_loop  |       19|       19|         5|          1|          1|    16|       yes|
        +---------------+---------+---------+----------+-----------+-----------+------+----------+



================================================================
== Utilization Estimates
================================================================
* Summary: 
+-----------------+---------+-----+--------+-------+-----+
|       Name      | BRAM_18K| DSP |   FF   |  LUT  | URAM|
+-----------------+---------+-----+--------+-------+-----+
|DSP              |        -|    -|       -|      -|    -|
|Expression       |        -|    -|       0|     68|    -|
|FIFO             |        -|    -|       -|      -|    -|
|Instance         |        -|    3|     165|     50|    -|
|Memory           |        -|    -|       -|      -|    -|
|Multiplexer      |        -|    -|       -|     54|    -|
|Register         |        -|    -|     207|     32|    -|
+-----------------+---------+-----+--------+-------+-----+
|Total            |        0|    3|     372|    204|    0|
+-----------------+---------+-----+--------+-------+-----+
|Available        |      280|  220|  106400|  53200|    0|
+-----------------+---------+-----+--------+-------+-----+
|Utilization (%)  |        0|    1|      ~0|     ~0|    0|
+-----------------+---------+-----+--------+-------+-----+

+ Detail: 
    * Instance: 
    +-----------------------+--------------------+---------+----+-----+----+-----+
    |        Instance       |       Module       | BRAM_18K| DSP|  FF | LUT| URAM|
    +-----------------------+--------------------+---------+----+-----+----+-----+
    |mul_32s_32s_32_2_1_U1  |mul_32s_32s_32_2_1  |        0|   3|  165|  50|    0|
    +-----------------------+--------------------+---------+----+-----+----+-----+
    |Total                  |                    |        0|   3|  165|  50|    0|
    +-----------------------+--------------------+---------+----+-----+----+-----+

    * DSP: 
    N/A

    * Memory: 
    N/A

    * FIFO: 
    N/A

    * Expression: 
    +-------------------+----------+----+---+----+------------+------------+
    |   Variable Name   | Operation| DSP| FF| LUT| Bitwidth P0| Bitwidth P1|
    +-------------------+----------+----+---+----+------------+------------+
    |add_ln8_fu_95_p2   |         +|   0|  0|  13|           5|           1|
    |temp_1_fu_119_p2   |         +|   0|  0|  39|          32|          32|
    |ap_condition_115   |       and|   0|  0|   2|           1|           1|
    |ap_condition_116   |       and|   0|  0|   2|           1|           1|
    |icmp_ln8_fu_89_p2  |      icmp|   0|  0|  10|           5|           6|
    |ap_enable_pp0      |       xor|   0|  0|   2|           1|           2|
    +-------------------+----------+----+---+----+------------+------------+
    |Total              |          |   0|  0|  68|          45|          43|
    +-------------------+----------+----+---+----+------------+------------+

    * Multiplexer: 
    +------------------------------+----+-----------+-----+-----------+
    |             Name             | LUT| Input Size| Bits| Total Bits|
    +------------------------------+----+-----------+-----+-----------+
    |ap_done_int                   |   9|          2|    1|          2|
    |ap_enable_reg_pp0_iter1       |   9|          2|    1|          2|
    |ap_sig_allocacmp_i_1          |   9|          2|    5|         10|
    |ap_sig_allocacmp_temp_load_1  |   9|          2|   32|         64|
    |i_fu_46                       |   9|          2|    5|         10|
    |temp_fu_42                    |   9|          2|   32|         64|
    +------------------------------+----+-----------+-----+-----------+
    |Total                         |  54|         12|   76|        152|
    +------------------------------+----+-----------+-----+-----------+

    * Register: 
    +----------------------------------+----+----+-----+-----------+
    |               Name               | FF | LUT| Bits| Const Bits|
    +----------------------------------+----+----+-----+-----------+
    |a_load_reg_161                    |  32|   0|   32|          0|
    |ap_CS_fsm                         |   1|   0|    1|          0|
    |ap_done_reg                       |   1|   0|    1|          0|
    |ap_enable_reg_pp0_iter1           |   1|   0|    1|          0|
    |ap_enable_reg_pp0_iter2           |   1|   0|    1|          0|
    |ap_enable_reg_pp0_iter3           |   1|   0|    1|          0|
    |ap_enable_reg_pp0_iter4           |   1|   0|    1|          0|
    |ap_loop_exit_ready_pp0_iter1_reg  |   1|   0|    1|          0|
    |ap_loop_exit_ready_pp0_iter2_reg  |   1|   0|    1|          0|
    |ap_loop_exit_ready_pp0_iter3_reg  |   1|   0|    1|          0|
    |b_load_reg_166                    |  32|   0|   32|          0|
    |i_fu_46                           |   5|   0|    5|          0|
    |icmp_ln8_reg_147                  |   1|   0|    1|          0|
    |mul_ln10_reg_171                  |  32|   0|   32|          0|
    |temp_fu_42                        |  32|   0|   32|          0|
    |icmp_ln8_reg_147                  |  64|  32|    1|          0|
    +----------------------------------+----+----+-----+-----------+
    |Total                             | 207|  32|  144|          0|
    +----------------------------------+----+----+-----+-----------+



================================================================
== Interface
================================================================
* Summary: 
+------------+-----+-----+------------+--------------+--------------+
|  RTL Ports | Dir | Bits|  Protocol  | Source Object|    C Type    |
+------------+-----+-----+------------+--------------+--------------+
|ap_clk      |   in|    1|  ap_ctrl_hs|        muladd|  return value|
|ap_rst      |   in|    1|  ap_ctrl_hs|        muladd|  return value|
|ap_start    |   in|    1|  ap_ctrl_hs|        muladd|  return value|
|ap_done     |  out|    1|  ap_ctrl_hs|        muladd|  return value|
|ap_idle     |  out|    1|  ap_ctrl_hs|        muladd|  return value|
|ap_ready    |  out|    1|  ap_ctrl_hs|        muladd|  return value|
|ap_return   |  out|   32|  ap_ctrl_hs|        muladd|  return value|
|a_address0  |  out|    4|   ap_memory|             a|         array|
|a_ce0       |  out|    1|   ap_memory|             a|         array|
|a_q0        |   in|   32|   ap_memory|             a|         array|
|b_address0  |  out|    4|   ap_memory|             b|         array|
|b_ce0       |  out|    1|   ap_memory|             b|         array|
|b_q0        |   in|   32|   ap_memory|             b|         array|
+------------+-----+-----+------------+--------------+--------------+

