Thu Dec 22 16:27:13 2022: Running xcd server. This server was built by gradle.
Thu Dec 22 16:27:13 2022: Server was asked to start on port: '43709'
Thu Dec 22 16:27:13 2022: Server is using token UUID: '69623c3a-9be9-4abe-bf72-c9061ecd0499'
Thu Dec 22 16:27:13 2022: SESSION_MGR: creating session with session uuid: '6d04a3e9-ade5-4ab9-8d63-1f78fcd2ec76' and name 'default'
Thu Dec 22 16:27:13 2022: Attempting to start server on port '43709'
Thu Dec 22 16:27:13 2022: XCD main fifo: created main fifo '/tmp/xcdmain69623c3a-9be9-4abe-bf72-c9061ecd0499', fd read = 13
Thu Dec 22 16:27:13 2022: Running Dispatch Server
Thu Dec 22 16:27:13 2022: Version 2.2.0
Thu Dec 22 16:27:22 2022: Dispatch Server: Accepted socket connection from client
Thu Dec 22 16:27:22 2022: Starting Socket connection
Thu Dec 22 16:27:22 2022: EXCHANGE_TOKEN received, server token: 69623c3a-9be9-4abe-bf72-c9061ecd0499, passed token: 69623c3a-9be9-4abe-bf72-c9061ecd0499
Thu Dec 22 16:27:22 2022: SESSION_MGR: creating session with session uuid: '81dcdf9c-380d-4449-b04f-354bda9799c0' and name 'vitis_hls'
Thu Dec 22 16:27:22 2022: KERNEL_SVC: creating session with uuid: '81dcdf9c-380d-4449-b04f-354bda9799c0' and name 'vitis_hls'
Thu Dec 22 16:27:22 2022: GUIDANCE_SMGR: creating guidance session with uuid: '81dcdf9c-380d-4449-b04f-354bda9799c0' and name 'vitis_hls'
Thu Dec 22 16:27:50 2022: STOP_SERVER received, server token: 69623c3a-9be9-4abe-bf72-c9061ecd0499, passed token: 69623c3a-9be9-4abe-bf72-c9061ecd0499
Thu Dec 22 16:27:50 2022: Socket received request to stop server.
Thu Dec 22 16:27:50 2022: Dispatch Server: do_await_stop
Thu Dec 22 16:27:50 2022: Dispatch Server: stopping mainFifo_
Thu Dec 22 16:27:50 2022: XCD main fifo: Stopping
Thu Dec 22 16:27:50 2022: XCD main fifo: do_read error code: Operation canceled
Thu Dec 22 16:27:50 2022: XCD main fifo: bytes_transferred: 0
Thu Dec 22 16:27:50 2022: SERVER: destructor for server bound to port 43709
Thu Dec 22 16:27:50 2022: XCD main fifo: Good unlink of /tmp/xcdmain69623c3a-9be9-4abe-bf72-c9061ecd0499
Thu Dec 22 16:27:50 2022: Server exiting with status 0.
Thu Dec 22 16:27:50 2022: Closing log file.
