

================================================================
== Synthesis Summary Report of 'muladd'
================================================================
+ General Information: 
    * Date:           Sun Dec 18 20:13:11 2022
    * Version:        2022.2 (Build 3670227 on Oct 13 2022)
    * Project:        muladd_ip
    * Solution:       solution2 (Vivado IP Flow Target)
    * Product family: zynq
    * Target device:  xc7z020-clg400-1
    

+ Performance & Resource Estimates: 
    
    PS: '+' for module; 'o' for loop; '*' for dataflow
    +----------------+------+------+---------+---------+----------+---------+------+----------+------+--------+-----------+-----------+-----+
    |     Modules    | Issue|      | Latency | Latency | Iteration|         | Trip |          |      |        |           |           |     |
    |     & Loops    | Type | Slack| (cycles)|   (ns)  |  Latency | Interval| Count| Pipelined| BRAM |   DSP  |     FF    |    LUT    | URAM|
    +----------------+------+------+---------+---------+----------+---------+------+----------+------+--------+-----------+-----------+-----+
    |+ muladd        |     -|  0.39|       21|  210.000|         -|       22|     -|        no|     -|  3 (1%)|  372 (~0%)|  204 (~0%)|    -|
    | o muladd_loop  |     -|  7.30|       19|  190.000|         5|        1|    16|       yes|     -|       -|          -|          -|    -|
    +----------------+------+------+---------+---------+----------+---------+------+----------+------+--------+-----------+-----------+-----+


================================================================
== HW Interfaces
================================================================
* AP_MEMORY
+------------+----------+
| Interface  | Bitwidth |
+------------+----------+
| a_address0 | 4        |
| a_q0       | 32       |
| b_address0 | 4        |
| b_q0       | 32       |
+------------+----------+

* Other Ports
+-----------+----------+
| Interface | Bitwidth |
+-----------+----------+
| ap_return | 32       |
+-----------+----------+

* TOP LEVEL CONTROL
+-----------+------------+-----------------------------------+
| Interface | Type       | Ports                             |
+-----------+------------+-----------------------------------+
| ap_clk    | clock      | ap_clk                            |
| ap_rst    | reset      | ap_rst                            |
| ap_ctrl   | ap_ctrl_hs | ap_done ap_idle ap_ready ap_start |
+-----------+------------+-----------------------------------+


================================================================
== SW I/O Information
================================================================
* Top Function Arguments
+----------+-----------+----------+
| Argument | Direction | Datatype |
+----------+-----------+----------+
| a        | in        | int*     |
| b        | in        | int*     |
| return   | out       | int      |
+----------+-----------+----------+

* SW-to-HW Mapping
+----------+--------------+---------+----------+
| Argument | HW Interface | HW Type | HW Usage |
+----------+--------------+---------+----------+
| a        | a_address0   | port    | offset   |
| a        | a_ce0        | port    |          |
| a        | a_q0         | port    |          |
| b        | b_address0   | port    | offset   |
| b        | b_ce0        | port    |          |
| b        | b_q0         | port    |          |
| return   | ap_return    | port    |          |
+----------+--------------+---------+----------+


================================================================
== Bind Op Report
================================================================
+-------------------------+-----+--------+----------+-----+--------+---------+
| Name                    | DSP | Pragma | Variable | Op  | Impl   | Latency |
+-------------------------+-----+--------+----------+-----+--------+---------+
| + muladd                | 3   |        |          |     |        |         |
|   add_ln8_fu_93_p2      | -   |        | add_ln8  | add | fabric | 0       |
|   mul_32s_32s_32_2_1_U1 | 3   |        | mul_ln10 | mul | auto   | 1       |
|   temp_1_fu_117_p2      | -   |        | temp_1   | add | fabric | 0       |
+-------------------------+-----+--------+----------+-----+--------+---------+


================================================================
== Bind Storage Report
================================================================
  No bind storage info in design

================================================================
== Pragma Report
================================================================
* Valid Pragma Syntax
+----------+---------+------------------------------------------------+
| Type     | Options | Location                                       |
+----------+---------+------------------------------------------------+
| pipeline |         | muladd_ip/solution2/directives.tcl:6 in muladd |
+----------+---------+------------------------------------------------+


