#-----------------------------------------------------------
# xsim v2022.2 (64-bit)
# SW Build 3671981 on Fri Oct 14 04:59:54 MDT 2022
# IP Build 3669848 on Fri Oct 14 08:30:02 MDT 2022
# Start of session at: Sun Dec 18 20:11:47 2022
# Process ID: 12325
# Current directory: /home/reon/work/xilinx/muladd_ip/solution1/sim/verilog
# Command line: xsim -mode tcl -source {xsim.dir/muladd/xsim_script.tcl}
# Log file: /home/reon/work/xilinx/muladd_ip/solution1/sim/verilog/xsim.log
# Journal file: /home/reon/work/xilinx/muladd_ip/solution1/sim/verilog/xsim.jou
# Running On: FRONTIER, OS: Linux, CPU Frequency: 4299.998 MHz, CPU Physical cores: 6, Host memory: 33579 MB
#-----------------------------------------------------------
source xsim.dir/muladd/xsim_script.tcl
# xsim {muladd} -view {{muladd_dataflow_ana.wcfg}} -tclbatch {muladd.tcl} -protoinst {muladd.protoinst}
INFO: [Wavedata 42-565] Reading protoinst file muladd.protoinst
INFO: [Wavedata 42-564]   Found protocol instance at /apatb_muladd_top/AESL_inst_muladd//AESL_inst_muladd_activity
Time resolution is 1 ps
open_wave_config muladd_dataflow_ana.wcfg
source muladd.tcl
## log_wave -r /
WARNING: [Simtcl 6-197] One or more HDL objects could not be logged because of object type or size limitations.  To see details please rerun the command with -verbose (-v).
## set designtopgroup [add_wave_group "Design Top Signals"]
## set coutputgroup [add_wave_group "C Outputs" -into $designtopgroup]
## set return_group [add_wave_group return(wire) -into $coutputgroup]
## add_wave /apatb_muladd_top/AESL_inst_muladd/ap_return -into $return_group -radix hex
## set cinputgroup [add_wave_group "C Inputs" -into $designtopgroup]
## set return_group [add_wave_group return(memory) -into $cinputgroup]
## add_wave /apatb_muladd_top/AESL_inst_muladd/b_q0 -into $return_group -radix hex
## add_wave /apatb_muladd_top/AESL_inst_muladd/b_ce0 -into $return_group -color #ffff00 -radix hex
## add_wave /apatb_muladd_top/AESL_inst_muladd/b_address0 -into $return_group -radix hex
## add_wave /apatb_muladd_top/AESL_inst_muladd/a_q0 -into $return_group -radix hex
## add_wave /apatb_muladd_top/AESL_inst_muladd/a_ce0 -into $return_group -color #ffff00 -radix hex
## add_wave /apatb_muladd_top/AESL_inst_muladd/a_address0 -into $return_group -radix hex
## set blocksiggroup [add_wave_group "Block-level IO Handshake" -into $designtopgroup]
## add_wave /apatb_muladd_top/AESL_inst_muladd/ap_start -into $blocksiggroup
## add_wave /apatb_muladd_top/AESL_inst_muladd/ap_done -into $blocksiggroup
## add_wave /apatb_muladd_top/AESL_inst_muladd/ap_idle -into $blocksiggroup
## add_wave /apatb_muladd_top/AESL_inst_muladd/ap_ready -into $blocksiggroup
## set resetgroup [add_wave_group "Reset" -into $designtopgroup]
## add_wave /apatb_muladd_top/AESL_inst_muladd/ap_rst -into $resetgroup
## set clockgroup [add_wave_group "Clock" -into $designtopgroup]
## add_wave /apatb_muladd_top/AESL_inst_muladd/ap_clk -into $clockgroup
## set testbenchgroup [add_wave_group "Test Bench Signals"]
## set tbinternalsiggroup [add_wave_group "Internal Signals" -into $testbenchgroup]
## set tb_simstatus_group [add_wave_group "Simulation Status" -into $tbinternalsiggroup]
## set tb_portdepth_group [add_wave_group "Port Depth" -into $tbinternalsiggroup]
## add_wave /apatb_muladd_top/AUTOTB_TRANSACTION_NUM -into $tb_simstatus_group -radix hex
## add_wave /apatb_muladd_top/ready_cnt -into $tb_simstatus_group -radix hex
## add_wave /apatb_muladd_top/done_cnt -into $tb_simstatus_group -radix hex
## add_wave /apatb_muladd_top/LENGTH_a -into $tb_portdepth_group -radix hex
## add_wave /apatb_muladd_top/LENGTH_ap_return -into $tb_portdepth_group -radix hex
## add_wave /apatb_muladd_top/LENGTH_b -into $tb_portdepth_group -radix hex
## set tbcoutputgroup [add_wave_group "C Outputs" -into $testbenchgroup]
## set tb_return_group [add_wave_group return(wire) -into $tbcoutputgroup]
## add_wave /apatb_muladd_top/ap_return -into $tb_return_group -radix hex
## set tbcinputgroup [add_wave_group "C Inputs" -into $testbenchgroup]
## set tb_return_group [add_wave_group return(memory) -into $tbcinputgroup]
## add_wave /apatb_muladd_top/b_q0 -into $tb_return_group -radix hex
## add_wave /apatb_muladd_top/b_ce0 -into $tb_return_group -color #ffff00 -radix hex
## add_wave /apatb_muladd_top/b_address0 -into $tb_return_group -radix hex
## add_wave /apatb_muladd_top/a_q0 -into $tb_return_group -radix hex
## add_wave /apatb_muladd_top/a_ce0 -into $tb_return_group -color #ffff00 -radix hex
## add_wave /apatb_muladd_top/a_address0 -into $tb_return_group -radix hex
## save_wave_config muladd.wcfg
## run all
////////////////////////////////////////////////////////////////////////////////////
// Inter-Transaction Progress: Completed Transaction / Total Transaction
// Intra-Transaction Progress: Measured Latency / Latency Estimation * 100%
//
// RTL Simulation : "Inter-Transaction Progress" ["Intra-Transaction Progress"] @ "Simulation Time"
////////////////////////////////////////////////////////////////////////////////////
// RTL Simulation : 0 / 1 [0.00%] @ "125000"
// RTL Simulation : 1 / 1 [100.00%] @ "335000"
////////////////////////////////////////////////////////////////////////////////////
$finish called at time : 395 ns : File "/home/reon/work/xilinx/muladd_ip/solution1/sim/verilog/muladd.autotb.v" Line 302
## quit
INFO: [Common 17-206] Exiting xsim at Sun Dec 18 20:11:50 2022...
