/home/reon/work/xilinx/cnnlite_ip/solution1/.autopilot/db/cnn.pp.0.c:3177:5: warning: Added loop label VITIS_LOOP_2793_1:   [xilinx-label-all-loops]
    for (int32_t och = 0; och < out_channels; ++och)
    ^~~
    VITIS_LOOP_2793_1: 
/home/reon/work/xilinx/cnnlite_ip/solution1/.autopilot/db/cnn.pp.0.c:3177:5: note: FIX-IT applied suggested code changes
/home/reon/work/xilinx/cnnlite_ip/solution1/.autopilot/db/cnn.pp.0.c:3179:9: warning: Added loop label VITIS_LOOP_2795_2:   [xilinx-label-all-loops]
        for (int32_t h = 0; h < height; ++h)
        ^~~
        VITIS_LOOP_2795_2: 
/home/reon/work/xilinx/cnnlite_ip/solution1/.autopilot/db/cnn.pp.0.c:3179:9: note: FIX-IT applied suggested code changes
/home/reon/work/xilinx/cnnlite_ip/solution1/.autopilot/db/cnn.pp.0.c:3181:13: warning: Added loop label VITIS_LOOP_2797_3:   [xilinx-label-all-loops]
            for (int32_t w = 0; w < width; ++w)
            ^~~
            VITIS_LOOP_2797_3: 
/home/reon/work/xilinx/cnnlite_ip/solution1/.autopilot/db/cnn.pp.0.c:3181:13: note: FIX-IT applied suggested code changes
/home/reon/work/xilinx/cnnlite_ip/solution1/.autopilot/db/cnn.pp.0.c:3185:17: warning: Added loop label VITIS_LOOP_2801_4:   [xilinx-label-all-loops]
                for (int32_t ich = 0; ich < in_channels; ++ich)
                ^~~
                VITIS_LOOP_2801_4: 
/home/reon/work/xilinx/cnnlite_ip/solution1/.autopilot/db/cnn.pp.0.c:3185:17: note: FIX-IT applied suggested code changes
/home/reon/work/xilinx/cnnlite_ip/solution1/.autopilot/db/cnn.pp.0.c:3187:21: warning: Added loop label VITIS_LOOP_2803_5:   [xilinx-label-all-loops]
                    for (int32_t kh = 0; kh < ksize; ++kh)
                    ^~~
                    VITIS_LOOP_2803_5: 
/home/reon/work/xilinx/cnnlite_ip/solution1/.autopilot/db/cnn.pp.0.c:3187:21: note: FIX-IT applied suggested code changes
/home/reon/work/xilinx/cnnlite_ip/solution1/.autopilot/db/cnn.pp.0.c:3189:25: warning: Added loop label VITIS_LOOP_2805_6:   [xilinx-label-all-loops]
                        for (int32_t kw = 0; kw < ksize; ++kw)
                        ^~~
                        VITIS_LOOP_2805_6: 
/home/reon/work/xilinx/cnnlite_ip/solution1/.autopilot/db/cnn.pp.0.c:3189:25: note: FIX-IT applied suggested code changes
/home/reon/work/xilinx/cnnlite_ip/solution1/.autopilot/db/cnn.pp.0.c:3219:5: warning: Added loop label VITIS_LOOP_2835_1:   [xilinx-label-all-loops]
    for (int64_t i = 0; i < out_features; ++i)
    ^~~
    VITIS_LOOP_2835_1: 
/home/reon/work/xilinx/cnnlite_ip/solution1/.autopilot/db/cnn.pp.0.c:3219:5: note: FIX-IT applied suggested code changes
/home/reon/work/xilinx/cnnlite_ip/solution1/.autopilot/db/cnn.pp.0.c:3222:9: warning: Added loop label VITIS_LOOP_2838_2:   [xilinx-label-all-loops]
        for (int64_t j = 0; j < in_features; ++j)
        ^~~
        VITIS_LOOP_2838_2: 
/home/reon/work/xilinx/cnnlite_ip/solution1/.autopilot/db/cnn.pp.0.c:3222:9: note: FIX-IT applied suggested code changes
/home/reon/work/xilinx/cnnlite_ip/solution1/.autopilot/db/cnn.pp.0.c:3232:5: warning: Added loop label VITIS_LOOP_2848_1:   [xilinx-label-all-loops]
    for (int ch = 0; ch < channels; ++ch)
    ^~~
    VITIS_LOOP_2848_1: 
/home/reon/work/xilinx/cnnlite_ip/solution1/.autopilot/db/cnn.pp.0.c:3232:5: note: FIX-IT applied suggested code changes
/home/reon/work/xilinx/cnnlite_ip/solution1/.autopilot/db/cnn.pp.0.c:3234:9: warning: Added loop label VITIS_LOOP_2850_2:   [xilinx-label-all-loops]
        for (int32_t h = 0; h < height; h += stride)
        ^~~
        VITIS_LOOP_2850_2: 
/home/reon/work/xilinx/cnnlite_ip/solution1/.autopilot/db/cnn.pp.0.c:3234:9: note: FIX-IT applied suggested code changes
/home/reon/work/xilinx/cnnlite_ip/solution1/.autopilot/db/cnn.pp.0.c:3236:13: warning: Added loop label VITIS_LOOP_2852_3:   [xilinx-label-all-loops]
            for (int32_t w = 0; w < width; w += stride)
            ^~~
            VITIS_LOOP_2852_3: 
/home/reon/work/xilinx/cnnlite_ip/solution1/.autopilot/db/cnn.pp.0.c:3236:13: note: FIX-IT applied suggested code changes
/home/reon/work/xilinx/cnnlite_ip/solution1/.autopilot/db/cnn.pp.0.c:3240:17: warning: Added loop label VITIS_LOOP_2856_4:   [xilinx-label-all-loops]
                for (int bh = 0; bh < stride; ++bh)
                ^~~
                VITIS_LOOP_2856_4: 
/home/reon/work/xilinx/cnnlite_ip/solution1/.autopilot/db/cnn.pp.0.c:3240:17: note: FIX-IT applied suggested code changes
/home/reon/work/xilinx/cnnlite_ip/solution1/.autopilot/db/cnn.pp.0.c:3242:21: warning: Added loop label VITIS_LOOP_2858_5:   [xilinx-label-all-loops]
                    for (int bw = 0; bw < stride; ++bw)
                    ^~~
                    VITIS_LOOP_2858_5: 
/home/reon/work/xilinx/cnnlite_ip/solution1/.autopilot/db/cnn.pp.0.c:3242:21: note: FIX-IT applied suggested code changes
/home/reon/work/xilinx/cnnlite_ip/solution1/.autopilot/db/cnn.pp.0.c:3256:5: warning: Added loop label VITIS_LOOP_2872_1:   [xilinx-label-all-loops]
    for (int64_t i = 0; i < size; ++i)
    ^~~
    VITIS_LOOP_2872_1: 
/home/reon/work/xilinx/cnnlite_ip/solution1/.autopilot/db/cnn.pp.0.c:3256:5: note: FIX-IT applied suggested code changes
