

================================================================
== Vitis HLS Report for 'cnn_top_Pipeline_VITIS_LOOP_2835_1_VITIS_LOOP_2838_2'
================================================================
* Date:           Mon Feb 27 10:37:10 2023

* Version:        2022.2 (Build 3670227 on Oct 13 2022)
* Project:        cnnlite_ip
* Solution:       solution1 (Vivado IP Flow Target)
* Product family: zynq
* Target device:  xc7z020-clg400-1


================================================================
== Performance Estimates
================================================================
+ Timing: 
    * Summary: 
    +--------+----------+----------+------------+
    |  Clock |  Target  | Estimated| Uncertainty|
    +--------+----------+----------+------------+
    |ap_clk  |  10.00 ns|  7.256 ns|     2.70 ns|
    +--------+----------+----------+------------+

+ Latency: 
    * Summary: 
    +---------+---------+----------+----------+-------+-------+---------+
    |  Latency (cycles) |  Latency (absolute) |    Interval   | Pipeline|
    |   min   |   max   |    min   |    max   |  min  |  max  |   Type  |
    +---------+---------+----------+----------+-------+-------+---------+
    |    75279|    75279|  0.753 ms|  0.753 ms|  75279|  75279|       no|
    +---------+---------+----------+----------+-------+-------+---------+

    + Detail: 
        * Instance: 
        N/A

        * Loop: 
        +---------------------------------------+---------+---------+----------+-----------+-----------+-------+----------+
        |                                       |  Latency (cycles) | Iteration|  Initiation Interval  |  Trip |          |
        |               Loop Name               |   min   |   max   |  Latency |  achieved |   target  | Count | Pipelined|
        +---------------------------------------+---------+---------+----------+-----------+-----------+-------+----------+
        |- VITIS_LOOP_2835_1_VITIS_LOOP_2838_2  |    75277|    75277|        20|          6|          1|  12544|       yes|
        +---------------------------------------+---------+---------+----------+-----------+-----------+-------+----------+

============================================================
+ Verbose Summary: Synthesis Manager
============================================================
InlineROM: 1
ExposeGlobal: 0
============================================================
+ Verbose Summary: CDFG Model
============================================================
IsTopModel: 0
ResetActiveHigh: 1
IsCombinational: 0
IsDatapathOnly: 0
HasWiredReturn: 1
HasMFsm: 2
HasVarLatency: 1
IsPipeline: 0
IsRtlPipelined: 0
IsInstanceOverlapped: 0
IsDontTouch: 0
HasImplIP: 0
IsGatedGlobalClock: 0

+ Individual pipeline summary: 
  * Pipeline-0: initiation interval (II) = 6, depth = 20


============================================================
+ Verbose Summary: Schedule
============================================================
* Number of FSM states : 20
* Pipeline : 1
  Pipeline-0 : II = 6, D = 20, States = { 1 2 3 4 5 6 7 8 9 10 11 12 13 14 15 16 17 18 19 20 }
* Dataflow Pipeline: 0

* FSM state transitions: 
1 --> 2 
2 --> 3 
3 --> 4 
4 --> 5 
5 --> 6 
6 --> 7 
7 --> 8 
8 --> 9 
9 --> 10 
10 --> 11 
11 --> 12 
12 --> 13 
13 --> 14 
14 --> 15 
15 --> 16 
16 --> 17 
17 --> 18 
18 --> 19 
19 --> 20 
20 --> 

* FSM state operations: 

State 1 <SV = 0> <Delay = 5.88>
ST_1 : Operation 23 [1/1] (0.00ns)   --->   "%sum = alloca i32 1"   --->   Operation 23 'alloca' 'sum' <Predicate = true> <Delay = 0.00>
ST_1 : Operation 24 [1/1] (0.00ns)   --->   "%j = alloca i32 1"   --->   Operation 24 'alloca' 'j' <Predicate = true> <Delay = 0.00>
ST_1 : Operation 25 [1/1] (0.00ns)   --->   "%i_4 = alloca i32 1"   --->   Operation 25 'alloca' 'i_4' <Predicate = true> <Delay = 0.00>
ST_1 : Operation 26 [1/1] (0.00ns)   --->   "%indvar_flatten = alloca i32 1"   --->   Operation 26 'alloca' 'indvar_flatten' <Predicate = true> <Delay = 0.00>
ST_1 : Operation 27 [1/1] (1.58ns)   --->   "%store_ln0 = store i14 0, i14 %indvar_flatten"   --->   Operation 27 'store' 'store_ln0' <Predicate = true> <Delay = 1.58>
ST_1 : Operation 28 [1/1] (1.58ns)   --->   "%store_ln0 = store i6 0, i6 %i_4"   --->   Operation 28 'store' 'store_ln0' <Predicate = true> <Delay = 1.58>
ST_1 : Operation 29 [1/1] (1.58ns)   --->   "%store_ln0 = store i9 0, i9 %j"   --->   Operation 29 'store' 'store_ln0' <Predicate = true> <Delay = 1.58>
ST_1 : Operation 30 [1/1] (1.58ns)   --->   "%store_ln0 = store i32 0, i32 %sum"   --->   Operation 30 'store' 'store_ln0' <Predicate = true> <Delay = 1.58>
ST_1 : Operation 31 [1/1] (0.00ns)   --->   "%br_ln0 = br void %for.inc.i"   --->   Operation 31 'br' 'br_ln0' <Predicate = true> <Delay = 0.00>
ST_1 : Operation 32 [1/1] (0.00ns)   --->   "%indvar_flatten_load = load i14 %indvar_flatten" [cnnlite_ip/src/cnn.c:2835]   --->   Operation 32 'load' 'indvar_flatten_load' <Predicate = true> <Delay = 0.00>
ST_1 : Operation 33 [1/1] (0.00ns)   --->   "%specpipeline_ln0 = specpipeline void @_ssdm_op_SpecPipeline, i32 4294967295, i32 0, i32 1, i32 0, void @p_str"   --->   Operation 33 'specpipeline' 'specpipeline_ln0' <Predicate = true> <Delay = 0.00>
ST_1 : Operation 34 [1/1] (2.20ns)   --->   "%icmp_ln2835 = icmp_eq  i14 %indvar_flatten_load, i14 12544" [cnnlite_ip/src/cnn.c:2835]   --->   Operation 34 'icmp' 'icmp_ln2835' <Predicate = true> <Delay = 2.20> <CoreInst = "Cmp">   --->   Core 9 'Cmp' <Latency = 0> <II = 1> <Delay = 2.20> <FuncUnit> <Opcode : 'icmp'> <InPorts = 2> <OutPorts = 1>
ST_1 : Operation 35 [1/1] (1.81ns)   --->   "%add_ln2835 = add i14 %indvar_flatten_load, i14 1" [cnnlite_ip/src/cnn.c:2835]   --->   Operation 35 'add' 'add_ln2835' <Predicate = true> <Delay = 1.81> <CoreInst = "Adder">   --->   Core 1 'Adder' <Latency = 0> <II = 1> <Delay = 1.81> <FuncUnit> <Opcode : 'add' 'sub'> <InPorts = 2> <OutPorts = 1>
ST_1 : Operation 36 [1/1] (0.00ns)   --->   "%br_ln2835 = br i1 %icmp_ln2835, void %for.inc11.loopexit.i, void %for.body.i20.preheader.exitStub" [cnnlite_ip/src/cnn.c:2835]   --->   Operation 36 'br' 'br_ln2835' <Predicate = true> <Delay = 0.00>
ST_1 : Operation 37 [1/1] (0.00ns)   --->   "%j_load = load i9 %j" [cnnlite_ip/src/cnn.c:2838]   --->   Operation 37 'load' 'j_load' <Predicate = (!icmp_ln2835)> <Delay = 0.00>
ST_1 : Operation 38 [1/1] (0.00ns)   --->   "%i_4_load = load i6 %i_4" [cnnlite_ip/src/cnn.c:2835]   --->   Operation 38 'load' 'i_4_load' <Predicate = (!icmp_ln2835)> <Delay = 0.00>
ST_1 : Operation 39 [1/1] (1.82ns)   --->   "%i = add i6 %i_4_load, i6 1" [cnnlite_ip/src/cnn.c:2835]   --->   Operation 39 'add' 'i' <Predicate = (!icmp_ln2835)> <Delay = 1.82> <CoreInst = "Adder">   --->   Core 1 'Adder' <Latency = 0> <II = 1> <Delay = 1.82> <FuncUnit> <Opcode : 'add' 'sub'> <InPorts = 2> <OutPorts = 1>
ST_1 : Operation 40 [1/1] (1.66ns)   --->   "%icmp_ln2838 = icmp_eq  i9 %j_load, i9 392" [cnnlite_ip/src/cnn.c:2838]   --->   Operation 40 'icmp' 'icmp_ln2838' <Predicate = (!icmp_ln2835)> <Delay = 1.66> <CoreInst = "Cmp">   --->   Core 9 'Cmp' <Latency = 0> <II = 1> <Delay = 1.66> <FuncUnit> <Opcode : 'icmp'> <InPorts = 2> <OutPorts = 1>
ST_1 : Operation 41 [1/1] (0.96ns)   --->   "%select_ln2835 = select i1 %icmp_ln2838, i9 0, i9 %j_load" [cnnlite_ip/src/cnn.c:2835]   --->   Operation 41 'select' 'select_ln2835' <Predicate = (!icmp_ln2835)> <Delay = 0.96> <CoreInst = "Sel">   --->   Core 73 'Sel' <Latency = 0> <II = 1> <Delay = 0.96> <FuncUnit> <Opcode : 'select'> <InPorts = 3> <OutPorts = 1>
ST_1 : Operation 42 [1/1] (1.18ns)   --->   "%select_ln2835_2 = select i1 %icmp_ln2838, i6 %i, i6 %i_4_load" [cnnlite_ip/src/cnn.c:2835]   --->   Operation 42 'select' 'select_ln2835_2' <Predicate = (!icmp_ln2835)> <Delay = 1.18> <CoreInst = "Sel">   --->   Core 73 'Sel' <Latency = 0> <II = 1> <Delay = 1.18> <FuncUnit> <Opcode : 'select'> <InPorts = 3> <OutPorts = 1>
ST_1 : Operation 43 [1/1] (0.00ns)   --->   "%zext_ln2835_1 = zext i6 %select_ln2835_2" [cnnlite_ip/src/cnn.c:2835]   --->   Operation 43 'zext' 'zext_ln2835_1' <Predicate = (!icmp_ln2835)> <Delay = 0.00>
ST_1 : Operation 44 [3/3] (1.05ns) (grouped into DSP with root node add_ln2840)   --->   "%mul_ln2835 = mul i14 %zext_ln2835_1, i14 392" [cnnlite_ip/src/cnn.c:2835]   --->   Operation 44 'mul' 'mul_ln2835' <Predicate = (!icmp_ln2835)> <Delay = 1.05> <CoreInst = "DSP48">   --->   Core 119 'DSP48' <Latency = 3> <II = 1> <Delay = 2.15> <IPBlock> <Opcode : 'mul' 'add' 'sub' 'select'> <InPorts = 0> <OutPorts = 1> <Sync> <CReg>
ST_1 : Operation 45 [1/1] (0.00ns)   --->   "%j_cast2 = zext i9 %select_ln2835" [cnnlite_ip/src/cnn.c:2835]   --->   Operation 45 'zext' 'j_cast2' <Predicate = (!icmp_ln2835)> <Delay = 0.00>
ST_1 : Operation 46 [1/1] (0.00ns)   --->   "%vla166_i_addr = getelementptr i32 %vla166_i, i64 0, i64 %j_cast2" [cnnlite_ip/src/cnn.c:2840]   --->   Operation 46 'getelementptr' 'vla166_i_addr' <Predicate = (!icmp_ln2835)> <Delay = 0.00>
ST_1 : Operation 47 [2/2] (3.25ns)   --->   "%vla166_i_load = load i9 %vla166_i_addr" [cnnlite_ip/src/cnn.c:2840]   --->   Operation 47 'load' 'vla166_i_load' <Predicate = (!icmp_ln2835)> <Delay = 3.25> <CoreInst = "RAM">   --->   Core 82 'RAM' <Latency = 1> <II = 1> <Delay = 3.25> <Storage> <Opcode : 'load' 'store'> <Ports = 2> <Width = 32> <Depth = 392> <RAM>

State 2 <SV = 1> <Delay = 3.25>
ST_2 : Operation 48 [2/3] (1.05ns) (grouped into DSP with root node add_ln2840)   --->   "%mul_ln2835 = mul i14 %zext_ln2835_1, i14 392" [cnnlite_ip/src/cnn.c:2835]   --->   Operation 48 'mul' 'mul_ln2835' <Predicate = (!icmp_ln2835)> <Delay = 1.05> <CoreInst = "DSP48">   --->   Core 119 'DSP48' <Latency = 3> <II = 1> <Delay = 2.15> <IPBlock> <Opcode : 'mul' 'add' 'sub' 'select'> <InPorts = 0> <OutPorts = 1> <Sync> <CReg>
ST_2 : Operation 49 [1/2] (3.25ns)   --->   "%vla166_i_load = load i9 %vla166_i_addr" [cnnlite_ip/src/cnn.c:2840]   --->   Operation 49 'load' 'vla166_i_load' <Predicate = (!icmp_ln2835)> <Delay = 3.25> <CoreInst = "RAM">   --->   Core 82 'RAM' <Latency = 1> <II = 1> <Delay = 3.25> <Storage> <Opcode : 'load' 'store'> <Ports = 2> <Width = 32> <Depth = 392> <RAM>

State 3 <SV = 2> <Delay = 2.10>
ST_3 : Operation 50 [1/3] (0.00ns) (grouped into DSP with root node add_ln2840)   --->   "%mul_ln2835 = mul i14 %zext_ln2835_1, i14 392" [cnnlite_ip/src/cnn.c:2835]   --->   Operation 50 'mul' 'mul_ln2835' <Predicate = (!icmp_ln2835)> <Delay = 0.00> <CoreInst = "DSP48">   --->   Core 119 'DSP48' <Latency = 3> <II = 1> <Delay = 2.15> <IPBlock> <Opcode : 'mul' 'add' 'sub' 'select'> <InPorts = 0> <OutPorts = 1> <Sync> <CReg>
ST_3 : Operation 51 [1/1] (0.00ns)   --->   "%j_cast = zext i9 %select_ln2835" [cnnlite_ip/src/cnn.c:2835]   --->   Operation 51 'zext' 'j_cast' <Predicate = (!icmp_ln2835)> <Delay = 0.00>
ST_3 : Operation 52 [2/2] (2.10ns) (root node of the DSP)   --->   "%add_ln2840 = add i14 %j_cast, i14 %mul_ln2835" [cnnlite_ip/src/cnn.c:2840]   --->   Operation 52 'add' 'add_ln2840' <Predicate = (!icmp_ln2835)> <Delay = 2.10> <CoreInst = "DSP48">   --->   Core 119 'DSP48' <Latency = 3> <II = 1> <Delay = 2.15> <IPBlock> <Opcode : 'mul' 'add' 'sub' 'select'> <InPorts = 0> <OutPorts = 1> <Sync> <CReg>

State 4 <SV = 3> <Delay = 5.35>
ST_4 : Operation 53 [1/2] (2.10ns) (root node of the DSP)   --->   "%add_ln2840 = add i14 %j_cast, i14 %mul_ln2835" [cnnlite_ip/src/cnn.c:2840]   --->   Operation 53 'add' 'add_ln2840' <Predicate = (!icmp_ln2835)> <Delay = 2.10> <CoreInst = "DSP48">   --->   Core 119 'DSP48' <Latency = 3> <II = 1> <Delay = 2.15> <IPBlock> <Opcode : 'mul' 'add' 'sub' 'select'> <InPorts = 0> <OutPorts = 1> <Sync> <CReg>
ST_4 : Operation 54 [1/1] (0.00ns)   --->   "%zext_ln2840 = zext i14 %add_ln2840" [cnnlite_ip/src/cnn.c:2840]   --->   Operation 54 'zext' 'zext_ln2840' <Predicate = (!icmp_ln2835)> <Delay = 0.00>
ST_4 : Operation 55 [1/1] (0.00ns)   --->   "%weight2_addr = getelementptr i32 %weight2, i64 0, i64 %zext_ln2840" [cnnlite_ip/src/cnn.c:2840]   --->   Operation 55 'getelementptr' 'weight2_addr' <Predicate = (!icmp_ln2835)> <Delay = 0.00>
ST_4 : Operation 56 [2/2] (3.25ns)   --->   "%weight2_load = load i14 %weight2_addr" [cnnlite_ip/src/cnn.c:2840]   --->   Operation 56 'load' 'weight2_load' <Predicate = (!icmp_ln2835)> <Delay = 3.25> <CoreInst = "ROM">   --->   Core 95 'ROM' <Latency = 1> <II = 1> <Delay = 3.25> <Storage> <Opcode : 'load'> <Ports = 0> <Width = 32> <Depth = 12544> <ROM>

State 5 <SV = 4> <Delay = 3.25>
ST_5 : Operation 57 [1/2] (3.25ns)   --->   "%weight2_load = load i14 %weight2_addr" [cnnlite_ip/src/cnn.c:2840]   --->   Operation 57 'load' 'weight2_load' <Predicate = (!icmp_ln2835)> <Delay = 3.25> <CoreInst = "ROM">   --->   Core 95 'ROM' <Latency = 1> <II = 1> <Delay = 3.25> <Storage> <Opcode : 'load'> <Ports = 0> <Width = 32> <Depth = 12544> <ROM>

State 6 <SV = 5> <Delay = 5.70>
ST_6 : Operation 58 [4/4] (5.70ns)   --->   "%mul6_i = fmul i32 %vla166_i_load, i32 %weight2_load" [cnnlite_ip/src/cnn.c:2840]   --->   Operation 58 'fmul' 'mul6_i' <Predicate = (!icmp_ln2835)> <Delay = 5.70> <CoreInst = "FMul_maxdsp">   --->   Core 30 'FMul_maxdsp' <Latency = 3> <II = 1> <Delay = 5.70> <FuncUnit> <Opcode : 'fmul'> <InPorts = 2> <OutPorts = 1>
ST_6 : Operation 59 [1/1] (1.82ns)   --->   "%j_1 = add i9 %select_ln2835, i9 1" [cnnlite_ip/src/cnn.c:2838]   --->   Operation 59 'add' 'j_1' <Predicate = (!icmp_ln2835)> <Delay = 1.82> <CoreInst = "Adder">   --->   Core 1 'Adder' <Latency = 0> <II = 1> <Delay = 1.82> <FuncUnit> <Opcode : 'add' 'sub'> <InPorts = 2> <OutPorts = 1>
ST_6 : Operation 60 [1/1] (1.66ns)   --->   "%ifzero = icmp_eq  i9 %j_1, i9 392" [cnnlite_ip/src/cnn.c:2838]   --->   Operation 60 'icmp' 'ifzero' <Predicate = (!icmp_ln2835)> <Delay = 1.66> <CoreInst = "Cmp">   --->   Core 9 'Cmp' <Latency = 0> <II = 1> <Delay = 1.66> <FuncUnit> <Opcode : 'icmp'> <InPorts = 2> <OutPorts = 1>
ST_6 : Operation 61 [1/1] (0.00ns)   --->   "%br_ln2838 = br i1 %ifzero, void %ifFalse, void %ifTrue" [cnnlite_ip/src/cnn.c:2838]   --->   Operation 61 'br' 'br_ln2838' <Predicate = (!icmp_ln2835)> <Delay = 0.00>
ST_6 : Operation 62 [1/1] (1.58ns)   --->   "%store_ln2835 = store i14 %add_ln2835, i14 %indvar_flatten" [cnnlite_ip/src/cnn.c:2835]   --->   Operation 62 'store' 'store_ln2835' <Predicate = (!icmp_ln2835)> <Delay = 1.58>
ST_6 : Operation 63 [1/1] (1.58ns)   --->   "%store_ln2835 = store i6 %select_ln2835_2, i6 %i_4" [cnnlite_ip/src/cnn.c:2835]   --->   Operation 63 'store' 'store_ln2835' <Predicate = (!icmp_ln2835)> <Delay = 1.58>
ST_6 : Operation 64 [1/1] (1.58ns)   --->   "%store_ln2838 = store i9 %j_1, i9 %j" [cnnlite_ip/src/cnn.c:2838]   --->   Operation 64 'store' 'store_ln2838' <Predicate = (!icmp_ln2835)> <Delay = 1.58>

State 7 <SV = 6> <Delay = 5.70>
ST_7 : Operation 65 [3/4] (5.70ns)   --->   "%mul6_i = fmul i32 %vla166_i_load, i32 %weight2_load" [cnnlite_ip/src/cnn.c:2840]   --->   Operation 65 'fmul' 'mul6_i' <Predicate = true> <Delay = 5.70> <CoreInst = "FMul_maxdsp">   --->   Core 30 'FMul_maxdsp' <Latency = 3> <II = 1> <Delay = 5.70> <FuncUnit> <Opcode : 'fmul'> <InPorts = 2> <OutPorts = 1>

State 8 <SV = 7> <Delay = 5.70>
ST_8 : Operation 66 [2/4] (5.70ns)   --->   "%mul6_i = fmul i32 %vla166_i_load, i32 %weight2_load" [cnnlite_ip/src/cnn.c:2840]   --->   Operation 66 'fmul' 'mul6_i' <Predicate = true> <Delay = 5.70> <CoreInst = "FMul_maxdsp">   --->   Core 30 'FMul_maxdsp' <Latency = 3> <II = 1> <Delay = 5.70> <FuncUnit> <Opcode : 'fmul'> <InPorts = 2> <OutPorts = 1>

State 9 <SV = 8> <Delay = 5.70>
ST_9 : Operation 67 [1/1] (0.00ns)   --->   "%sum_load = load i32 %sum" [cnnlite_ip/src/cnn.c:2835]   --->   Operation 67 'load' 'sum_load' <Predicate = (!icmp_ln2838)> <Delay = 0.00>
ST_9 : Operation 68 [1/1] (0.69ns)   --->   "%select_ln2835_1 = select i1 %icmp_ln2838, i32 0, i32 %sum_load" [cnnlite_ip/src/cnn.c:2835]   --->   Operation 68 'select' 'select_ln2835_1' <Predicate = true> <Delay = 0.69> <CoreInst = "Sel">   --->   Core 73 'Sel' <Latency = 0> <II = 1> <Delay = 0.69> <FuncUnit> <Opcode : 'select'> <InPorts = 3> <OutPorts = 1>
ST_9 : Operation 69 [1/4] (5.70ns)   --->   "%mul6_i = fmul i32 %vla166_i_load, i32 %weight2_load" [cnnlite_ip/src/cnn.c:2840]   --->   Operation 69 'fmul' 'mul6_i' <Predicate = true> <Delay = 5.70> <CoreInst = "FMul_maxdsp">   --->   Core 30 'FMul_maxdsp' <Latency = 3> <II = 1> <Delay = 5.70> <FuncUnit> <Opcode : 'fmul'> <InPorts = 2> <OutPorts = 1>

State 10 <SV = 9> <Delay = 7.25>
ST_10 : Operation 70 [5/5] (7.25ns)   --->   "%sum_1 = fadd i32 %select_ln2835_1, i32 %mul6_i" [cnnlite_ip/src/cnn.c:2840]   --->   Operation 70 'fadd' 'sum_1' <Predicate = true> <Delay = 7.25> <CoreInst = "FAddSub_fulldsp">   --->   Core 18 'FAddSub_fulldsp' <Latency = 4> <II = 1> <Delay = 7.25> <FuncUnit> <Opcode : 'fadd' 'fsub'> <InPorts = 2> <OutPorts = 1>

State 11 <SV = 10> <Delay = 7.25>
ST_11 : Operation 71 [4/5] (7.25ns)   --->   "%sum_1 = fadd i32 %select_ln2835_1, i32 %mul6_i" [cnnlite_ip/src/cnn.c:2840]   --->   Operation 71 'fadd' 'sum_1' <Predicate = true> <Delay = 7.25> <CoreInst = "FAddSub_fulldsp">   --->   Core 18 'FAddSub_fulldsp' <Latency = 4> <II = 1> <Delay = 7.25> <FuncUnit> <Opcode : 'fadd' 'fsub'> <InPorts = 2> <OutPorts = 1>

State 12 <SV = 11> <Delay = 7.25>
ST_12 : Operation 72 [3/5] (7.25ns)   --->   "%sum_1 = fadd i32 %select_ln2835_1, i32 %mul6_i" [cnnlite_ip/src/cnn.c:2840]   --->   Operation 72 'fadd' 'sum_1' <Predicate = true> <Delay = 7.25> <CoreInst = "FAddSub_fulldsp">   --->   Core 18 'FAddSub_fulldsp' <Latency = 4> <II = 1> <Delay = 7.25> <FuncUnit> <Opcode : 'fadd' 'fsub'> <InPorts = 2> <OutPorts = 1>

State 13 <SV = 12> <Delay = 7.25>
ST_13 : Operation 73 [1/1] (0.00ns)   --->   "%zext_ln2835 = zext i6 %select_ln2835_2" [cnnlite_ip/src/cnn.c:2835]   --->   Operation 73 'zext' 'zext_ln2835' <Predicate = true> <Delay = 0.00>
ST_13 : Operation 74 [2/5] (7.25ns)   --->   "%sum_1 = fadd i32 %select_ln2835_1, i32 %mul6_i" [cnnlite_ip/src/cnn.c:2840]   --->   Operation 74 'fadd' 'sum_1' <Predicate = true> <Delay = 7.25> <CoreInst = "FAddSub_fulldsp">   --->   Core 18 'FAddSub_fulldsp' <Latency = 4> <II = 1> <Delay = 7.25> <FuncUnit> <Opcode : 'fadd' 'fsub'> <InPorts = 2> <OutPorts = 1>
ST_13 : Operation 75 [1/1] (0.00ns)   --->   "%bias2_addr = getelementptr i32 %bias2, i64 0, i64 %zext_ln2835" [cnnlite_ip/src/cnn.c:2842]   --->   Operation 75 'getelementptr' 'bias2_addr' <Predicate = (ifzero)> <Delay = 0.00>
ST_13 : Operation 76 [2/2] (3.25ns)   --->   "%bias2_load = load i5 %bias2_addr" [cnnlite_ip/src/cnn.c:2842]   --->   Operation 76 'load' 'bias2_load' <Predicate = (ifzero)> <Delay = 3.25> <CoreInst = "ROM">   --->   Core 95 'ROM' <Latency = 1> <II = 1> <Delay = 3.25> <Storage> <Opcode : 'load'> <Ports = 0> <Width = 32> <Depth = 32> <ROM>

State 14 <SV = 13> <Delay = 7.25>
ST_14 : Operation 77 [1/1] (0.00ns)   --->   "%specloopname_ln0 = specloopname void @_ssdm_op_SpecLoopName, void @VITIS_LOOP_2835_1_VITIS_LOOP_2838_2_str"   --->   Operation 77 'specloopname' 'specloopname_ln0' <Predicate = true> <Delay = 0.00>
ST_14 : Operation 78 [1/1] (0.00ns)   --->   "%empty = speclooptripcount i32 @_ssdm_op_SpecLoopTripCount, i64 12544, i64 12544, i64 12544"   --->   Operation 78 'speclooptripcount' 'empty' <Predicate = true> <Delay = 0.00>
ST_14 : Operation 79 [1/1] (0.00ns)   --->   "%specpipeline_ln0 = specpipeline void @_ssdm_op_SpecPipeline, i32 4294967295, i32 0, i32 1, i32 0, void @p_str"   --->   Operation 79 'specpipeline' 'specpipeline_ln0' <Predicate = true> <Delay = 0.00>
ST_14 : Operation 80 [1/1] (0.00ns)   --->   "%specloopname_ln2837 = specloopname void @_ssdm_op_SpecLoopName, void @empty_7" [cnnlite_ip/src/cnn.c:2837]   --->   Operation 80 'specloopname' 'specloopname_ln2837' <Predicate = true> <Delay = 0.00>
ST_14 : Operation 81 [1/5] (7.25ns)   --->   "%sum_1 = fadd i32 %select_ln2835_1, i32 %mul6_i" [cnnlite_ip/src/cnn.c:2840]   --->   Operation 81 'fadd' 'sum_1' <Predicate = true> <Delay = 7.25> <CoreInst = "FAddSub_fulldsp">   --->   Core 18 'FAddSub_fulldsp' <Latency = 4> <II = 1> <Delay = 7.25> <FuncUnit> <Opcode : 'fadd' 'fsub'> <InPorts = 2> <OutPorts = 1>
ST_14 : Operation 82 [1/2] (3.25ns)   --->   "%bias2_load = load i5 %bias2_addr" [cnnlite_ip/src/cnn.c:2842]   --->   Operation 82 'load' 'bias2_load' <Predicate = (ifzero)> <Delay = 3.25> <CoreInst = "ROM">   --->   Core 95 'ROM' <Latency = 1> <II = 1> <Delay = 3.25> <Storage> <Opcode : 'load'> <Ports = 0> <Width = 32> <Depth = 32> <ROM>
ST_14 : Operation 93 [1/1] (0.00ns)   --->   "%ret_ln0 = ret"   --->   Operation 93 'ret' 'ret_ln0' <Predicate = (icmp_ln2835)> <Delay = 0.00>

State 15 <SV = 14> <Delay = 7.25>
ST_15 : Operation 83 [5/5] (7.25ns)   --->   "%add9_i = fadd i32 %sum_1, i32 %bias2_load" [cnnlite_ip/src/cnn.c:2842]   --->   Operation 83 'fadd' 'add9_i' <Predicate = (ifzero)> <Delay = 7.25> <CoreInst = "FAddSub_fulldsp">   --->   Core 18 'FAddSub_fulldsp' <Latency = 4> <II = 1> <Delay = 7.25> <FuncUnit> <Opcode : 'fadd' 'fsub'> <InPorts = 2> <OutPorts = 1>
ST_15 : Operation 84 [1/1] (1.58ns)   --->   "%store_ln2840 = store i32 %sum_1, i32 %sum" [cnnlite_ip/src/cnn.c:2840]   --->   Operation 84 'store' 'store_ln2840' <Predicate = true> <Delay = 1.58>
ST_15 : Operation 85 [1/1] (0.00ns)   --->   "%br_ln0 = br void %for.inc.i"   --->   Operation 85 'br' 'br_ln0' <Predicate = true> <Delay = 0.00>

State 16 <SV = 15> <Delay = 7.25>
ST_16 : Operation 86 [4/5] (7.25ns)   --->   "%add9_i = fadd i32 %sum_1, i32 %bias2_load" [cnnlite_ip/src/cnn.c:2842]   --->   Operation 86 'fadd' 'add9_i' <Predicate = (ifzero)> <Delay = 7.25> <CoreInst = "FAddSub_fulldsp">   --->   Core 18 'FAddSub_fulldsp' <Latency = 4> <II = 1> <Delay = 7.25> <FuncUnit> <Opcode : 'fadd' 'fsub'> <InPorts = 2> <OutPorts = 1>

State 17 <SV = 16> <Delay = 7.25>
ST_17 : Operation 87 [3/5] (7.25ns)   --->   "%add9_i = fadd i32 %sum_1, i32 %bias2_load" [cnnlite_ip/src/cnn.c:2842]   --->   Operation 87 'fadd' 'add9_i' <Predicate = (ifzero)> <Delay = 7.25> <CoreInst = "FAddSub_fulldsp">   --->   Core 18 'FAddSub_fulldsp' <Latency = 4> <II = 1> <Delay = 7.25> <FuncUnit> <Opcode : 'fadd' 'fsub'> <InPorts = 2> <OutPorts = 1>

State 18 <SV = 17> <Delay = 7.25>
ST_18 : Operation 88 [2/5] (7.25ns)   --->   "%add9_i = fadd i32 %sum_1, i32 %bias2_load" [cnnlite_ip/src/cnn.c:2842]   --->   Operation 88 'fadd' 'add9_i' <Predicate = (ifzero)> <Delay = 7.25> <CoreInst = "FAddSub_fulldsp">   --->   Core 18 'FAddSub_fulldsp' <Latency = 4> <II = 1> <Delay = 7.25> <FuncUnit> <Opcode : 'fadd' 'fsub'> <InPorts = 2> <OutPorts = 1>

State 19 <SV = 18> <Delay = 7.25>
ST_19 : Operation 89 [1/5] (7.25ns)   --->   "%add9_i = fadd i32 %sum_1, i32 %bias2_load" [cnnlite_ip/src/cnn.c:2842]   --->   Operation 89 'fadd' 'add9_i' <Predicate = (ifzero)> <Delay = 7.25> <CoreInst = "FAddSub_fulldsp">   --->   Core 18 'FAddSub_fulldsp' <Latency = 4> <II = 1> <Delay = 7.25> <FuncUnit> <Opcode : 'fadd' 'fsub'> <InPorts = 2> <OutPorts = 1>

State 20 <SV = 19> <Delay = 3.25>
ST_20 : Operation 90 [1/1] (0.00ns)   --->   "%x_assign_addr = getelementptr i32 %x_assign, i64 0, i64 %zext_ln2835" [cnnlite_ip/src/cnn.c:2842]   --->   Operation 90 'getelementptr' 'x_assign_addr' <Predicate = (ifzero)> <Delay = 0.00>
ST_20 : Operation 91 [1/1] (3.25ns)   --->   "%store_ln2842 = store i32 %add9_i, i5 %x_assign_addr" [cnnlite_ip/src/cnn.c:2842]   --->   Operation 91 'store' 'store_ln2842' <Predicate = (ifzero)> <Delay = 3.25> <CoreInst = "RAM">   --->   Core 82 'RAM' <Latency = 1> <II = 1> <Delay = 3.25> <Storage> <Opcode : 'load' 'store'> <Ports = 2> <Width = 32> <Depth = 32> <RAM>
ST_20 : Operation 92 [1/1] (0.00ns)   --->   "%br_ln0 = br void %ifFalse"   --->   Operation 92 'br' 'br_ln0' <Predicate = (ifzero)> <Delay = 0.00>


============================================================
+ Verbose Summary: Binding
============================================================
STG Binding: 
---------------- STG Properties BEGIN ----------------
- Is combinational: 0
- Is one-state seq: 0
- Is datapath-only: 0
- Is pipelined: 0
- Is top level: 0
Port [ Return ] is wired: 1; IO mode=ap_ctrl_hs:ce=0
Port [ vla166_i]:  wired=1; compound=1; hidden=0; nouse=0; global=0; static=0; extern=0; dir=0; type=1; pingpong=0; private_global=0; MemPort=[13]; IO mode=ap_memory:ce=0
Port [ x_assign]:  wired=1; compound=1; hidden=0; nouse=0; global=0; static=0; extern=0; dir=1; type=1; pingpong=0; private_global=0; MemPort=[03]; IO mode=ap_memory:ce=0
Port [ weight2]:  wired=0; compound=1; hidden=1; nouse=0; global=1; static=1; extern=0; dir=0; type=1; pingpong=0; private_global=1; MemPort=[1]; IO mode=ap_memory:ce=0
Port [ bias2]:  wired=0; compound=1; hidden=1; nouse=0; global=1; static=1; extern=0; dir=0; type=1; pingpong=0; private_global=1; MemPort=[1]; IO mode=ap_memory:ce=0
---------------- STG Properties END ------------------

---------------- Datapath Model BEGIN ----------------

<LifeTime>
<method=bitvector/>
sum                 (alloca           ) [ 011111111111111100000]
j                   (alloca           ) [ 011111100000000000000]
i_4                 (alloca           ) [ 011111100000000000000]
indvar_flatten      (alloca           ) [ 011111100000000000000]
store_ln0           (store            ) [ 000000000000000000000]
store_ln0           (store            ) [ 000000000000000000000]
store_ln0           (store            ) [ 000000000000000000000]
store_ln0           (store            ) [ 000000000000000000000]
br_ln0              (br               ) [ 000000000000000000000]
indvar_flatten_load (load             ) [ 000000000000000000000]
specpipeline_ln0    (specpipeline     ) [ 000000000000000000000]
icmp_ln2835         (icmp             ) [ 011111111111111000000]
add_ln2835          (add              ) [ 001111100000000000000]
br_ln2835           (br               ) [ 000000000000000000000]
j_load              (load             ) [ 000000000000000000000]
i_4_load            (load             ) [ 000000000000000000000]
i                   (add              ) [ 000000000000000000000]
icmp_ln2838         (icmp             ) [ 011111111100000000000]
select_ln2835       (select           ) [ 001111100000000000000]
select_ln2835_2     (select           ) [ 011111111111110000000]
zext_ln2835_1       (zext             ) [ 001100000000000000000]
j_cast2             (zext             ) [ 000000000000000000000]
vla166_i_addr       (getelementptr    ) [ 001000000000000000000]
vla166_i_load       (load             ) [ 011111111100000000000]
mul_ln2835          (mul              ) [ 000010000000000000000]
j_cast              (zext             ) [ 000010000000000000000]
add_ln2840          (add              ) [ 000000000000000000000]
zext_ln2840         (zext             ) [ 000000000000000000000]
weight2_addr        (getelementptr    ) [ 000001000000000000000]
weight2_load        (load             ) [ 011100111100000000000]
j_1                 (add              ) [ 000000000000000000000]
ifzero              (icmp             ) [ 011111111111111111111]
br_ln2838           (br               ) [ 000000000000000000000]
store_ln2835        (store            ) [ 000000000000000000000]
store_ln2835        (store            ) [ 000000000000000000000]
store_ln2838        (store            ) [ 000000000000000000000]
sum_load            (load             ) [ 000000000000000000000]
select_ln2835_1     (select           ) [ 011011100011111000000]
mul6_i              (fmul             ) [ 011011100011111000000]
zext_ln2835         (zext             ) [ 011111100000001111111]
bias2_addr          (getelementptr    ) [ 001000000000001000000]
specloopname_ln0    (specloopname     ) [ 000000000000000000000]
empty               (speclooptripcount) [ 000000000000000000000]
specpipeline_ln0    (specpipeline     ) [ 000000000000000000000]
specloopname_ln2837 (specloopname     ) [ 000000000000000000000]
sum_1               (fadd             ) [ 010111100000000111110]
bias2_load          (load             ) [ 010111100000000111110]
store_ln2840        (store            ) [ 000000000000000000000]
br_ln0              (br               ) [ 000000000000000000000]
add9_i              (fadd             ) [ 001000000000000000001]
x_assign_addr       (getelementptr    ) [ 000000000000000000000]
store_ln2842        (store            ) [ 000000000000000000000]
br_ln0              (br               ) [ 000000000000000000000]
ret_ln0             (ret              ) [ 000000000000000000000]
</LifeTime>

<model>

<comp_list>
<comp id="0" class="1000" name="vla166_i">
<pin_list>
<pin id="1" dir="1" index="0" bw="1" slack="0"/>
</pin_list>
<bind>
<StgValue><ssdm name="vla166_i"/><MemPortTyVec>1 3 </MemPortTyVec>
</StgValue>
</bind>
</comp>

<comp id="2" class="1000" name="x_assign">
<pin_list>
<pin id="3" dir="1" index="0" bw="1" slack="0"/>
</pin_list>
<bind>
<StgValue><ssdm name="x_assign"/><MemPortTyVec>0 3 </MemPortTyVec>
</StgValue>
</bind>
</comp>

<comp id="4" class="1000" name="weight2">
<pin_list>
<pin id="5" dir="1" index="0" bw="1" slack="0"/>
</pin_list>
<bind>
<StgValue><ssdm name="weight2"/><MemPortTyVec>1 </MemPortTyVec>
</StgValue>
</bind>
</comp>

<comp id="6" class="1000" name="bias2">
<pin_list>
<pin id="7" dir="1" index="0" bw="1" slack="0"/>
</pin_list>
<bind>
<StgValue><ssdm name="bias2"/><MemPortTyVec>1 </MemPortTyVec>
</StgValue>
</bind>
</comp>

<comp id="8" class="1001" name="const_8">
<pin_list>
<pin id="9" dir="1" index="0" bw="1" slack="0"/>
</pin_list>
<bind>
<StgValue><ssdm name=""/></StgValue>
</bind>
</comp>

<comp id="10" class="1001" name="const_10">
<pin_list>
<pin id="11" dir="1" index="0" bw="1" slack="0"/>
</pin_list>
<bind>
<StgValue><ssdm name=""/></StgValue>
</bind>
</comp>

<comp id="12" class="1001" name="const_12">
<pin_list>
<pin id="13" dir="1" index="0" bw="1" slack="0"/>
</pin_list>
<bind>
<StgValue><ssdm name=""/></StgValue>
</bind>
</comp>

<comp id="14" class="1001" name="const_14">
<pin_list>
<pin id="15" dir="1" index="0" bw="1" slack="0"/>
</pin_list>
<bind>
<StgValue><ssdm name=""/></StgValue>
</bind>
</comp>

<comp id="16" class="1001" name="const_16">
<pin_list>
<pin id="17" dir="1" index="0" bw="1" slack="0"/>
</pin_list>
<bind>
<StgValue><ssdm name=""/></StgValue>
</bind>
</comp>

<comp id="18" class="1001" name="const_18">
<pin_list>
<pin id="19" dir="1" index="0" bw="1" slack="2147483647"/>
</pin_list>
<bind>
<StgValue><ssdm name="_ssdm_op_SpecPipeline"/></StgValue>
</bind>
</comp>

<comp id="20" class="1001" name="const_20">
<pin_list>
<pin id="21" dir="1" index="0" bw="1" slack="2147483647"/>
</pin_list>
<bind>
<StgValue><ssdm name=""/></StgValue>
</bind>
</comp>

<comp id="22" class="1001" name="const_22">
<pin_list>
<pin id="23" dir="1" index="0" bw="1" slack="2147483647"/>
</pin_list>
<bind>
<StgValue><ssdm name=""/></StgValue>
</bind>
</comp>

<comp id="24" class="1001" name="const_24">
<pin_list>
<pin id="25" dir="1" index="0" bw="1" slack="2147483647"/>
</pin_list>
<bind>
<StgValue><ssdm name="p_str"/></StgValue>
</bind>
</comp>

<comp id="26" class="1001" name="const_26">
<pin_list>
<pin id="27" dir="1" index="0" bw="1" slack="0"/>
</pin_list>
<bind>
<StgValue><ssdm name=""/></StgValue>
</bind>
</comp>

<comp id="28" class="1001" name="const_28">
<pin_list>
<pin id="29" dir="1" index="0" bw="1" slack="0"/>
</pin_list>
<bind>
<StgValue><ssdm name=""/></StgValue>
</bind>
</comp>

<comp id="30" class="1001" name="const_30">
<pin_list>
<pin id="31" dir="1" index="0" bw="1" slack="0"/>
</pin_list>
<bind>
<StgValue><ssdm name=""/></StgValue>
</bind>
</comp>

<comp id="32" class="1001" name="const_32">
<pin_list>
<pin id="33" dir="1" index="0" bw="1" slack="0"/>
</pin_list>
<bind>
<StgValue><ssdm name=""/></StgValue>
</bind>
</comp>

<comp id="34" class="1001" name="const_34">
<pin_list>
<pin id="35" dir="1" index="0" bw="1" slack="0"/>
</pin_list>
<bind>
<StgValue><ssdm name=""/></StgValue>
</bind>
</comp>

<comp id="36" class="1001" name="const_36">
<pin_list>
<pin id="37" dir="1" index="0" bw="1" slack="0"/>
</pin_list>
<bind>
<StgValue><ssdm name=""/></StgValue>
</bind>
</comp>

<comp id="38" class="1001" name="const_38">
<pin_list>
<pin id="39" dir="1" index="0" bw="1" slack="0"/>
</pin_list>
<bind>
<StgValue><ssdm name=""/></StgValue>
</bind>
</comp>

<comp id="40" class="1001" name="const_40">
<pin_list>
<pin id="41" dir="1" index="0" bw="1" slack="2147483647"/>
</pin_list>
<bind>
<StgValue><ssdm name="_ssdm_op_SpecLoopName"/></StgValue>
</bind>
</comp>

<comp id="42" class="1001" name="const_42">
<pin_list>
<pin id="43" dir="1" index="0" bw="1" slack="2147483647"/>
</pin_list>
<bind>
<StgValue><ssdm name="VITIS_LOOP_2835_1_VITIS_LOOP_2838_2_str"/></StgValue>
</bind>
</comp>

<comp id="44" class="1001" name="const_44">
<pin_list>
<pin id="45" dir="1" index="0" bw="1" slack="2147483647"/>
</pin_list>
<bind>
<StgValue><ssdm name="_ssdm_op_SpecLoopTripCount"/></StgValue>
</bind>
</comp>

<comp id="46" class="1001" name="const_46">
<pin_list>
<pin id="47" dir="1" index="0" bw="1" slack="2147483647"/>
</pin_list>
<bind>
<StgValue><ssdm name=""/></StgValue>
</bind>
</comp>

<comp id="48" class="1001" name="const_48">
<pin_list>
<pin id="49" dir="1" index="0" bw="1" slack="2147483647"/>
</pin_list>
<bind>
<StgValue><ssdm name="empty_7"/></StgValue>
</bind>
</comp>

<comp id="50" class="1004" name="sum_fu_50">
<pin_list>
<pin id="51" dir="0" index="0" bw="1" slack="0"/>
<pin id="52" dir="1" index="1" bw="32" slack="0"/>
</pin_list>
<bind>
<opcode="alloca(26) " fcode="alloca"/>
<opset="sum/1 "/>
</bind>
</comp>

<comp id="54" class="1004" name="j_fu_54">
<pin_list>
<pin id="55" dir="0" index="0" bw="1" slack="0"/>
<pin id="56" dir="1" index="1" bw="9" slack="0"/>
</pin_list>
<bind>
<opcode="alloca(26) " fcode="alloca"/>
<opset="j/1 "/>
</bind>
</comp>

<comp id="58" class="1004" name="i_4_fu_58">
<pin_list>
<pin id="59" dir="0" index="0" bw="1" slack="0"/>
<pin id="60" dir="1" index="1" bw="6" slack="0"/>
</pin_list>
<bind>
<opcode="alloca(26) " fcode="alloca"/>
<opset="i_4/1 "/>
</bind>
</comp>

<comp id="62" class="1004" name="indvar_flatten_fu_62">
<pin_list>
<pin id="63" dir="0" index="0" bw="1" slack="0"/>
<pin id="64" dir="1" index="1" bw="14" slack="0"/>
</pin_list>
<bind>
<opcode="alloca(26) " fcode="alloca"/>
<opset="indvar_flatten/1 "/>
</bind>
</comp>

<comp id="66" class="1004" name="vla166_i_addr_gep_fu_66">
<pin_list>
<pin id="67" dir="0" index="0" bw="32" slack="0"/>
<pin id="68" dir="0" index="1" bw="1" slack="0"/>
<pin id="69" dir="0" index="2" bw="9" slack="0"/>
<pin id="70" dir="1" index="3" bw="9" slack="0"/>
</pin_list>
<bind>
<opcode="getelementptr(29) " fcode="getelementptr"/>
<opset="vla166_i_addr/1 "/>
</bind>
</comp>

<comp id="73" class="1004" name="grp_access_fu_73">
<pin_list>
<pin id="74" dir="0" index="0" bw="9" slack="0"/>
<pin id="75" dir="0" index="1" bw="32" slack="2147483647"/>
<pin id="76" dir="0" index="2" bw="0" slack="2147483647"/>
<pin id="77" dir="1" index="3" bw="32" slack="4"/>
</pin_list>
<bind>
<opcode="load(27) " fcode="load"/>
<opset="vla166_i_load/1 "/>
</bind>
</comp>

<comp id="79" class="1004" name="weight2_addr_gep_fu_79">
<pin_list>
<pin id="80" dir="0" index="0" bw="32" slack="0"/>
<pin id="81" dir="0" index="1" bw="1" slack="0"/>
<pin id="82" dir="0" index="2" bw="14" slack="0"/>
<pin id="83" dir="1" index="3" bw="14" slack="0"/>
</pin_list>
<bind>
<opcode="getelementptr(29) " fcode="getelementptr"/>
<opset="weight2_addr/4 "/>
</bind>
</comp>

<comp id="86" class="1004" name="grp_access_fu_86">
<pin_list>
<pin id="87" dir="0" index="0" bw="14" slack="0"/>
<pin id="88" dir="0" index="1" bw="32" slack="2147483647"/>
<pin id="89" dir="0" index="2" bw="0" slack="2147483647"/>
<pin id="90" dir="1" index="3" bw="32" slack="1"/>
</pin_list>
<bind>
<opcode="load(27) " fcode="load"/>
<opset="weight2_load/4 "/>
</bind>
</comp>

<comp id="92" class="1004" name="bias2_addr_gep_fu_92">
<pin_list>
<pin id="93" dir="0" index="0" bw="32" slack="0"/>
<pin id="94" dir="0" index="1" bw="1" slack="0"/>
<pin id="95" dir="0" index="2" bw="6" slack="0"/>
<pin id="96" dir="1" index="3" bw="5" slack="0"/>
</pin_list>
<bind>
<opcode="getelementptr(29) " fcode="getelementptr"/>
<opset="bias2_addr/13 "/>
</bind>
</comp>

<comp id="99" class="1004" name="grp_access_fu_99">
<pin_list>
<pin id="100" dir="0" index="0" bw="5" slack="0"/>
<pin id="101" dir="0" index="1" bw="32" slack="2147483647"/>
<pin id="102" dir="0" index="2" bw="0" slack="2147483647"/>
<pin id="103" dir="1" index="3" bw="32" slack="1"/>
</pin_list>
<bind>
<opcode="load(27) " fcode="load"/>
<opset="bias2_load/13 "/>
</bind>
</comp>

<comp id="105" class="1004" name="x_assign_addr_gep_fu_105">
<pin_list>
<pin id="106" dir="0" index="0" bw="32" slack="0"/>
<pin id="107" dir="0" index="1" bw="1" slack="0"/>
<pin id="108" dir="0" index="2" bw="6" slack="7"/>
<pin id="109" dir="1" index="3" bw="5" slack="0"/>
</pin_list>
<bind>
<opcode="getelementptr(29) " fcode="getelementptr"/>
<opset="x_assign_addr/20 "/>
</bind>
</comp>

<comp id="112" class="1004" name="store_ln2842_access_fu_112">
<pin_list>
<pin id="113" dir="0" index="0" bw="5" slack="0"/>
<pin id="114" dir="0" index="1" bw="32" slack="1"/>
<pin id="115" dir="0" index="2" bw="0" slack="2147483647"/>
<pin id="116" dir="1" index="3" bw="32" slack="2147483647"/>
</pin_list>
<bind>
<opcode="store(28) " fcode="store"/>
<opset="store_ln2842/20 "/>
</bind>
</comp>

<comp id="118" class="1004" name="grp_fu_118">
<pin_list>
<pin id="119" dir="0" index="0" bw="32" slack="1"/>
<pin id="120" dir="0" index="1" bw="32" slack="1"/>
<pin id="121" dir="1" index="2" bw="32" slack="1"/>
</pin_list>
<bind>
<opcode="fadd(9) " fcode="fadd"/>
<opset="sum_1/10 add9_i/15 "/>
</bind>
</comp>

<comp id="122" class="1004" name="grp_fu_122">
<pin_list>
<pin id="123" dir="0" index="0" bw="32" slack="4"/>
<pin id="124" dir="0" index="1" bw="32" slack="1"/>
<pin id="125" dir="1" index="2" bw="32" slack="1"/>
</pin_list>
<bind>
<opcode="fmul(13) " fcode="fmul"/>
<opset="mul6_i/6 "/>
</bind>
</comp>

<comp id="126" class="1005" name="reg_126">
<pin_list>
<pin id="127" dir="0" index="0" bw="32" slack="1"/>
<pin id="128" dir="1" index="1" bw="32" slack="1"/>
</pin_list>
<bind>
<opset="sum_1 add9_i "/>
</bind>
</comp>

<comp id="132" class="1004" name="store_ln0_store_fu_132">
<pin_list>
<pin id="133" dir="0" index="0" bw="1" slack="0"/>
<pin id="134" dir="0" index="1" bw="14" slack="0"/>
<pin id="135" dir="1" index="2" bw="0" slack="2147483647"/>
</pin_list>
<bind>
<opcode="store(28) " fcode="store"/>
<opset="store_ln0/1 "/>
</bind>
</comp>

<comp id="137" class="1004" name="store_ln0_store_fu_137">
<pin_list>
<pin id="138" dir="0" index="0" bw="1" slack="0"/>
<pin id="139" dir="0" index="1" bw="6" slack="0"/>
<pin id="140" dir="1" index="2" bw="0" slack="2147483647"/>
</pin_list>
<bind>
<opcode="store(28) " fcode="store"/>
<opset="store_ln0/1 "/>
</bind>
</comp>

<comp id="142" class="1004" name="store_ln0_store_fu_142">
<pin_list>
<pin id="143" dir="0" index="0" bw="1" slack="0"/>
<pin id="144" dir="0" index="1" bw="9" slack="0"/>
<pin id="145" dir="1" index="2" bw="0" slack="2147483647"/>
</pin_list>
<bind>
<opcode="store(28) " fcode="store"/>
<opset="store_ln0/1 "/>
</bind>
</comp>

<comp id="147" class="1004" name="store_ln0_store_fu_147">
<pin_list>
<pin id="148" dir="0" index="0" bw="32" slack="0"/>
<pin id="149" dir="0" index="1" bw="32" slack="0"/>
<pin id="150" dir="1" index="2" bw="0" slack="2147483647"/>
</pin_list>
<bind>
<opcode="store(28) " fcode="store"/>
<opset="store_ln0/1 "/>
</bind>
</comp>

<comp id="152" class="1004" name="indvar_flatten_load_load_fu_152">
<pin_list>
<pin id="153" dir="0" index="0" bw="14" slack="0"/>
<pin id="154" dir="1" index="1" bw="14" slack="0"/>
</pin_list>
<bind>
<opcode="load(27) " fcode="load"/>
<opset="indvar_flatten_load/1 "/>
</bind>
</comp>

<comp id="155" class="1004" name="icmp_ln2835_fu_155">
<pin_list>
<pin id="156" dir="0" index="0" bw="14" slack="0"/>
<pin id="157" dir="0" index="1" bw="13" slack="0"/>
<pin id="158" dir="1" index="2" bw="1" slack="1"/>
</pin_list>
<bind>
<opcode="icmp(45) " fcode="icmp"/>
<opset="icmp_ln2835/1 "/>
</bind>
</comp>

<comp id="161" class="1004" name="add_ln2835_fu_161">
<pin_list>
<pin id="162" dir="0" index="0" bw="14" slack="0"/>
<pin id="163" dir="0" index="1" bw="1" slack="0"/>
<pin id="164" dir="1" index="2" bw="14" slack="5"/>
</pin_list>
<bind>
<opcode="add(8) " fcode="add"/>
<opset="add_ln2835/1 "/>
</bind>
</comp>

<comp id="167" class="1004" name="j_load_load_fu_167">
<pin_list>
<pin id="168" dir="0" index="0" bw="9" slack="0"/>
<pin id="169" dir="1" index="1" bw="9" slack="0"/>
</pin_list>
<bind>
<opcode="load(27) " fcode="load"/>
<opset="j_load/1 "/>
</bind>
</comp>

<comp id="170" class="1004" name="i_4_load_load_fu_170">
<pin_list>
<pin id="171" dir="0" index="0" bw="6" slack="0"/>
<pin id="172" dir="1" index="1" bw="6" slack="0"/>
</pin_list>
<bind>
<opcode="load(27) " fcode="load"/>
<opset="i_4_load/1 "/>
</bind>
</comp>

<comp id="173" class="1004" name="i_fu_173">
<pin_list>
<pin id="174" dir="0" index="0" bw="6" slack="0"/>
<pin id="175" dir="0" index="1" bw="1" slack="0"/>
<pin id="176" dir="1" index="2" bw="6" slack="0"/>
</pin_list>
<bind>
<opcode="add(8) " fcode="add"/>
<opset="i/1 "/>
</bind>
</comp>

<comp id="179" class="1004" name="icmp_ln2838_fu_179">
<pin_list>
<pin id="180" dir="0" index="0" bw="9" slack="0"/>
<pin id="181" dir="0" index="1" bw="8" slack="0"/>
<pin id="182" dir="1" index="2" bw="1" slack="0"/>
</pin_list>
<bind>
<opcode="icmp(45) " fcode="icmp"/>
<opset="icmp_ln2838/1 "/>
</bind>
</comp>

<comp id="185" class="1004" name="select_ln2835_fu_185">
<pin_list>
<pin id="186" dir="0" index="0" bw="1" slack="0"/>
<pin id="187" dir="0" index="1" bw="1" slack="0"/>
<pin id="188" dir="0" index="2" bw="9" slack="0"/>
<pin id="189" dir="1" index="3" bw="9" slack="0"/>
</pin_list>
<bind>
<opcode="select(49) " fcode="select"/>
<opset="select_ln2835/1 "/>
</bind>
</comp>

<comp id="193" class="1004" name="select_ln2835_2_fu_193">
<pin_list>
<pin id="194" dir="0" index="0" bw="1" slack="0"/>
<pin id="195" dir="0" index="1" bw="6" slack="0"/>
<pin id="196" dir="0" index="2" bw="6" slack="0"/>
<pin id="197" dir="1" index="3" bw="6" slack="0"/>
</pin_list>
<bind>
<opcode="select(49) " fcode="select"/>
<opset="select_ln2835_2/1 "/>
</bind>
</comp>

<comp id="201" class="1004" name="zext_ln2835_1_fu_201">
<pin_list>
<pin id="202" dir="0" index="0" bw="6" slack="0"/>
<pin id="203" dir="1" index="1" bw="14" slack="0"/>
</pin_list>
<bind>
<opcode="zext(34) " fcode="zext"/>
<opset="zext_ln2835_1/1 "/>
</bind>
</comp>

<comp id="205" class="1004" name="j_cast2_fu_205">
<pin_list>
<pin id="206" dir="0" index="0" bw="9" slack="0"/>
<pin id="207" dir="1" index="1" bw="64" slack="0"/>
</pin_list>
<bind>
<opcode="zext(34) " fcode="zext"/>
<opset="j_cast2/1 "/>
</bind>
</comp>

<comp id="210" class="1004" name="j_cast_fu_210">
<pin_list>
<pin id="211" dir="0" index="0" bw="9" slack="2"/>
<pin id="212" dir="1" index="1" bw="14" slack="0"/>
</pin_list>
<bind>
<opcode="zext(34) " fcode="zext"/>
<opset="j_cast/3 "/>
</bind>
</comp>

<comp id="213" class="1004" name="zext_ln2840_fu_213">
<pin_list>
<pin id="214" dir="0" index="0" bw="14" slack="0"/>
<pin id="215" dir="1" index="1" bw="64" slack="0"/>
</pin_list>
<bind>
<opcode="zext(34) " fcode="zext"/>
<opset="zext_ln2840/4 "/>
</bind>
</comp>

<comp id="217" class="1004" name="j_1_fu_217">
<pin_list>
<pin id="218" dir="0" index="0" bw="9" slack="5"/>
<pin id="219" dir="0" index="1" bw="1" slack="0"/>
<pin id="220" dir="1" index="2" bw="9" slack="0"/>
</pin_list>
<bind>
<opcode="add(8) " fcode="add"/>
<opset="j_1/6 "/>
</bind>
</comp>

<comp id="222" class="1004" name="ifzero_fu_222">
<pin_list>
<pin id="223" dir="0" index="0" bw="9" slack="0"/>
<pin id="224" dir="0" index="1" bw="8" slack="0"/>
<pin id="225" dir="1" index="2" bw="1" slack="7"/>
</pin_list>
<bind>
<opcode="icmp(45) " fcode="icmp"/>
<opset="ifzero/6 "/>
</bind>
</comp>

<comp id="228" class="1004" name="store_ln2835_store_fu_228">
<pin_list>
<pin id="229" dir="0" index="0" bw="14" slack="5"/>
<pin id="230" dir="0" index="1" bw="14" slack="5"/>
<pin id="231" dir="1" index="2" bw="0" slack="2147483647"/>
</pin_list>
<bind>
<opcode="store(28) " fcode="store"/>
<opset="store_ln2835/6 "/>
</bind>
</comp>

<comp id="232" class="1004" name="store_ln2835_store_fu_232">
<pin_list>
<pin id="233" dir="0" index="0" bw="6" slack="5"/>
<pin id="234" dir="0" index="1" bw="6" slack="5"/>
<pin id="235" dir="1" index="2" bw="0" slack="2147483647"/>
</pin_list>
<bind>
<opcode="store(28) " fcode="store"/>
<opset="store_ln2835/6 "/>
</bind>
</comp>

<comp id="236" class="1004" name="store_ln2838_store_fu_236">
<pin_list>
<pin id="237" dir="0" index="0" bw="9" slack="0"/>
<pin id="238" dir="0" index="1" bw="9" slack="5"/>
<pin id="239" dir="1" index="2" bw="0" slack="2147483647"/>
</pin_list>
<bind>
<opcode="store(28) " fcode="store"/>
<opset="store_ln2838/6 "/>
</bind>
</comp>

<comp id="241" class="1004" name="sum_load_load_fu_241">
<pin_list>
<pin id="242" dir="0" index="0" bw="32" slack="8"/>
<pin id="243" dir="1" index="1" bw="32" slack="0"/>
</pin_list>
<bind>
<opcode="load(27) " fcode="load"/>
<opset="sum_load/9 "/>
</bind>
</comp>

<comp id="244" class="1004" name="select_ln2835_1_fu_244">
<pin_list>
<pin id="245" dir="0" index="0" bw="1" slack="8"/>
<pin id="246" dir="0" index="1" bw="32" slack="0"/>
<pin id="247" dir="0" index="2" bw="32" slack="0"/>
<pin id="248" dir="1" index="3" bw="32" slack="1"/>
</pin_list>
<bind>
<opcode="select(49) " fcode="select"/>
<opset="select_ln2835_1/9 "/>
</bind>
</comp>

<comp id="251" class="1004" name="zext_ln2835_fu_251">
<pin_list>
<pin id="252" dir="0" index="0" bw="6" slack="12"/>
<pin id="253" dir="1" index="1" bw="64" slack="0"/>
</pin_list>
<bind>
<opcode="zext(34) " fcode="zext"/>
<opset="zext_ln2835/13 "/>
</bind>
</comp>

<comp id="255" class="1004" name="store_ln2840_store_fu_255">
<pin_list>
<pin id="256" dir="0" index="0" bw="32" slack="1"/>
<pin id="257" dir="0" index="1" bw="32" slack="14"/>
<pin id="258" dir="1" index="2" bw="0" slack="2147483647"/>
</pin_list>
<bind>
<opcode="store(28) " fcode="store"/>
<opset="store_ln2840/15 "/>
</bind>
</comp>

<comp id="260" class="1007" name="grp_fu_260">
<pin_list>
<pin id="261" dir="0" index="0" bw="6" slack="0"/>
<pin id="262" dir="0" index="1" bw="9" slack="0"/>
<pin id="263" dir="0" index="2" bw="9" slack="0"/>
<pin id="264" dir="1" index="3" bw="14" slack="0"/>
</pin_list>
<bind>
<opcode="muladd(1172) " fcode="muladd"/>
<opset="mul_ln2835/1 add_ln2840/3 "/>
</bind>
</comp>

<comp id="269" class="1005" name="sum_reg_269">
<pin_list>
<pin id="270" dir="0" index="0" bw="32" slack="0"/>
<pin id="271" dir="1" index="1" bw="32" slack="0"/>
</pin_list>
<bind>
<opset="sum "/>
</bind>
</comp>

<comp id="276" class="1005" name="j_reg_276">
<pin_list>
<pin id="277" dir="0" index="0" bw="9" slack="0"/>
<pin id="278" dir="1" index="1" bw="9" slack="0"/>
</pin_list>
<bind>
<opset="j "/>
</bind>
</comp>

<comp id="283" class="1005" name="i_4_reg_283">
<pin_list>
<pin id="284" dir="0" index="0" bw="6" slack="0"/>
<pin id="285" dir="1" index="1" bw="6" slack="0"/>
</pin_list>
<bind>
<opset="i_4 "/>
</bind>
</comp>

<comp id="290" class="1005" name="indvar_flatten_reg_290">
<pin_list>
<pin id="291" dir="0" index="0" bw="14" slack="0"/>
<pin id="292" dir="1" index="1" bw="14" slack="0"/>
</pin_list>
<bind>
<opset="indvar_flatten "/>
</bind>
</comp>

<comp id="297" class="1005" name="icmp_ln2835_reg_297">
<pin_list>
<pin id="298" dir="0" index="0" bw="1" slack="1"/>
<pin id="299" dir="1" index="1" bw="1" slack="2147483647"/>
</pin_list>
<bind>
<opset="icmp_ln2835 "/>
</bind>
</comp>

<comp id="301" class="1005" name="add_ln2835_reg_301">
<pin_list>
<pin id="302" dir="0" index="0" bw="14" slack="5"/>
<pin id="303" dir="1" index="1" bw="14" slack="5"/>
</pin_list>
<bind>
<opset="add_ln2835 "/>
</bind>
</comp>

<comp id="306" class="1005" name="icmp_ln2838_reg_306">
<pin_list>
<pin id="307" dir="0" index="0" bw="1" slack="8"/>
<pin id="308" dir="1" index="1" bw="1" slack="8"/>
</pin_list>
<bind>
<opset="icmp_ln2838 "/>
</bind>
</comp>

<comp id="311" class="1005" name="select_ln2835_reg_311">
<pin_list>
<pin id="312" dir="0" index="0" bw="9" slack="2"/>
<pin id="313" dir="1" index="1" bw="9" slack="2"/>
</pin_list>
<bind>
<opset="select_ln2835 "/>
</bind>
</comp>

<comp id="317" class="1005" name="select_ln2835_2_reg_317">
<pin_list>
<pin id="318" dir="0" index="0" bw="6" slack="5"/>
<pin id="319" dir="1" index="1" bw="6" slack="5"/>
</pin_list>
<bind>
<opset="select_ln2835_2 "/>
</bind>
</comp>

<comp id="323" class="1005" name="zext_ln2835_1_reg_323">
<pin_list>
<pin id="324" dir="0" index="0" bw="14" slack="1"/>
<pin id="325" dir="1" index="1" bw="14" slack="1"/>
</pin_list>
<bind>
<opset="zext_ln2835_1 "/>
</bind>
</comp>

<comp id="328" class="1005" name="vla166_i_addr_reg_328">
<pin_list>
<pin id="329" dir="0" index="0" bw="9" slack="1"/>
<pin id="330" dir="1" index="1" bw="9" slack="1"/>
</pin_list>
<bind>
<opset="vla166_i_addr "/>
</bind>
</comp>

<comp id="333" class="1005" name="vla166_i_load_reg_333">
<pin_list>
<pin id="334" dir="0" index="0" bw="32" slack="4"/>
<pin id="335" dir="1" index="1" bw="32" slack="4"/>
</pin_list>
<bind>
<opset="vla166_i_load "/>
</bind>
</comp>

<comp id="338" class="1005" name="j_cast_reg_338">
<pin_list>
<pin id="339" dir="0" index="0" bw="14" slack="1"/>
<pin id="340" dir="1" index="1" bw="14" slack="1"/>
</pin_list>
<bind>
<opset="j_cast "/>
</bind>
</comp>

<comp id="343" class="1005" name="weight2_addr_reg_343">
<pin_list>
<pin id="344" dir="0" index="0" bw="14" slack="1"/>
<pin id="345" dir="1" index="1" bw="14" slack="1"/>
</pin_list>
<bind>
<opset="weight2_addr "/>
</bind>
</comp>

<comp id="348" class="1005" name="weight2_load_reg_348">
<pin_list>
<pin id="349" dir="0" index="0" bw="32" slack="1"/>
<pin id="350" dir="1" index="1" bw="32" slack="1"/>
</pin_list>
<bind>
<opset="weight2_load "/>
</bind>
</comp>

<comp id="353" class="1005" name="ifzero_reg_353">
<pin_list>
<pin id="354" dir="0" index="0" bw="1" slack="7"/>
<pin id="355" dir="1" index="1" bw="1" slack="2147483647"/>
</pin_list>
<bind>
<opset="ifzero "/>
</bind>
</comp>

<comp id="357" class="1005" name="select_ln2835_1_reg_357">
<pin_list>
<pin id="358" dir="0" index="0" bw="32" slack="1"/>
<pin id="359" dir="1" index="1" bw="32" slack="1"/>
</pin_list>
<bind>
<opset="select_ln2835_1 "/>
</bind>
</comp>

<comp id="362" class="1005" name="mul6_i_reg_362">
<pin_list>
<pin id="363" dir="0" index="0" bw="32" slack="1"/>
<pin id="364" dir="1" index="1" bw="32" slack="1"/>
</pin_list>
<bind>
<opset="mul6_i "/>
</bind>
</comp>

<comp id="367" class="1005" name="zext_ln2835_reg_367">
<pin_list>
<pin id="368" dir="0" index="0" bw="64" slack="7"/>
<pin id="369" dir="1" index="1" bw="64" slack="7"/>
</pin_list>
<bind>
<opset="zext_ln2835 "/>
</bind>
</comp>

<comp id="372" class="1005" name="bias2_addr_reg_372">
<pin_list>
<pin id="373" dir="0" index="0" bw="5" slack="1"/>
<pin id="374" dir="1" index="1" bw="5" slack="1"/>
</pin_list>
<bind>
<opset="bias2_addr "/>
</bind>
</comp>

<comp id="377" class="1005" name="bias2_load_reg_377">
<pin_list>
<pin id="378" dir="0" index="0" bw="32" slack="1"/>
<pin id="379" dir="1" index="1" bw="32" slack="1"/>
</pin_list>
<bind>
<opset="bias2_load "/>
</bind>
</comp>

</comp_list>

<net_list>
<net id="53"><net_src comp="8" pin="0"/><net_sink comp="50" pin=0"/></net>

<net id="57"><net_src comp="8" pin="0"/><net_sink comp="54" pin=0"/></net>

<net id="61"><net_src comp="8" pin="0"/><net_sink comp="58" pin=0"/></net>

<net id="65"><net_src comp="8" pin="0"/><net_sink comp="62" pin=0"/></net>

<net id="71"><net_src comp="0" pin="0"/><net_sink comp="66" pin=0"/></net>

<net id="72"><net_src comp="36" pin="0"/><net_sink comp="66" pin=1"/></net>

<net id="78"><net_src comp="66" pin="3"/><net_sink comp="73" pin=0"/></net>

<net id="84"><net_src comp="4" pin="0"/><net_sink comp="79" pin=0"/></net>

<net id="85"><net_src comp="36" pin="0"/><net_sink comp="79" pin=1"/></net>

<net id="91"><net_src comp="79" pin="3"/><net_sink comp="86" pin=0"/></net>

<net id="97"><net_src comp="6" pin="0"/><net_sink comp="92" pin=0"/></net>

<net id="98"><net_src comp="36" pin="0"/><net_sink comp="92" pin=1"/></net>

<net id="104"><net_src comp="92" pin="3"/><net_sink comp="99" pin=0"/></net>

<net id="110"><net_src comp="2" pin="0"/><net_sink comp="105" pin=0"/></net>

<net id="111"><net_src comp="36" pin="0"/><net_sink comp="105" pin=1"/></net>

<net id="117"><net_src comp="105" pin="3"/><net_sink comp="112" pin=0"/></net>

<net id="129"><net_src comp="118" pin="2"/><net_sink comp="126" pin=0"/></net>

<net id="130"><net_src comp="126" pin="1"/><net_sink comp="118" pin=0"/></net>

<net id="131"><net_src comp="126" pin="1"/><net_sink comp="112" pin=1"/></net>

<net id="136"><net_src comp="10" pin="0"/><net_sink comp="132" pin=0"/></net>

<net id="141"><net_src comp="12" pin="0"/><net_sink comp="137" pin=0"/></net>

<net id="146"><net_src comp="14" pin="0"/><net_sink comp="142" pin=0"/></net>

<net id="151"><net_src comp="16" pin="0"/><net_sink comp="147" pin=0"/></net>

<net id="159"><net_src comp="152" pin="1"/><net_sink comp="155" pin=0"/></net>

<net id="160"><net_src comp="26" pin="0"/><net_sink comp="155" pin=1"/></net>

<net id="165"><net_src comp="152" pin="1"/><net_sink comp="161" pin=0"/></net>

<net id="166"><net_src comp="28" pin="0"/><net_sink comp="161" pin=1"/></net>

<net id="177"><net_src comp="170" pin="1"/><net_sink comp="173" pin=0"/></net>

<net id="178"><net_src comp="30" pin="0"/><net_sink comp="173" pin=1"/></net>

<net id="183"><net_src comp="167" pin="1"/><net_sink comp="179" pin=0"/></net>

<net id="184"><net_src comp="32" pin="0"/><net_sink comp="179" pin=1"/></net>

<net id="190"><net_src comp="179" pin="2"/><net_sink comp="185" pin=0"/></net>

<net id="191"><net_src comp="14" pin="0"/><net_sink comp="185" pin=1"/></net>

<net id="192"><net_src comp="167" pin="1"/><net_sink comp="185" pin=2"/></net>

<net id="198"><net_src comp="179" pin="2"/><net_sink comp="193" pin=0"/></net>

<net id="199"><net_src comp="173" pin="2"/><net_sink comp="193" pin=1"/></net>

<net id="200"><net_src comp="170" pin="1"/><net_sink comp="193" pin=2"/></net>

<net id="204"><net_src comp="193" pin="3"/><net_sink comp="201" pin=0"/></net>

<net id="208"><net_src comp="185" pin="3"/><net_sink comp="205" pin=0"/></net>

<net id="209"><net_src comp="205" pin="1"/><net_sink comp="66" pin=2"/></net>

<net id="216"><net_src comp="213" pin="1"/><net_sink comp="79" pin=2"/></net>

<net id="221"><net_src comp="38" pin="0"/><net_sink comp="217" pin=1"/></net>

<net id="226"><net_src comp="217" pin="2"/><net_sink comp="222" pin=0"/></net>

<net id="227"><net_src comp="32" pin="0"/><net_sink comp="222" pin=1"/></net>

<net id="240"><net_src comp="217" pin="2"/><net_sink comp="236" pin=0"/></net>

<net id="249"><net_src comp="16" pin="0"/><net_sink comp="244" pin=1"/></net>

<net id="250"><net_src comp="241" pin="1"/><net_sink comp="244" pin=2"/></net>

<net id="254"><net_src comp="251" pin="1"/><net_sink comp="92" pin=2"/></net>

<net id="259"><net_src comp="126" pin="1"/><net_sink comp="255" pin=0"/></net>

<net id="265"><net_src comp="201" pin="1"/><net_sink comp="260" pin=0"/></net>

<net id="266"><net_src comp="34" pin="0"/><net_sink comp="260" pin=1"/></net>

<net id="267"><net_src comp="210" pin="1"/><net_sink comp="260" pin=2"/></net>

<net id="268"><net_src comp="260" pin="3"/><net_sink comp="213" pin=0"/></net>

<net id="272"><net_src comp="50" pin="1"/><net_sink comp="269" pin=0"/></net>

<net id="273"><net_src comp="269" pin="1"/><net_sink comp="147" pin=1"/></net>

<net id="274"><net_src comp="269" pin="1"/><net_sink comp="241" pin=0"/></net>

<net id="275"><net_src comp="269" pin="1"/><net_sink comp="255" pin=1"/></net>

<net id="279"><net_src comp="54" pin="1"/><net_sink comp="276" pin=0"/></net>

<net id="280"><net_src comp="276" pin="1"/><net_sink comp="142" pin=1"/></net>

<net id="281"><net_src comp="276" pin="1"/><net_sink comp="167" pin=0"/></net>

<net id="282"><net_src comp="276" pin="1"/><net_sink comp="236" pin=1"/></net>

<net id="286"><net_src comp="58" pin="1"/><net_sink comp="283" pin=0"/></net>

<net id="287"><net_src comp="283" pin="1"/><net_sink comp="137" pin=1"/></net>

<net id="288"><net_src comp="283" pin="1"/><net_sink comp="170" pin=0"/></net>

<net id="289"><net_src comp="283" pin="1"/><net_sink comp="232" pin=1"/></net>

<net id="293"><net_src comp="62" pin="1"/><net_sink comp="290" pin=0"/></net>

<net id="294"><net_src comp="290" pin="1"/><net_sink comp="132" pin=1"/></net>

<net id="295"><net_src comp="290" pin="1"/><net_sink comp="152" pin=0"/></net>

<net id="296"><net_src comp="290" pin="1"/><net_sink comp="228" pin=1"/></net>

<net id="300"><net_src comp="155" pin="2"/><net_sink comp="297" pin=0"/></net>

<net id="304"><net_src comp="161" pin="2"/><net_sink comp="301" pin=0"/></net>

<net id="305"><net_src comp="301" pin="1"/><net_sink comp="228" pin=0"/></net>

<net id="309"><net_src comp="179" pin="2"/><net_sink comp="306" pin=0"/></net>

<net id="310"><net_src comp="306" pin="1"/><net_sink comp="244" pin=0"/></net>

<net id="314"><net_src comp="185" pin="3"/><net_sink comp="311" pin=0"/></net>

<net id="315"><net_src comp="311" pin="1"/><net_sink comp="210" pin=0"/></net>

<net id="316"><net_src comp="311" pin="1"/><net_sink comp="217" pin=0"/></net>

<net id="320"><net_src comp="193" pin="3"/><net_sink comp="317" pin=0"/></net>

<net id="321"><net_src comp="317" pin="1"/><net_sink comp="232" pin=0"/></net>

<net id="322"><net_src comp="317" pin="1"/><net_sink comp="251" pin=0"/></net>

<net id="326"><net_src comp="201" pin="1"/><net_sink comp="323" pin=0"/></net>

<net id="327"><net_src comp="323" pin="1"/><net_sink comp="260" pin=0"/></net>

<net id="331"><net_src comp="66" pin="3"/><net_sink comp="328" pin=0"/></net>

<net id="332"><net_src comp="328" pin="1"/><net_sink comp="73" pin=0"/></net>

<net id="336"><net_src comp="73" pin="3"/><net_sink comp="333" pin=0"/></net>

<net id="337"><net_src comp="333" pin="1"/><net_sink comp="122" pin=0"/></net>

<net id="341"><net_src comp="210" pin="1"/><net_sink comp="338" pin=0"/></net>

<net id="342"><net_src comp="338" pin="1"/><net_sink comp="260" pin=0"/></net>

<net id="346"><net_src comp="79" pin="3"/><net_sink comp="343" pin=0"/></net>

<net id="347"><net_src comp="343" pin="1"/><net_sink comp="86" pin=0"/></net>

<net id="351"><net_src comp="86" pin="3"/><net_sink comp="348" pin=0"/></net>

<net id="352"><net_src comp="348" pin="1"/><net_sink comp="122" pin=1"/></net>

<net id="356"><net_src comp="222" pin="2"/><net_sink comp="353" pin=0"/></net>

<net id="360"><net_src comp="244" pin="3"/><net_sink comp="357" pin=0"/></net>

<net id="361"><net_src comp="357" pin="1"/><net_sink comp="118" pin=0"/></net>

<net id="365"><net_src comp="122" pin="2"/><net_sink comp="362" pin=0"/></net>

<net id="366"><net_src comp="362" pin="1"/><net_sink comp="118" pin=1"/></net>

<net id="370"><net_src comp="251" pin="1"/><net_sink comp="367" pin=0"/></net>

<net id="371"><net_src comp="367" pin="1"/><net_sink comp="105" pin=2"/></net>

<net id="375"><net_src comp="92" pin="3"/><net_sink comp="372" pin=0"/></net>

<net id="376"><net_src comp="372" pin="1"/><net_sink comp="99" pin=0"/></net>

<net id="380"><net_src comp="99" pin="3"/><net_sink comp="377" pin=0"/></net>

<net id="381"><net_src comp="377" pin="1"/><net_sink comp="118" pin=1"/></net>

</net_list>

</model> 
---------------- Datapath Model END ------------------

* FSMD analyzer results:
  - Output states:
	Port: x_assign | {20 }
 - Input state : 
	Port: cnn_top_Pipeline_VITIS_LOOP_2835_1_VITIS_LOOP_2838_2 : vla166_i | {1 2 }
	Port: cnn_top_Pipeline_VITIS_LOOP_2835_1_VITIS_LOOP_2838_2 : weight2 | {4 5 }
	Port: cnn_top_Pipeline_VITIS_LOOP_2835_1_VITIS_LOOP_2838_2 : bias2 | {13 14 }
  - Chain level:
	State 1
		store_ln0 : 1
		store_ln0 : 1
		store_ln0 : 1
		store_ln0 : 1
		indvar_flatten_load : 1
		icmp_ln2835 : 2
		add_ln2835 : 2
		br_ln2835 : 3
		j_load : 1
		i_4_load : 1
		i : 2
		icmp_ln2838 : 2
		select_ln2835 : 3
		select_ln2835_2 : 3
		zext_ln2835_1 : 4
		mul_ln2835 : 5
		j_cast2 : 4
		vla166_i_addr : 5
		vla166_i_load : 6
	State 2
	State 3
		add_ln2840 : 1
	State 4
		zext_ln2840 : 1
		weight2_addr : 2
		weight2_load : 3
	State 5
	State 6
		ifzero : 1
		br_ln2838 : 2
		store_ln2838 : 1
	State 7
	State 8
	State 9
		select_ln2835_1 : 1
	State 10
	State 11
	State 12
	State 13
		bias2_addr : 1
		bias2_load : 2
	State 14
	State 15
	State 16
	State 17
	State 18
	State 19
	State 20
		store_ln2842 : 1


============================================================
+ Verbose Summary: Datapath Resource usage 
============================================================

* Functional unit list:
|----------|------------------------|---------|---------|---------|
| Operation|     Functional Unit    |   DSP   |    FF   |   LUT   |
|----------|------------------------|---------|---------|---------|
|   fadd   |       grp_fu_118       |    2    |   205   |   390   |
|----------|------------------------|---------|---------|---------|
|   fmul   |       grp_fu_122       |    3    |   143   |   321   |
|----------|------------------------|---------|---------|---------|
|          |  select_ln2835_fu_185  |    0    |    0    |    9    |
|  select  | select_ln2835_2_fu_193 |    0    |    0    |    6    |
|          | select_ln2835_1_fu_244 |    0    |    0    |    32   |
|----------|------------------------|---------|---------|---------|
|          |    add_ln2835_fu_161   |    0    |    0    |    17   |
|    add   |        i_fu_173        |    0    |    0    |    14   |
|          |       j_1_fu_217       |    0    |    0    |    14   |
|----------|------------------------|---------|---------|---------|
|          |   icmp_ln2835_fu_155   |    0    |    0    |    12   |
|   icmp   |   icmp_ln2838_fu_179   |    0    |    0    |    11   |
|          |      ifzero_fu_222     |    0    |    0    |    11   |
|----------|------------------------|---------|---------|---------|
|  muladd  |       grp_fu_260       |    1    |    0    |    0    |
|----------|------------------------|---------|---------|---------|
|          |  zext_ln2835_1_fu_201  |    0    |    0    |    0    |
|          |     j_cast2_fu_205     |    0    |    0    |    0    |
|   zext   |      j_cast_fu_210     |    0    |    0    |    0    |
|          |   zext_ln2840_fu_213   |    0    |    0    |    0    |
|          |   zext_ln2835_fu_251   |    0    |    0    |    0    |
|----------|------------------------|---------|---------|---------|
|   Total  |                        |    6    |   348   |   837   |
|----------|------------------------|---------|---------|---------|

Memories:
N/A

* Register list:
+-----------------------+--------+
|                       |   FF   |
+-----------------------+--------+
|   add_ln2835_reg_301  |   14   |
|   bias2_addr_reg_372  |    5   |
|   bias2_load_reg_377  |   32   |
|      i_4_reg_283      |    6   |
|  icmp_ln2835_reg_297  |    1   |
|  icmp_ln2838_reg_306  |    1   |
|     ifzero_reg_353    |    1   |
| indvar_flatten_reg_290|   14   |
|     j_cast_reg_338    |   14   |
|       j_reg_276       |    9   |
|     mul6_i_reg_362    |   32   |
|        reg_126        |   32   |
|select_ln2835_1_reg_357|   32   |
|select_ln2835_2_reg_317|    6   |
| select_ln2835_reg_311 |    9   |
|      sum_reg_269      |   32   |
| vla166_i_addr_reg_328 |    9   |
| vla166_i_load_reg_333 |   32   |
|  weight2_addr_reg_343 |   14   |
|  weight2_load_reg_348 |   32   |
| zext_ln2835_1_reg_323 |   14   |
|  zext_ln2835_reg_367  |   64   |
+-----------------------+--------+
|         Total         |   405  |
+-----------------------+--------+

* Multiplexer (MUX) list: 
|------------------|------|------|------|--------||---------||---------|
|       Comp       |  Pin | Size |  BW  | S x BW ||  Delay  ||   LUT   |
|------------------|------|------|------|--------||---------||---------|
| grp_access_fu_73 |  p0  |   2  |   9  |   18   ||    9    |
| grp_access_fu_86 |  p0  |   2  |  14  |   28   ||    9    |
| grp_access_fu_99 |  p0  |   2  |   5  |   10   ||    9    |
|    grp_fu_118    |  p0  |   2  |  32  |   64   ||    9    |
|    grp_fu_118    |  p1  |   2  |  32  |   64   ||    9    |
|    grp_fu_260    |  p0  |   3  |   6  |   18   ||    14   |
|------------------|------|------|------|--------||---------||---------|
|       Total      |      |      |      |   202  ||  9.6473 ||    59   |
|------------------|------|------|------|--------||---------||---------|



* Summary:
+-----------+--------+--------+--------+--------+
|           |   DSP  |  Delay |   FF   |   LUT  |
+-----------+--------+--------+--------+--------+
|  Function |    6   |    -   |   348  |   837  |
|   Memory  |    -   |    -   |    -   |    -   |
|Multiplexer|    -   |    9   |    -   |   59   |
|  Register |    -   |    -   |   405  |    -   |
+-----------+--------+--------+--------+--------+
|   Total   |    6   |    9   |   753  |   896  |
+-----------+--------+--------+--------+--------+
