/home/reon/work/xilinx/conv2d_ip/solution2/directives.tcl:10:9: warning: HLS pragma dump _XLX_SEP_ PragmaIsValid=1_XLX_SEP_ PragmaType=interface_XLX_SEP_ PragmaContext=directive_XLX_SEP_ PragmaFunction=conv2d_XLX_SEP_ PragmaOptions=s_axilite port=width_XLX_SEP_ [-Wdump-hls-pragmas]
#pragma HLSDIRECTIVE INTERFACE s_axilite port=width
        ^
/home/reon/work/xilinx/conv2d_ip/solution2/directives.tcl:11:9: warning: HLS pragma dump _XLX_SEP_ PragmaIsValid=1_XLX_SEP_ PragmaType=interface_XLX_SEP_ PragmaContext=directive_XLX_SEP_ PragmaFunction=conv2d_XLX_SEP_ PragmaOptions=s_axilite port=height_XLX_SEP_ [-Wdump-hls-pragmas]
#pragma HLSDIRECTIVE INTERFACE s_axilite port=height
        ^
/home/reon/work/xilinx/conv2d_ip/solution2/directives.tcl:12:9: warning: HLS pragma dump _XLX_SEP_ PragmaIsValid=1_XLX_SEP_ PragmaType=interface_XLX_SEP_ PragmaContext=directive_XLX_SEP_ PragmaFunction=conv2d_XLX_SEP_ PragmaOptions=s_axilite port=x_XLX_SEP_ [-Wdump-hls-pragmas]
#pragma HLSDIRECTIVE INTERFACE s_axilite port=x
        ^
/home/reon/work/xilinx/conv2d_ip/solution2/directives.tcl:13:9: warning: HLS pragma dump _XLX_SEP_ PragmaIsValid=1_XLX_SEP_ PragmaType=interface_XLX_SEP_ PragmaContext=directive_XLX_SEP_ PragmaFunction=conv2d_XLX_SEP_ PragmaOptions=s_axilite port=weight_XLX_SEP_ [-Wdump-hls-pragmas]
#pragma HLSDIRECTIVE INTERFACE s_axilite port=weight
        ^
/home/reon/work/xilinx/conv2d_ip/solution2/directives.tcl:14:9: warning: HLS pragma dump _XLX_SEP_ PragmaIsValid=1_XLX_SEP_ PragmaType=interface_XLX_SEP_ PragmaContext=directive_XLX_SEP_ PragmaFunction=conv2d_XLX_SEP_ PragmaOptions=s_axilite port=out_channels_XLX_SEP_ [-Wdump-hls-pragmas]
#pragma HLSDIRECTIVE INTERFACE s_axilite port=out_channels
        ^
/home/reon/work/xilinx/conv2d_ip/solution2/csynth.tcl:15:9: warning: HLS pragma dump _XLX_SEP_ PragmaIsValid=1_XLX_SEP_ PragmaType=top_XLX_SEP_ PragmaContext=directive_XLX_SEP_ PragmaFunction=conv2d_XLX_SEP_ PragmaOptions=name=conv2d_XLX_SEP_ [-Wdump-hls-pragmas]
#pragma HLSDIRECTIVE TOP name=conv2d
        ^
/home/reon/work/xilinx/conv2d_ip/solution2/directives.tcl:15:9: warning: HLS pragma dump _XLX_SEP_ PragmaIsValid=1_XLX_SEP_ PragmaType=interface_XLX_SEP_ PragmaContext=directive_XLX_SEP_ PragmaFunction=conv2d_XLX_SEP_ PragmaOptions=s_axilite port=bias_XLX_SEP_ [-Wdump-hls-pragmas]
#pragma HLSDIRECTIVE INTERFACE s_axilite port=bias
        ^
/home/reon/work/xilinx/conv2d_ip/solution2/directives.tcl:16:9: warning: HLS pragma dump _XLX_SEP_ PragmaIsValid=1_XLX_SEP_ PragmaType=interface_XLX_SEP_ PragmaContext=directive_XLX_SEP_ PragmaFunction=conv2d_XLX_SEP_ PragmaOptions=s_axilite port=in_channels_XLX_SEP_ [-Wdump-hls-pragmas]
#pragma HLSDIRECTIVE INTERFACE s_axilite port=in_channels
        ^
/home/reon/work/xilinx/conv2d_ip/solution2/directives.tcl:6:9: warning: HLS pragma dump _XLX_SEP_ PragmaIsValid=1_XLX_SEP_ PragmaType=top_XLX_SEP_ PragmaContext=directive_XLX_SEP_ PragmaFunction=conv2d_XLX_SEP_ PragmaOptions=name=conv2d_XLX_SEP_ [-Wdump-hls-pragmas]
#pragma HLSDIRECTIVE TOP name=conv2d
        ^
/home/reon/work/xilinx/conv2d_ip/solution2/directives.tcl:7:9: warning: HLS pragma dump _XLX_SEP_ PragmaIsValid=1_XLX_SEP_ PragmaType=interface_XLX_SEP_ PragmaContext=directive_XLX_SEP_ PragmaFunction=conv2d_XLX_SEP_ PragmaOptions=s_axilite port=return_XLX_SEP_ [-Wdump-hls-pragmas]
#pragma HLSDIRECTIVE INTERFACE s_axilite port=return
        ^
/home/reon/work/xilinx/conv2d_ip/solution2/directives.tcl:8:9: warning: HLS pragma dump _XLX_SEP_ PragmaIsValid=1_XLX_SEP_ PragmaType=interface_XLX_SEP_ PragmaContext=directive_XLX_SEP_ PragmaFunction=conv2d_XLX_SEP_ PragmaOptions=s_axilite port=ksize_XLX_SEP_ [-Wdump-hls-pragmas]
#pragma HLSDIRECTIVE INTERFACE s_axilite port=ksize
        ^
/home/reon/work/xilinx/conv2d_ip/solution2/directives.tcl:9:9: warning: HLS pragma dump _XLX_SEP_ PragmaIsValid=1_XLX_SEP_ PragmaType=interface_XLX_SEP_ PragmaContext=directive_XLX_SEP_ PragmaFunction=conv2d_XLX_SEP_ PragmaOptions=s_axilite port=y_XLX_SEP_ [-Wdump-hls-pragmas]
#pragma HLSDIRECTIVE INTERFACE s_axilite port=y
        ^
12 warnings generated.
