

================================================================
== Vitis HLS Report for 'conv2d'
================================================================
* Date:           Sun Dec 18 21:49:22 2022

* Version:        2022.2 (Build 3670227 on Oct 13 2022)
* Project:        conv2d_ip
* Solution:       solution2 (Vivado IP Flow Target)
* Product family: zynq
* Target device:  xc7z020-clg400-1


================================================================
== Performance Estimates
================================================================
+ Timing: 
    * Summary: 
    +--------+----------+----------+------------+
    |  Clock |  Target  | Estimated| Uncertainty|
    +--------+----------+----------+------------+
    |ap_clk  |  10.00 ns|  7.256 ns|     2.70 ns|
    +--------+----------+----------+------------+

+ Latency: 
    * Summary: 
    +---------+---------+----------+----------+-----+-----+---------+
    |  Latency (cycles) |  Latency (absolute) |  Interval | Pipeline|
    |   min   |   max   |    min   |    max   | min | max |   Type  |
    +---------+---------+----------+----------+-----+-----+---------+
    |        ?|        ?|         ?|         ?|    ?|    ?|       no|
    +---------+---------+----------+----------+-----+-----+---------+

    + Detail: 
        * Instance: 
        +----------------------------------------------+-----------------------------------+---------+---------+----------+----------+-----+-----+---------+
        |                                              |                                   |  Latency (cycles) |  Latency (absolute) |  Interval | Pipeline|
        |                   Instance                   |               Module              |   min   |   max   |    min   |    max   | min | max |   Type  |
        +----------------------------------------------+-----------------------------------+---------+---------+----------+----------+-----+-----+---------+
        |grp_conv2d_Pipeline_in_channels_kh_kw_fu_169  |conv2d_Pipeline_in_channels_kh_kw  |        ?|        ?|         ?|         ?|    ?|    ?|       no|
        +----------------------------------------------+-----------------------------------+---------+---------+----------+----------+-----+-----+---------+

        * Loop: 
        +-----------------------------+---------+---------+----------+-----------+-----------+------+----------+
        |                             |  Latency (cycles) | Iteration|  Initiation Interval  | Trip |          |
        |          Loop Name          |   min   |   max   |  Latency |  achieved |   target  | Count| Pipelined|
        +-----------------------------+---------+---------+----------+-----------+-----------+------+----------+
        |- out_channels_height_width  |        ?|        ?|         ?|          -|          -|     ?|        no|
        +-----------------------------+---------+---------+----------+-----------+-----------+------+----------+



================================================================
== Utilization Estimates
================================================================
* Summary: 
+-----------------+---------+-----+--------+-------+-----+
|       Name      | BRAM_18K| DSP |   FF   |  LUT  | URAM|
+-----------------+---------+-----+--------+-------+-----+
|DSP              |        -|    -|       -|      -|    -|
|Expression       |        -|    -|       0|    772|    -|
|FIFO             |        -|    -|       -|      -|    -|
|Instance         |        0|   23|    2694|   2994|    -|
|Memory           |        -|    -|       -|      -|    -|
|Multiplexer      |        -|    -|       -|    160|    -|
|Register         |        -|    -|    1141|      -|    -|
+-----------------+---------+-----+--------+-------+-----+
|Total            |        0|   23|    3835|   3926|    0|
+-----------------+---------+-----+--------+-------+-----+
|Available        |      280|  220|  106400|  53200|    0|
+-----------------+---------+-----+--------+-------+-----+
|Utilization (%)  |        0|   10|       3|      7|    0|
+-----------------+---------+-----+--------+-------+-----+

+ Detail: 
    * Instance: 
    +----------------------------------------------+-----------------------------------+---------+----+-----+------+-----+
    |                   Instance                   |               Module              | BRAM_18K| DSP|  FF |  LUT | URAM|
    +----------------------------------------------+-----------------------------------+---------+----+-----+------+-----+
    |control_s_axi_U                               |control_s_axi                      |        0|   0|  378|   616|    0|
    |grp_conv2d_Pipeline_in_channels_kh_kw_fu_169  |conv2d_Pipeline_in_channels_kh_kw  |        0|   0|  756|  1055|    0|
    |fadd_32ns_32ns_32_5_full_dsp_1_U15            |fadd_32ns_32ns_32_5_full_dsp_1     |        0|   2|  205|   390|    0|
    |fmul_32ns_32ns_32_4_max_dsp_1_U16             |fmul_32ns_32ns_32_4_max_dsp_1      |        0|   3|  143|   321|    0|
    |mul_32ns_32ns_64_2_1_U17                      |mul_32ns_32ns_64_2_1               |        0|   3|  165|    50|    0|
    |mul_32ns_32ns_64_2_1_U18                      |mul_32ns_32ns_64_2_1               |        0|   3|  165|    50|    0|
    |mul_32ns_64ns_96_5_1_U19                      |mul_32ns_64ns_96_5_1               |        0|   6|  441|   256|    0|
    |mul_32ns_64ns_96_5_1_U20                      |mul_32ns_64ns_96_5_1               |        0|   6|  441|   256|    0|
    +----------------------------------------------+-----------------------------------+---------+----+-----+------+-----+
    |Total                                         |                                   |        0|  23| 2694|  2994|    0|
    +----------------------------------------------+-----------------------------------+---------+----+-----+------+-----+

    * DSP: 
    N/A

    * Memory: 
    N/A

    * FIFO: 
    N/A

    * Expression: 
    +-------------------------+----------+----+---+-----+------------+------------+
    |      Variable Name      | Operation| DSP| FF| LUT | Bitwidth P0| Bitwidth P1|
    +-------------------------+----------+----+---+-----+------------+------------+
    |add_ln23_fu_362_p2       |         +|   0|  0|  103|          96|           1|
    |add_ln25_1_fu_424_p2     |         +|   0|  0|   71|          64|           1|
    |add_ln25_fu_402_p2       |         +|   0|  0|   38|          31|           1|
    |add_ln27_fu_488_p2       |         +|   0|  0|   38|          31|           1|
    |p_neg_fu_287_p2          |         -|   0|  0|   39|           1|          32|
    |p_neg_t_fu_306_p2        |         -|   0|  0|   39|           1|          32|
    |sub_ln25_fu_451_p2       |         -|   0|  0|   40|          33|          33|
    |sub_ln38_fu_465_p2       |         -|   0|  0|   40|          33|          33|
    |icmp_ln23_fu_357_p2      |      icmp|   0|  0|   39|          96|          96|
    |icmp_ln25_fu_374_p2      |      icmp|   0|  0|   29|          64|          64|
    |icmp_ln27_1_fu_332_p2    |      icmp|   0|  0|   18|          32|           1|
    |icmp_ln27_fu_352_p2      |      icmp|   0|  0|   18|          32|          32|
    |icmp_ln35_fu_337_p2      |      icmp|   0|  0|   18|          32|           1|
    |slt_fu_476_p2            |      icmp|   0|  0|   18|          33|          33|
    |div_fu_315_p3            |    select|   0|  0|   32|           1|          32|
    |select_ln23_1_fu_387_p3  |    select|   0|  0|   31|           1|           1|
    |select_ln23_2_fu_395_p3  |    select|   0|  0|    2|           1|           1|
    |select_ln23_fu_379_p3    |    select|   0|  0|   31|           1|           1|
    |select_ln25_1_fu_416_p3  |    select|   0|  0|   31|           1|          31|
    |select_ln25_2_fu_430_p3  |    select|   0|  0|   64|           1|           1|
    |select_ln25_fu_408_p3    |    select|   0|  0|   31|           1|          31|
    |rev94_fu_481_p2          |       xor|   0|  0|    2|           1|           2|
    +-------------------------+----------+----+---+-----+------------+------------+
    |Total                    |          |   0|  0|  772|         587|         461|
    +-------------------------+----------+----+---+-----+------------+------------+

    * Multiplexer: 
    +-------------------------+----+-----------+-----+-----------+
    |           Name          | LUT| Input Size| Bits| Total Bits|
    +-------------------------+----+-----------+-----+-----------+
    |ap_NS_fsm                |  87|         18|    1|         18|
    |grp_fu_186_ce            |   9|          2|    1|          2|
    |grp_fu_186_p0            |  14|          3|   32|         96|
    |grp_fu_186_p1            |  14|          3|   32|         96|
    |h_fu_98                  |   9|          2|   31|         62|
    |indvar_flatten42_fu_102  |   9|          2|   64|        128|
    |indvar_flatten67_fu_106  |   9|          2|   96|        192|
    |w_fu_94                  |   9|          2|   31|         62|
    +-------------------------+----+-----------+-----+-----------+
    |Total                    | 160|         34|  288|        656|
    +-------------------------+----+-----------+-----+-----------+

    * Register: 
    +-----------------------------------------------------------+----+----+-----+-----------+
    |                            Name                           | FF | LUT| Bits| Const Bits|
    +-----------------------------------------------------------+----+----+-----+-----------+
    |ap_CS_fsm                                                  |  17|   0|   17|          0|
    |bias_read_reg_587                                          |  32|   0|   32|          0|
    |empty_reg_666                                              |  32|   0|   32|          0|
    |grp_conv2d_Pipeline_in_channels_kh_kw_fu_169_ap_start_reg  |   1|   0|    1|          0|
    |h_fu_98                                                    |  31|   0|   31|          0|
    |height_cast_reg_661                                        |  33|   0|   33|          0|
    |height_read_reg_556                                        |  32|   0|   32|          0|
    |icmp_ln27_1_reg_681                                        |   1|   0|    1|          0|
    |icmp_ln35_reg_686                                          |   1|   0|    1|          0|
    |in_channels_read_reg_551                                   |  32|   0|   32|          0|
    |indvar_flatten42_fu_102                                    |  64|   0|   64|          0|
    |indvar_flatten67_fu_106                                    |  96|   0|   96|          0|
    |ksize_read_reg_538                                         |  32|   0|   32|          0|
    |mul_ln20_1_reg_671                                         |  96|   0|   96|          0|
    |mul_ln20_2_reg_624                                         |  64|   0|   64|          0|
    |mul_ln20_3_reg_676                                         |  96|   0|   96|          0|
    |mul_ln20_reg_618                                           |  64|   0|   64|          0|
    |mul_reg_630                                                |  32|   0|   32|          0|
    |out_channels_read_reg_546                                  |  32|   0|   32|          0|
    |p_lshr_f_reg_582                                           |  31|   0|   31|          0|
    |rev94_reg_726                                              |   1|   0|    1|          0|
    |select_ln25_1_reg_700                                      |  31|   0|   31|          0|
    |select_ln25_reg_694                                        |  31|   0|   31|          0|
    |sext_ln23_reg_655                                          |  33|   0|   33|          0|
    |sub_ln25_reg_706                                           |  33|   0|   33|          0|
    |sub_ln38_reg_716                                           |  33|   0|   33|          0|
    |sum_1_reg_734                                              |  32|   0|   32|          0|
    |tmp_reg_577                                                |   1|   0|    1|          0|
    |trunc_ln25_reg_711                                         |  32|   0|   32|          0|
    |trunc_ln38_reg_721                                         |  32|   0|   32|          0|
    |w_fu_94                                                    |  31|   0|   31|          0|
    |width_read_reg_563                                         |  32|   0|   32|          0|
    +-----------------------------------------------------------+----+----+-----+-----------+
    |Total                                                      |1141|   0| 1141|          0|
    +-----------------------------------------------------------+----+----+-----+-----------+



================================================================
== Interface
================================================================
* Summary: 
+-----------------------+-----+-----+------------+--------------+--------------+
|       RTL Ports       | Dir | Bits|  Protocol  | Source Object|    C Type    |
+-----------------------+-----+-----+------------+--------------+--------------+
|s_axi_control_AWVALID  |   in|    1|       s_axi|       control|       pointer|
|s_axi_control_AWREADY  |  out|    1|       s_axi|       control|       pointer|
|s_axi_control_AWADDR   |   in|    7|       s_axi|       control|       pointer|
|s_axi_control_WVALID   |   in|    1|       s_axi|       control|       pointer|
|s_axi_control_WREADY   |  out|    1|       s_axi|       control|       pointer|
|s_axi_control_WDATA    |   in|   32|       s_axi|       control|       pointer|
|s_axi_control_WSTRB    |   in|    4|       s_axi|       control|       pointer|
|s_axi_control_ARVALID  |   in|    1|       s_axi|       control|       pointer|
|s_axi_control_ARREADY  |  out|    1|       s_axi|       control|       pointer|
|s_axi_control_ARADDR   |   in|    7|       s_axi|       control|       pointer|
|s_axi_control_RVALID   |  out|    1|       s_axi|       control|       pointer|
|s_axi_control_RREADY   |   in|    1|       s_axi|       control|       pointer|
|s_axi_control_RDATA    |  out|   32|       s_axi|       control|       pointer|
|s_axi_control_RRESP    |  out|    2|       s_axi|       control|       pointer|
|s_axi_control_BVALID   |  out|    1|       s_axi|       control|       pointer|
|s_axi_control_BREADY   |   in|    1|       s_axi|       control|       pointer|
|s_axi_control_BRESP    |  out|    2|       s_axi|       control|       pointer|
|ap_clk                 |   in|    1|  ap_ctrl_hs|        conv2d|  return value|
|ap_rst_n               |   in|    1|  ap_ctrl_hs|        conv2d|  return value|
|interrupt              |  out|    1|  ap_ctrl_hs|        conv2d|  return value|
+-----------------------+-----+-----+------------+--------------+--------------+

